--------------- Build Started: 10/23/2019 10:13:04 Project: Lab5, Configuration: ARM GCC 5.4-2016-q2-update Debug ---------------
cydsfit.exe -.appdatapath "C:\Users\ADMIN\AppData\Local\Cypress Semiconductor\PSoC Creator\4.2" -.fdsnotice -.fdswarpdepfile=warp_dependencies.txt -.fdselabdepfile=elab_dependencies.txt -.fdsbldfile=generated_files.txt -.fdsreffile=referenced_files.txt -p D:\Programming\PSoC\Lab\Lab5.cydsn\Lab5.cyprj -d CY8C4247AZI-M485 -s D:\Programming\PSoC\Lab\Lab5.cydsn\Generated_Source\PSoC4 -- -yv2 -q10 -ygs -o2 -v3 -.fftcfgtype=LE
Elaborating Design...
HDL Generation...
Synthesis...
Tech Mapping...
Analog Placement...
Analog Routing...
Analog Code Generation...
Digital Placement...
Digital Routing...
Bitstream Generation...
Bitstream Verification...
Static timing analysis...
API Generation...
Dependency Generation...
Cleanup...
arm-none-eabi-gcc.exe -mcpu=cortex-m0 -mthumb -I. -IGenerated_Source\PSoC4 -Wa,-alh=.\CortexM0\ARM_GCC_541\Debug/algorithm.lst -g -D DEBUG -D CY_CORE_ID=0 -Wall -ffunction-sections -ffat-lto-objects -Og -c algorithm.c -o .\CortexM0\ARM_GCC_541\Debug\algorithm.o
arm-none-eabi-gcc.exe -mcpu=cortex-m0 -mthumb -I. -IGenerated_Source\PSoC4 -Wa,-alh=.\CortexM0\ARM_GCC_541\Debug/main.lst -g -D DEBUG -D CY_CORE_ID=0 -Wall -ffunction-sections -ffat-lto-objects -Og -c main.c -o .\CortexM0\ARM_GCC_541\Debug\main.o
arm-none-eabi-ar.exe -rs .\CortexM0\ARM_GCC_541\Debug\Lab5.a .\CortexM0\ARM_GCC_541\Debug\Pin_1.o .\CortexM0\ARM_GCC_541\Debug\Pin_1_PM.o .\CortexM0\ARM_GCC_541\Debug\Pin_2.o .\CortexM0\ARM_GCC_541\Debug\Pin_2_PM.o .\CortexM0\ARM_GCC_541\Debug\cy_em_eeprom.o .\CortexM0\ARM_GCC_541\Debug\CyFlash.o .\CortexM0\ARM_GCC_541\Debug\CyLib.o .\CortexM0\ARM_GCC_541\Debug\cyPm.o .\CortexM0\ARM_GCC_541\Debug\cyutils.o .\CortexM0\ARM_GCC_541\Debug\CyDMA.o .\CortexM0\ARM_GCC_541\Debug\CyLFClk.o .\CortexM0\ARM_GCC_541\Debug\SW_4.o .\CortexM0\ARM_GCC_541\Debug\SW_4_PM.o .\CortexM0\ARM_GCC_541\Debug\SW_3.o .\CortexM0\ARM_GCC_541\Debug\SW_3_PM.o .\CortexM0\ARM_GCC_541\Debug\SW_1.o .\CortexM0\ARM_GCC_541\Debug\SW_1_PM.o .\CortexM0\ARM_GCC_541\Debug\SW_2.o .\CortexM0\ARM_GCC_541\Debug\SW_2_PM.o .\CortexM0\ARM_GCC_541\Debug\Clock_1.o .\CortexM0\ARM_GCC_541\Debug\Timer.o .\CortexM0\ARM_GCC_541\Debug\Timer_PM.o .\CortexM0\ARM_GCC_541\Debug\Timer_Int.o .\CortexM0\ARM_GCC_541\Debug\LCD.o .\CortexM0\ARM_GCC_541\Debug\LCD_PM.o .\CortexM0\ARM_GCC_541\Debug\LCD_LCDPort.o .\CortexM0\ARM_GCC_541\Debug\LCD_LCDPort_PM.o .\CortexM0\ARM_GCC_541\Debug\QuadDec.o .\CortexM0\ARM_GCC_541\Debug\QuadDec_PM.o .\CortexM0\ARM_GCC_541\Debug\phiA.o .\CortexM0\ARM_GCC_541\Debug\phiA_PM.o .\CortexM0\ARM_GCC_541\Debug\phiB.o .\CortexM0\ARM_GCC_541\Debug\phiB_PM.o .\CortexM0\ARM_GCC_541\Debug\Clock_2.o .\CortexM0\ARM_GCC_541\Debug\QuadDec_Int.o .\CortexM0\ARM_GCC_541\Debug\SW_Int_1.o .\CortexM0\ARM_GCC_541\Debug\SW_Int_2.o .\CortexM0\ARM_GCC_541\Debug\SW_Int_3.o .\CortexM0\ARM_GCC_541\Debug\SW_Int_4.o .\CortexM0\ARM_GCC_541\Debug\Clock_3.o .\CortexM0\ARM_GCC_541\Debug\Clock_4.o .\CortexM0\ARM_GCC_541\Debug\Clock_5.o .\CortexM0\ARM_GCC_541\Debug\Clock_6.o .\CortexM0\ARM_GCC_541\Debug\Pin_3.o .\CortexM0\ARM_GCC_541\Debug\Pin_3_PM.o .\CortexM0\ARM_GCC_541\Debug\Pin_4.o .\CortexM0\ARM_GCC_541\Debug\Pin_4_PM.o .\CortexM0\ARM_GCC_541\Debug\PWM.o .\CortexM0\ARM_GCC_541\Debug\PWM_PM.o .\CortexM0\ARM_GCC_541\Debug\Clock_7.o .\CortexM0\ARM_GCC_541\Debug\Rotor.o .\CortexM0\ARM_GCC_541\Debug\Rotor_PM.o .\CortexM0\ARM_GCC_541\Debug\CyBootAsmGnu.o
arm-none-eabi-ar.exe: creating .\CortexM0\ARM_GCC_541\Debug\Lab5.a
arm-none-eabi-gcc.exe -Wl,--start-group -o D:\Programming\PSoC\Lab\Lab5.cydsn\CortexM0\ARM_GCC_541\Debug\Lab5.elf .\CortexM0\ARM_GCC_541\Debug\lcd_status_rotor.o .\CortexM0\ARM_GCC_541\Debug\algorithm.o .\CortexM0\ARM_GCC_541\Debug\protocol.o .\CortexM0\ARM_GCC_541\Debug\stage_rotor.o .\CortexM0\ARM_GCC_541\Debug\main.o .\CortexM0\ARM_GCC_541\Debug\cyfitter_cfg.o .\CortexM0\ARM_GCC_541\Debug\cymetadata.o .\CortexM0\ARM_GCC_541\Debug\Cm0Start.o .\CortexM0\ARM_GCC_541\Debug\Lab5.a -mcpu=cortex-m0 -mthumb -L Generated_Source\PSoC4 -Wl,-Map,.\CortexM0\ARM_GCC_541\Debug/Lab5.map -T Generated_Source\PSoC4\cm0gcc.ld -specs=nano.specs -Wl,--gc-sections -g -ffunction-sections -Og -ffat-lto-objects -Wl,--end-group
cyelftool.exe -C D:\Programming\PSoC\Lab\Lab5.cydsn\CortexM0\ARM_GCC_541\Debug\Lab5.elf --flash_row_size 128 --flash_size 131072 --flash_offset 0x00000000
No ELF section .cychecksum found, creating one
Application checksum calculated and stored in ELF section .cychecksum
Checksum calculated and stored in ELF section .cymeta
cyelftool.exe -S D:\Programming\PSoC\Lab\Lab5.cydsn\CortexM0\ARM_GCC_541\Debug\Lab5.elf
Flash used: 7942 of 131072 bytes (6,1%).
SRAM used: 2648 of 16384 bytes (16,2%). Stack: 2048 bytes. Heap: 128 bytes.
--------------- Build Succeeded: 10/23/2019 10:13:19 ---------------
