ARM GAS  C:\Users\ADMIN\AppData\Local\Temp\cc6gBQUf.s 			page 1


   1              		.syntax unified
   2              		.cpu cortex-m0
   3              		.fpu softvfp
   4              		.eabi_attribute 20, 1
   5              		.eabi_attribute 21, 1
   6              		.eabi_attribute 23, 3
   7              		.eabi_attribute 24, 1
   8              		.eabi_attribute 25, 1
   9              		.eabi_attribute 26, 1
  10              		.eabi_attribute 30, 1
  11              		.eabi_attribute 34, 0
  12              		.eabi_attribute 18, 4
  13              		.thumb
  14              		.syntax unified
  15              		.file	"cyfitter_cfg.c"
  16              		.text
  17              	.Ltext0:
  18              		.cfi_sections	.debug_frame
  19              		.section	.text.cfg_write_bytes32,"ax",%progbits
  20              		.align	2
  21              		.code	16
  22              		.thumb_func
  23              		.type	cfg_write_bytes32, %function
  24              	cfg_write_bytes32:
  25              	.LFB4:
  26              		.file 1 "Generated_Source\\PSoC4\\cyfitter_cfg.c"
   1:Generated_Source\PSoC4/cyfitter_cfg.c **** 
   2:Generated_Source\PSoC4/cyfitter_cfg.c **** /*******************************************************************************
   3:Generated_Source\PSoC4/cyfitter_cfg.c **** * File Name: cyfitter_cfg.c
   4:Generated_Source\PSoC4/cyfitter_cfg.c **** * 
   5:Generated_Source\PSoC4/cyfitter_cfg.c **** * PSoC Creator  4.2
   6:Generated_Source\PSoC4/cyfitter_cfg.c **** *
   7:Generated_Source\PSoC4/cyfitter_cfg.c **** * Description:
   8:Generated_Source\PSoC4/cyfitter_cfg.c **** * This file contains device initialization code.
   9:Generated_Source\PSoC4/cyfitter_cfg.c **** * Except for the user defined sections in CyClockStartupError(), this file should not be modified.
  10:Generated_Source\PSoC4/cyfitter_cfg.c **** * This file is automatically generated by PSoC Creator.
  11:Generated_Source\PSoC4/cyfitter_cfg.c **** *
  12:Generated_Source\PSoC4/cyfitter_cfg.c **** ********************************************************************************
  13:Generated_Source\PSoC4/cyfitter_cfg.c **** * Copyright (c) 2007-2018 Cypress Semiconductor.  All rights reserved.
  14:Generated_Source\PSoC4/cyfitter_cfg.c **** * You may use this file only in accordance with the license, terms, conditions, 
  15:Generated_Source\PSoC4/cyfitter_cfg.c **** * disclaimers, and limitations in the end user license agreement accompanying 
  16:Generated_Source\PSoC4/cyfitter_cfg.c **** * the software package with which this file was provided.
  17:Generated_Source\PSoC4/cyfitter_cfg.c **** ********************************************************************************/
  18:Generated_Source\PSoC4/cyfitter_cfg.c **** 
  19:Generated_Source\PSoC4/cyfitter_cfg.c **** #include <string.h>
  20:Generated_Source\PSoC4/cyfitter_cfg.c **** #include "cytypes.h"
  21:Generated_Source\PSoC4/cyfitter_cfg.c **** #include "cydevice_trm.h"
  22:Generated_Source\PSoC4/cyfitter_cfg.c **** #include "cyfitter.h"
  23:Generated_Source\PSoC4/cyfitter_cfg.c **** #include "CyLib.h"
  24:Generated_Source\PSoC4/cyfitter_cfg.c **** #include "CyLFClk.h"
  25:Generated_Source\PSoC4/cyfitter_cfg.c **** #include "cyfitter_cfg.h"
  26:Generated_Source\PSoC4/cyfitter_cfg.c **** #include "cyapicallbacks.h"
  27:Generated_Source\PSoC4/cyfitter_cfg.c **** 
  28:Generated_Source\PSoC4/cyfitter_cfg.c **** 
  29:Generated_Source\PSoC4/cyfitter_cfg.c **** #if defined(__GNUC__) || defined(__ARMCC_VERSION)
  30:Generated_Source\PSoC4/cyfitter_cfg.c ****     #define CYPACKED 
  31:Generated_Source\PSoC4/cyfitter_cfg.c ****     #define CYPACKED_ATTR __attribute__ ((packed))
ARM GAS  C:\Users\ADMIN\AppData\Local\Temp\cc6gBQUf.s 			page 2


  32:Generated_Source\PSoC4/cyfitter_cfg.c ****     #define CYALIGNED __attribute__ ((aligned))
  33:Generated_Source\PSoC4/cyfitter_cfg.c ****     #define CY_CFG_UNUSED __attribute__ ((unused))
  34:Generated_Source\PSoC4/cyfitter_cfg.c ****     #ifndef CY_CFG_SECTION
  35:Generated_Source\PSoC4/cyfitter_cfg.c ****         #define CY_CFG_SECTION __attribute__ ((section(".psocinit")))
  36:Generated_Source\PSoC4/cyfitter_cfg.c ****     #endif
  37:Generated_Source\PSoC4/cyfitter_cfg.c ****     
  38:Generated_Source\PSoC4/cyfitter_cfg.c ****     #if defined(__ARMCC_VERSION)
  39:Generated_Source\PSoC4/cyfitter_cfg.c ****         #define CY_CFG_MEMORY_BARRIER() __memory_changed()
  40:Generated_Source\PSoC4/cyfitter_cfg.c ****     #else
  41:Generated_Source\PSoC4/cyfitter_cfg.c ****         #define CY_CFG_MEMORY_BARRIER() __sync_synchronize()
  42:Generated_Source\PSoC4/cyfitter_cfg.c ****     #endif
  43:Generated_Source\PSoC4/cyfitter_cfg.c ****     
  44:Generated_Source\PSoC4/cyfitter_cfg.c **** #elif defined(__ICCARM__)
  45:Generated_Source\PSoC4/cyfitter_cfg.c ****     #include <intrinsics.h>
  46:Generated_Source\PSoC4/cyfitter_cfg.c **** 
  47:Generated_Source\PSoC4/cyfitter_cfg.c ****     #define CYPACKED __packed
  48:Generated_Source\PSoC4/cyfitter_cfg.c ****     #define CYPACKED_ATTR 
  49:Generated_Source\PSoC4/cyfitter_cfg.c ****     #define CYALIGNED _Pragma("data_alignment=4")
  50:Generated_Source\PSoC4/cyfitter_cfg.c ****     #define CY_CFG_UNUSED _Pragma("diag_suppress=Pe177")
  51:Generated_Source\PSoC4/cyfitter_cfg.c ****     #define CY_CFG_SECTION _Pragma("location=\".psocinit\"")
  52:Generated_Source\PSoC4/cyfitter_cfg.c ****     
  53:Generated_Source\PSoC4/cyfitter_cfg.c ****     #define CY_CFG_MEMORY_BARRIER() __DMB()
  54:Generated_Source\PSoC4/cyfitter_cfg.c ****     
  55:Generated_Source\PSoC4/cyfitter_cfg.c **** #else
  56:Generated_Source\PSoC4/cyfitter_cfg.c ****     #error Unsupported toolchain
  57:Generated_Source\PSoC4/cyfitter_cfg.c **** #endif
  58:Generated_Source\PSoC4/cyfitter_cfg.c **** 
  59:Generated_Source\PSoC4/cyfitter_cfg.c **** #ifndef CYCODE
  60:Generated_Source\PSoC4/cyfitter_cfg.c ****     #define CYCODE
  61:Generated_Source\PSoC4/cyfitter_cfg.c **** #endif
  62:Generated_Source\PSoC4/cyfitter_cfg.c **** #ifndef CYDATA
  63:Generated_Source\PSoC4/cyfitter_cfg.c ****     #define CYDATA
  64:Generated_Source\PSoC4/cyfitter_cfg.c **** #endif
  65:Generated_Source\PSoC4/cyfitter_cfg.c **** #ifndef CYFAR
  66:Generated_Source\PSoC4/cyfitter_cfg.c ****     #define CYFAR
  67:Generated_Source\PSoC4/cyfitter_cfg.c **** #endif
  68:Generated_Source\PSoC4/cyfitter_cfg.c **** #ifndef CYXDATA
  69:Generated_Source\PSoC4/cyfitter_cfg.c ****     #define CYXDATA
  70:Generated_Source\PSoC4/cyfitter_cfg.c **** #endif
  71:Generated_Source\PSoC4/cyfitter_cfg.c **** 
  72:Generated_Source\PSoC4/cyfitter_cfg.c **** 
  73:Generated_Source\PSoC4/cyfitter_cfg.c **** CY_CFG_UNUSED
  74:Generated_Source\PSoC4/cyfitter_cfg.c **** static void CYMEMZERO(void *s, size_t n);
  75:Generated_Source\PSoC4/cyfitter_cfg.c **** CY_CFG_UNUSED
  76:Generated_Source\PSoC4/cyfitter_cfg.c **** static void CYMEMZERO(void *s, size_t n)
  77:Generated_Source\PSoC4/cyfitter_cfg.c **** {
  78:Generated_Source\PSoC4/cyfitter_cfg.c **** 	(void)memset(s, 0, n);
  79:Generated_Source\PSoC4/cyfitter_cfg.c **** }
  80:Generated_Source\PSoC4/cyfitter_cfg.c **** CY_CFG_UNUSED
  81:Generated_Source\PSoC4/cyfitter_cfg.c **** static void CYCONFIGCPY(void *dest, const void *src, size_t n);
  82:Generated_Source\PSoC4/cyfitter_cfg.c **** CY_CFG_UNUSED
  83:Generated_Source\PSoC4/cyfitter_cfg.c **** static void CYCONFIGCPY(void *dest, const void *src, size_t n)
  84:Generated_Source\PSoC4/cyfitter_cfg.c **** {
  85:Generated_Source\PSoC4/cyfitter_cfg.c **** 	(void)memcpy(dest, src, n);
  86:Generated_Source\PSoC4/cyfitter_cfg.c **** }
  87:Generated_Source\PSoC4/cyfitter_cfg.c **** CY_CFG_UNUSED
  88:Generated_Source\PSoC4/cyfitter_cfg.c **** static void CYCONFIGCPYCODE(void *dest, const void *src, size_t n);
ARM GAS  C:\Users\ADMIN\AppData\Local\Temp\cc6gBQUf.s 			page 3


  89:Generated_Source\PSoC4/cyfitter_cfg.c **** CY_CFG_UNUSED
  90:Generated_Source\PSoC4/cyfitter_cfg.c **** static void CYCONFIGCPYCODE(void *dest, const void *src, size_t n)
  91:Generated_Source\PSoC4/cyfitter_cfg.c **** {
  92:Generated_Source\PSoC4/cyfitter_cfg.c **** 	(void)memcpy(dest, src, n);
  93:Generated_Source\PSoC4/cyfitter_cfg.c **** }
  94:Generated_Source\PSoC4/cyfitter_cfg.c **** 
  95:Generated_Source\PSoC4/cyfitter_cfg.c **** 
  96:Generated_Source\PSoC4/cyfitter_cfg.c **** 
  97:Generated_Source\PSoC4/cyfitter_cfg.c **** 
  98:Generated_Source\PSoC4/cyfitter_cfg.c **** /* Clock startup error codes                                                   */
  99:Generated_Source\PSoC4/cyfitter_cfg.c **** #define CYCLOCKSTART_NO_ERROR    0u
 100:Generated_Source\PSoC4/cyfitter_cfg.c **** #define CYCLOCKSTART_XTAL_ERROR  1u
 101:Generated_Source\PSoC4/cyfitter_cfg.c **** #define CYCLOCKSTART_32KHZ_ERROR 2u
 102:Generated_Source\PSoC4/cyfitter_cfg.c **** #define CYCLOCKSTART_PLL_ERROR   3u
 103:Generated_Source\PSoC4/cyfitter_cfg.c **** #define CYCLOCKSTART_FLL_ERROR   4u
 104:Generated_Source\PSoC4/cyfitter_cfg.c **** #define CYCLOCKSTART_WCO_ERROR   5u
 105:Generated_Source\PSoC4/cyfitter_cfg.c **** 
 106:Generated_Source\PSoC4/cyfitter_cfg.c **** 
 107:Generated_Source\PSoC4/cyfitter_cfg.c **** #ifdef CY_NEED_CYCLOCKSTARTUPERROR
 108:Generated_Source\PSoC4/cyfitter_cfg.c **** /*******************************************************************************
 109:Generated_Source\PSoC4/cyfitter_cfg.c **** * Function Name: CyClockStartupError
 110:Generated_Source\PSoC4/cyfitter_cfg.c **** ********************************************************************************
 111:Generated_Source\PSoC4/cyfitter_cfg.c **** * Summary:
 112:Generated_Source\PSoC4/cyfitter_cfg.c **** *  If an error is encountered during clock configuration (crystal startup error,
 113:Generated_Source\PSoC4/cyfitter_cfg.c **** *  PLL lock error, etc.), the system will end up here.  Unless reimplemented by
 114:Generated_Source\PSoC4/cyfitter_cfg.c **** *  the customer, this function will stop in an infinite loop.
 115:Generated_Source\PSoC4/cyfitter_cfg.c **** *
 116:Generated_Source\PSoC4/cyfitter_cfg.c **** * Parameters:
 117:Generated_Source\PSoC4/cyfitter_cfg.c **** *   void
 118:Generated_Source\PSoC4/cyfitter_cfg.c **** *
 119:Generated_Source\PSoC4/cyfitter_cfg.c **** * Return:
 120:Generated_Source\PSoC4/cyfitter_cfg.c **** *   void
 121:Generated_Source\PSoC4/cyfitter_cfg.c **** *
 122:Generated_Source\PSoC4/cyfitter_cfg.c **** *******************************************************************************/
 123:Generated_Source\PSoC4/cyfitter_cfg.c **** CY_CFG_UNUSED
 124:Generated_Source\PSoC4/cyfitter_cfg.c **** static void CyClockStartupError(uint8 errorCode);
 125:Generated_Source\PSoC4/cyfitter_cfg.c **** CY_CFG_UNUSED
 126:Generated_Source\PSoC4/cyfitter_cfg.c **** static void CyClockStartupError(uint8 errorCode)
 127:Generated_Source\PSoC4/cyfitter_cfg.c **** {
 128:Generated_Source\PSoC4/cyfitter_cfg.c ****     /* To remove the compiler warning if errorCode not used.                */
 129:Generated_Source\PSoC4/cyfitter_cfg.c ****     errorCode = errorCode;
 130:Generated_Source\PSoC4/cyfitter_cfg.c **** 
 131:Generated_Source\PSoC4/cyfitter_cfg.c ****     /* If we have a clock startup error (bad MHz crystal, PLL lock, etc.),  */
 132:Generated_Source\PSoC4/cyfitter_cfg.c ****     /* we will end up here to allow the customer to implement something to  */
 133:Generated_Source\PSoC4/cyfitter_cfg.c ****     /* deal with the clock condition.                                       */
 134:Generated_Source\PSoC4/cyfitter_cfg.c **** 
 135:Generated_Source\PSoC4/cyfitter_cfg.c **** #ifdef CY_CFG_CLOCK_STARTUP_ERROR_CALLBACK
 136:Generated_Source\PSoC4/cyfitter_cfg.c ****     CY_CFG_Clock_Startup_ErrorCallback();
 137:Generated_Source\PSoC4/cyfitter_cfg.c **** #else
 138:Generated_Source\PSoC4/cyfitter_cfg.c ****     /*  If not using CY_CFG_CLOCK_STARTUP_ERROR_CALLBACK, place your clock startup code here. */
 139:Generated_Source\PSoC4/cyfitter_cfg.c ****     /* `#START CyClockStartupError` */
 140:Generated_Source\PSoC4/cyfitter_cfg.c **** 
 141:Generated_Source\PSoC4/cyfitter_cfg.c **** 
 142:Generated_Source\PSoC4/cyfitter_cfg.c **** 
 143:Generated_Source\PSoC4/cyfitter_cfg.c ****     /* `#END` */
 144:Generated_Source\PSoC4/cyfitter_cfg.c **** 
 145:Generated_Source\PSoC4/cyfitter_cfg.c ****     while(1) {}
ARM GAS  C:\Users\ADMIN\AppData\Local\Temp\cc6gBQUf.s 			page 4


 146:Generated_Source\PSoC4/cyfitter_cfg.c **** #endif /* CY_CFG_CLOCK_STARTUP_ERROR_CALLBACK */
 147:Generated_Source\PSoC4/cyfitter_cfg.c **** }
 148:Generated_Source\PSoC4/cyfitter_cfg.c **** #endif
 149:Generated_Source\PSoC4/cyfitter_cfg.c **** 
 150:Generated_Source\PSoC4/cyfitter_cfg.c **** #define CY_CFG_BASE_ADDR_COUNT 5u
 151:Generated_Source\PSoC4/cyfitter_cfg.c **** CYPACKED typedef struct
 152:Generated_Source\PSoC4/cyfitter_cfg.c **** {
 153:Generated_Source\PSoC4/cyfitter_cfg.c **** 	uint8 offset;
 154:Generated_Source\PSoC4/cyfitter_cfg.c **** 	uint8 value;
 155:Generated_Source\PSoC4/cyfitter_cfg.c **** } CYPACKED_ATTR cy_cfg_addrvalue_t;
 156:Generated_Source\PSoC4/cyfitter_cfg.c **** 
 157:Generated_Source\PSoC4/cyfitter_cfg.c **** 
 158:Generated_Source\PSoC4/cyfitter_cfg.c **** 
 159:Generated_Source\PSoC4/cyfitter_cfg.c **** /*******************************************************************************
 160:Generated_Source\PSoC4/cyfitter_cfg.c **** * Function Name: cfg_write_bytes32
 161:Generated_Source\PSoC4/cyfitter_cfg.c **** ********************************************************************************
 162:Generated_Source\PSoC4/cyfitter_cfg.c **** * Summary:
 163:Generated_Source\PSoC4/cyfitter_cfg.c **** *  This function is used for setting up the chip configuration areas that
 164:Generated_Source\PSoC4/cyfitter_cfg.c **** *  contain relatively sparse data.
 165:Generated_Source\PSoC4/cyfitter_cfg.c **** *
 166:Generated_Source\PSoC4/cyfitter_cfg.c **** * Parameters:
 167:Generated_Source\PSoC4/cyfitter_cfg.c **** *   void
 168:Generated_Source\PSoC4/cyfitter_cfg.c **** *
 169:Generated_Source\PSoC4/cyfitter_cfg.c **** * Return:
 170:Generated_Source\PSoC4/cyfitter_cfg.c **** *   void
 171:Generated_Source\PSoC4/cyfitter_cfg.c **** *
 172:Generated_Source\PSoC4/cyfitter_cfg.c **** *******************************************************************************/
 173:Generated_Source\PSoC4/cyfitter_cfg.c **** static void cfg_write_bytes32(const uint32 addr_table[], const cy_cfg_addrvalue_t data_table[]);
 174:Generated_Source\PSoC4/cyfitter_cfg.c **** static void cfg_write_bytes32(const uint32 addr_table[], const cy_cfg_addrvalue_t data_table[])
 175:Generated_Source\PSoC4/cyfitter_cfg.c **** {
  27              		.loc 1 175 0
  28              		.cfi_startproc
  29              		@ args = 0, pretend = 0, frame = 0
  30              		@ frame_needed = 0, uses_anonymous_args = 0
  31              	.LVL0:
  32 0000 F0B5     		push	{r4, r5, r6, r7, lr}
  33              		.cfi_def_cfa_offset 20
  34              		.cfi_offset 4, -20
  35              		.cfi_offset 5, -16
  36              		.cfi_offset 6, -12
  37              		.cfi_offset 7, -8
  38              		.cfi_offset 14, -4
  39              	.LVL1:
 176:Generated_Source\PSoC4/cyfitter_cfg.c **** 	/* For 32-bit little-endian architectures */
 177:Generated_Source\PSoC4/cyfitter_cfg.c **** 	uint32 i, j = 0u;
  40              		.loc 1 177 0
  41 0002 0025     		movs	r5, #0
 178:Generated_Source\PSoC4/cyfitter_cfg.c **** 	for (i = 0u; i < CY_CFG_BASE_ADDR_COUNT; i++)
  42              		.loc 1 178 0
  43 0004 0027     		movs	r7, #0
  44 0006 11E0     		b	.L2
  45              	.LVL2:
  46              	.L5:
  47              	.LBB2:
 179:Generated_Source\PSoC4/cyfitter_cfg.c **** 	{
 180:Generated_Source\PSoC4/cyfitter_cfg.c **** 		uint32 baseAddr = addr_table[i];
  48              		.loc 1 180 0
ARM GAS  C:\Users\ADMIN\AppData\Local\Temp\cc6gBQUf.s 			page 5


  49 0008 BB00     		lsls	r3, r7, #2
  50 000a C658     		ldr	r6, [r0, r3]
  51              	.LVL3:
 181:Generated_Source\PSoC4/cyfitter_cfg.c **** 		uint8 count = (uint8)baseAddr;
  52              		.loc 1 181 0
  53 000c F3B2     		uxtb	r3, r6
  54              	.LVL4:
 182:Generated_Source\PSoC4/cyfitter_cfg.c **** 		baseAddr &= 0xFFFFFF00u;
  55              		.loc 1 182 0
  56 000e FF22     		movs	r2, #255
  57 0010 9643     		bics	r6, r2
  58              	.LVL5:
 183:Generated_Source\PSoC4/cyfitter_cfg.c **** 		while (count != 0u)
  59              		.loc 1 183 0
  60 0012 08E0     		b	.L3
  61              	.L4:
 184:Generated_Source\PSoC4/cyfitter_cfg.c **** 		{
 185:Generated_Source\PSoC4/cyfitter_cfg.c **** 			CY_SET_REG8((void *)(baseAddr + data_table[j].offset), data_table[j].value);
  62              		.loc 1 185 0
  63 0014 6A00     		lsls	r2, r5, #1
  64 0016 8A18     		adds	r2, r1, r2
  65 0018 1478     		ldrb	r4, [r2]
  66 001a A419     		adds	r4, r4, r6
  67 001c 5278     		ldrb	r2, [r2, #1]
  68 001e 2270     		strb	r2, [r4]
 186:Generated_Source\PSoC4/cyfitter_cfg.c **** 			j++;
  69              		.loc 1 186 0
  70 0020 0135     		adds	r5, r5, #1
  71              	.LVL6:
 187:Generated_Source\PSoC4/cyfitter_cfg.c **** 			count--;
  72              		.loc 1 187 0
  73 0022 013B     		subs	r3, r3, #1
  74              	.LVL7:
  75 0024 DBB2     		uxtb	r3, r3
  76              	.LVL8:
  77              	.L3:
 183:Generated_Source\PSoC4/cyfitter_cfg.c **** 		{
  78              		.loc 1 183 0
  79 0026 002B     		cmp	r3, #0
  80 0028 F4D1     		bne	.L4
  81              	.LBE2:
 178:Generated_Source\PSoC4/cyfitter_cfg.c **** 	{
  82              		.loc 1 178 0 discriminator 2
  83 002a 0137     		adds	r7, r7, #1
  84              	.LVL9:
  85              	.L2:
 178:Generated_Source\PSoC4/cyfitter_cfg.c **** 	{
  86              		.loc 1 178 0 is_stmt 0 discriminator 1
  87 002c 042F     		cmp	r7, #4
  88 002e EBD9     		bls	.L5
 188:Generated_Source\PSoC4/cyfitter_cfg.c **** 		}
 189:Generated_Source\PSoC4/cyfitter_cfg.c **** 	}
 190:Generated_Source\PSoC4/cyfitter_cfg.c **** }
  89              		.loc 1 190 0 is_stmt 1
  90              		@ sp needed
  91              	.LVL10:
  92              	.LVL11:
ARM GAS  C:\Users\ADMIN\AppData\Local\Temp\cc6gBQUf.s 			page 6


  93 0030 F0BD     		pop	{r4, r5, r6, r7, pc}
  94              		.cfi_endproc
  95              	.LFE4:
  96              		.size	cfg_write_bytes32, .-cfg_write_bytes32
  97 0032 C046     		.section	.text.AnalogSetDefault,"ax",%progbits
  98              		.align	2
  99              		.code	16
 100              		.thumb_func
 101              		.type	AnalogSetDefault, %function
 102              	AnalogSetDefault:
 103              	.LFB6:
 191:Generated_Source\PSoC4/cyfitter_cfg.c **** 
 192:Generated_Source\PSoC4/cyfitter_cfg.c **** 
 193:Generated_Source\PSoC4/cyfitter_cfg.c **** /*******************************************************************************
 194:Generated_Source\PSoC4/cyfitter_cfg.c **** * Function Name: ClockSetup
 195:Generated_Source\PSoC4/cyfitter_cfg.c **** ********************************************************************************
 196:Generated_Source\PSoC4/cyfitter_cfg.c **** *
 197:Generated_Source\PSoC4/cyfitter_cfg.c **** * Summary:
 198:Generated_Source\PSoC4/cyfitter_cfg.c **** *   Performs the initialization of all of the clocks in the device based on the
 199:Generated_Source\PSoC4/cyfitter_cfg.c **** *   settings in the Clock tab of the DWR.  This includes enabling the requested
 200:Generated_Source\PSoC4/cyfitter_cfg.c **** *   clocks and setting the necessary dividers to produce the desired frequency. 
 201:Generated_Source\PSoC4/cyfitter_cfg.c **** *
 202:Generated_Source\PSoC4/cyfitter_cfg.c **** * Parameters:
 203:Generated_Source\PSoC4/cyfitter_cfg.c **** *   void
 204:Generated_Source\PSoC4/cyfitter_cfg.c **** *
 205:Generated_Source\PSoC4/cyfitter_cfg.c **** * Return:
 206:Generated_Source\PSoC4/cyfitter_cfg.c **** *   void
 207:Generated_Source\PSoC4/cyfitter_cfg.c **** *
 208:Generated_Source\PSoC4/cyfitter_cfg.c **** *******************************************************************************/
 209:Generated_Source\PSoC4/cyfitter_cfg.c **** static void ClockSetup(void);
 210:Generated_Source\PSoC4/cyfitter_cfg.c **** CY_CFG_SECTION
 211:Generated_Source\PSoC4/cyfitter_cfg.c **** static void ClockSetup(void)
 212:Generated_Source\PSoC4/cyfitter_cfg.c **** {
 213:Generated_Source\PSoC4/cyfitter_cfg.c **** 
 214:Generated_Source\PSoC4/cyfitter_cfg.c **** 	/* Set Flash Cycles based on max possible frequency in case a glitch occurs during ClockSetup(). *
 215:Generated_Source\PSoC4/cyfitter_cfg.c **** 	CY_SET_REG32((void CYXDATA *)(CYREG_CPUSS_FLASH_CTL), (0x0012u));
 216:Generated_Source\PSoC4/cyfitter_cfg.c **** 	/* Setup and trim IMO based on desired frequency. */
 217:Generated_Source\PSoC4/cyfitter_cfg.c **** 	CySysClkWriteImoFreq(48u);
 218:Generated_Source\PSoC4/cyfitter_cfg.c **** 	/* CYDEV_CLK_ILO_CONFIG Starting address: CYDEV_CLK_ILO_CONFIG */
 219:Generated_Source\PSoC4/cyfitter_cfg.c **** 	CY_SET_REG32((void *)(CYREG_CLK_ILO_CONFIG), 0x80000006u);
 220:Generated_Source\PSoC4/cyfitter_cfg.c **** 
 221:Generated_Source\PSoC4/cyfitter_cfg.c **** 
 222:Generated_Source\PSoC4/cyfitter_cfg.c **** 	/* Setup phase aligned clocks */
 223:Generated_Source\PSoC4/cyfitter_cfg.c **** 	CY_SET_REG32((void *)CYREG_PERI_DIV_16_CTL1, 0x00000300u);
 224:Generated_Source\PSoC4/cyfitter_cfg.c **** 	CY_SET_REG32((void *)CYREG_PERI_DIV_CMD, 0x8000FF41u);
 225:Generated_Source\PSoC4/cyfitter_cfg.c **** 	CY_SET_REG32((void *)CYREG_PERI_DIV_16_CTL2, 0x00BB7F00u);
 226:Generated_Source\PSoC4/cyfitter_cfg.c **** 	CY_SET_REG32((void *)CYREG_PERI_DIV_CMD, 0x8000FF42u);
 227:Generated_Source\PSoC4/cyfitter_cfg.c **** 	CY_SET_REG32((void *)CYREG_PERI_DIV_16_CTL0, 0x00000300u);
 228:Generated_Source\PSoC4/cyfitter_cfg.c **** 	CY_SET_REG32((void *)CYREG_PERI_DIV_CMD, 0x8000FF40u);
 229:Generated_Source\PSoC4/cyfitter_cfg.c **** 
 230:Generated_Source\PSoC4/cyfitter_cfg.c **** 	/* CYDEV_CLK_IMO_CONFIG Starting address: CYDEV_CLK_IMO_CONFIG */
 231:Generated_Source\PSoC4/cyfitter_cfg.c **** 	CY_SET_REG32((void *)(CYREG_CLK_IMO_CONFIG), 0x80000000u);
 232:Generated_Source\PSoC4/cyfitter_cfg.c **** 
 233:Generated_Source\PSoC4/cyfitter_cfg.c **** 	/* CYDEV_CLK_SELECT Starting address: CYDEV_CLK_SELECT */
 234:Generated_Source\PSoC4/cyfitter_cfg.c **** 	CY_SET_REG32((void *)(CYREG_CLK_SELECT), 0x00040000u);
 235:Generated_Source\PSoC4/cyfitter_cfg.c **** 
 236:Generated_Source\PSoC4/cyfitter_cfg.c **** 	/* CYDEV_PERI_PCLK_CTL19 Starting address: CYDEV_PERI_PCLK_CTL19 */
ARM GAS  C:\Users\ADMIN\AppData\Local\Temp\cc6gBQUf.s 			page 7


 237:Generated_Source\PSoC4/cyfitter_cfg.c **** 	CY_SET_REG32((void *)(CYREG_PERI_PCLK_CTL19), 0x00000041u);
 238:Generated_Source\PSoC4/cyfitter_cfg.c **** 
 239:Generated_Source\PSoC4/cyfitter_cfg.c **** 	/* CYDEV_PERI_PCLK_CTL12 Starting address: CYDEV_PERI_PCLK_CTL12 */
 240:Generated_Source\PSoC4/cyfitter_cfg.c **** 	CY_SET_REG32((void *)(CYREG_PERI_PCLK_CTL12), 0x00000042u);
 241:Generated_Source\PSoC4/cyfitter_cfg.c **** 
 242:Generated_Source\PSoC4/cyfitter_cfg.c **** 	/* CYDEV_PERI_PCLK_CTL11 Starting address: CYDEV_PERI_PCLK_CTL11 */
 243:Generated_Source\PSoC4/cyfitter_cfg.c **** 	CY_SET_REG32((void *)(CYREG_PERI_PCLK_CTL11), 0x00000040u);
 244:Generated_Source\PSoC4/cyfitter_cfg.c **** 
 245:Generated_Source\PSoC4/cyfitter_cfg.c **** 	(void)CyIntSetVector(7u, &CySysWdtIsr);
 246:Generated_Source\PSoC4/cyfitter_cfg.c **** 	CyIntEnable(7u);
 247:Generated_Source\PSoC4/cyfitter_cfg.c **** 	CY_SET_REG32((void *)(CYREG_WDT_CONFIG), 0x00000000u);
 248:Generated_Source\PSoC4/cyfitter_cfg.c **** }
 249:Generated_Source\PSoC4/cyfitter_cfg.c **** 
 250:Generated_Source\PSoC4/cyfitter_cfg.c **** 
 251:Generated_Source\PSoC4/cyfitter_cfg.c **** /* Analog API Functions */
 252:Generated_Source\PSoC4/cyfitter_cfg.c **** 
 253:Generated_Source\PSoC4/cyfitter_cfg.c **** 
 254:Generated_Source\PSoC4/cyfitter_cfg.c **** /*******************************************************************************
 255:Generated_Source\PSoC4/cyfitter_cfg.c **** * Function Name: AnalogSetDefault
 256:Generated_Source\PSoC4/cyfitter_cfg.c **** ********************************************************************************
 257:Generated_Source\PSoC4/cyfitter_cfg.c **** *
 258:Generated_Source\PSoC4/cyfitter_cfg.c **** * Summary:
 259:Generated_Source\PSoC4/cyfitter_cfg.c **** *  Sets up the analog portions of the chip to default values based on chip
 260:Generated_Source\PSoC4/cyfitter_cfg.c **** *  configuration options from the project.
 261:Generated_Source\PSoC4/cyfitter_cfg.c **** *
 262:Generated_Source\PSoC4/cyfitter_cfg.c **** * Parameters:
 263:Generated_Source\PSoC4/cyfitter_cfg.c **** *  void
 264:Generated_Source\PSoC4/cyfitter_cfg.c **** *
 265:Generated_Source\PSoC4/cyfitter_cfg.c **** * Return:
 266:Generated_Source\PSoC4/cyfitter_cfg.c **** *  void
 267:Generated_Source\PSoC4/cyfitter_cfg.c **** *
 268:Generated_Source\PSoC4/cyfitter_cfg.c **** *******************************************************************************/
 269:Generated_Source\PSoC4/cyfitter_cfg.c **** static void AnalogSetDefault(void);
 270:Generated_Source\PSoC4/cyfitter_cfg.c **** static void AnalogSetDefault(void)
 271:Generated_Source\PSoC4/cyfitter_cfg.c **** {
 104              		.loc 1 271 0
 105              		.cfi_startproc
 106              		@ args = 0, pretend = 0, frame = 0
 107              		@ frame_needed = 0, uses_anonymous_args = 0
 108              		@ link register save eliminated.
 272:Generated_Source\PSoC4/cyfitter_cfg.c **** 	CY_SET_XTND_REG32((void CYFAR *)CYREG_CTBM0_DFT_CTRL, 0x00000003u);
 109              		.loc 1 272 0
 110 0000 0323     		movs	r3, #3
 111 0002 044A     		ldr	r2, .L7
 112 0004 1360     		str	r3, [r2]
 273:Generated_Source\PSoC4/cyfitter_cfg.c **** 	CY_SET_XTND_REG32((void CYFAR *)CYREG_CTBM1_DFT_CTRL, 0x00000003u);
 113              		.loc 1 273 0
 114 0006 044A     		ldr	r2, .L7+4
 115 0008 1360     		str	r3, [r2]
 274:Generated_Source\PSoC4/cyfitter_cfg.c **** 	CY_SET_XTND_REG32((void CYFAR *)CYREG_PASS_DSAB_DSAB_CTRL, 0x00000000u);
 116              		.loc 1 274 0
 117 000a 0022     		movs	r2, #0
 118 000c 034B     		ldr	r3, .L7+8
 119 000e 1A60     		str	r2, [r3]
 275:Generated_Source\PSoC4/cyfitter_cfg.c **** }
 120              		.loc 1 275 0
 121              		@ sp needed
ARM GAS  C:\Users\ADMIN\AppData\Local\Temp\cc6gBQUf.s 			page 8


 122 0010 7047     		bx	lr
 123              	.L8:
 124 0012 C046     		.align	2
 125              	.L7:
 126 0014 30003040 		.word	1076887600
 127 0018 30003140 		.word	1076953136
 128 001c 000E3F40 		.word	1077874176
 129              		.cfi_endproc
 130              	.LFE6:
 131              		.size	AnalogSetDefault, .-AnalogSetDefault
 132              		.section	.text.CYMEMZERO,"ax",%progbits
 133              		.align	2
 134              		.code	16
 135              		.thumb_func
 136              		.type	CYMEMZERO, %function
 137              	CYMEMZERO:
 138              	.LFB1:
  77:Generated_Source\PSoC4/cyfitter_cfg.c **** 	(void)memset(s, 0, n);
 139              		.loc 1 77 0
 140              		.cfi_startproc
 141              		@ args = 0, pretend = 0, frame = 0
 142              		@ frame_needed = 0, uses_anonymous_args = 0
 143              	.LVL12:
 144 0000 10B5     		push	{r4, lr}
 145              		.cfi_def_cfa_offset 8
 146              		.cfi_offset 4, -8
 147              		.cfi_offset 14, -4
 148 0002 0A00     		movs	r2, r1
  78:Generated_Source\PSoC4/cyfitter_cfg.c **** }
 149              		.loc 1 78 0
 150 0004 0021     		movs	r1, #0
 151              	.LVL13:
 152 0006 FFF7FEFF 		bl	memset
 153              	.LVL14:
  79:Generated_Source\PSoC4/cyfitter_cfg.c **** CY_CFG_UNUSED
 154              		.loc 1 79 0
 155              		@ sp needed
 156 000a 10BD     		pop	{r4, pc}
 157              		.cfi_endproc
 158              	.LFE1:
 159              		.size	CYMEMZERO, .-CYMEMZERO
 160              		.section	.psocinit,"ax",%progbits
 161              		.align	2
 162              		.code	16
 163              		.thumb_func
 164              		.type	ClockSetup, %function
 165              	ClockSetup:
 166              	.LFB5:
 212:Generated_Source\PSoC4/cyfitter_cfg.c **** 
 167              		.loc 1 212 0
 168              		.cfi_startproc
 169              		@ args = 0, pretend = 0, frame = 0
 170              		@ frame_needed = 0, uses_anonymous_args = 0
 171 0000 10B5     		push	{r4, lr}
 172              		.cfi_def_cfa_offset 8
 173              		.cfi_offset 4, -8
 174              		.cfi_offset 14, -4
ARM GAS  C:\Users\ADMIN\AppData\Local\Temp\cc6gBQUf.s 			page 9


 215:Generated_Source\PSoC4/cyfitter_cfg.c **** 	/* Setup and trim IMO based on desired frequency. */
 175              		.loc 1 215 0
 176 0002 1222     		movs	r2, #18
 177 0004 194B     		ldr	r3, .L11
 178 0006 1A60     		str	r2, [r3]
 217:Generated_Source\PSoC4/cyfitter_cfg.c **** 	/* CYDEV_CLK_ILO_CONFIG Starting address: CYDEV_CLK_ILO_CONFIG */
 179              		.loc 1 217 0
 180 0008 3020     		movs	r0, #48
 181 000a FFF7FEFF 		bl	CySysClkWriteImoFreq
 182              	.LVL15:
 219:Generated_Source\PSoC4/cyfitter_cfg.c **** 
 183              		.loc 1 219 0
 184 000e 184A     		ldr	r2, .L11+4
 185 0010 184B     		ldr	r3, .L11+8
 186 0012 1A60     		str	r2, [r3]
 223:Generated_Source\PSoC4/cyfitter_cfg.c **** 	CY_SET_REG32((void *)CYREG_PERI_DIV_CMD, 0x8000FF41u);
 187              		.loc 1 223 0
 188 0014 C022     		movs	r2, #192
 189 0016 9200     		lsls	r2, r2, #2
 190 0018 174B     		ldr	r3, .L11+12
 191 001a 1A60     		str	r2, [r3]
 224:Generated_Source\PSoC4/cyfitter_cfg.c **** 	CY_SET_REG32((void *)CYREG_PERI_DIV_16_CTL2, 0x00BB7F00u);
 192              		.loc 1 224 0
 193 001c 174B     		ldr	r3, .L11+16
 194 001e 1849     		ldr	r1, .L11+20
 195 0020 1960     		str	r1, [r3]
 225:Generated_Source\PSoC4/cyfitter_cfg.c **** 	CY_SET_REG32((void *)CYREG_PERI_DIV_CMD, 0x8000FF42u);
 196              		.loc 1 225 0
 197 0022 1848     		ldr	r0, .L11+24
 198 0024 1849     		ldr	r1, .L11+28
 199 0026 0860     		str	r0, [r1]
 226:Generated_Source\PSoC4/cyfitter_cfg.c **** 	CY_SET_REG32((void *)CYREG_PERI_DIV_16_CTL0, 0x00000300u);
 200              		.loc 1 226 0
 201 0028 1849     		ldr	r1, .L11+32
 202 002a 1960     		str	r1, [r3]
 227:Generated_Source\PSoC4/cyfitter_cfg.c **** 	CY_SET_REG32((void *)CYREG_PERI_DIV_CMD, 0x8000FF40u);
 203              		.loc 1 227 0
 204 002c 1849     		ldr	r1, .L11+36
 205 002e 0A60     		str	r2, [r1]
 228:Generated_Source\PSoC4/cyfitter_cfg.c **** 
 206              		.loc 1 228 0
 207 0030 184A     		ldr	r2, .L11+40
 208 0032 1A60     		str	r2, [r3]
 231:Generated_Source\PSoC4/cyfitter_cfg.c **** 
 209              		.loc 1 231 0
 210 0034 8022     		movs	r2, #128
 211 0036 1206     		lsls	r2, r2, #24
 212 0038 174B     		ldr	r3, .L11+44
 213 003a 1A60     		str	r2, [r3]
 234:Generated_Source\PSoC4/cyfitter_cfg.c **** 
 214              		.loc 1 234 0
 215 003c 8022     		movs	r2, #128
 216 003e D202     		lsls	r2, r2, #11
 217 0040 164B     		ldr	r3, .L11+48
 218 0042 1A60     		str	r2, [r3]
 237:Generated_Source\PSoC4/cyfitter_cfg.c **** 
 219              		.loc 1 237 0
ARM GAS  C:\Users\ADMIN\AppData\Local\Temp\cc6gBQUf.s 			page 10


 220 0044 4122     		movs	r2, #65
 221 0046 164B     		ldr	r3, .L11+52
 222 0048 1A60     		str	r2, [r3]
 240:Generated_Source\PSoC4/cyfitter_cfg.c **** 
 223              		.loc 1 240 0
 224 004a 0132     		adds	r2, r2, #1
 225 004c 154B     		ldr	r3, .L11+56
 226 004e 1A60     		str	r2, [r3]
 243:Generated_Source\PSoC4/cyfitter_cfg.c **** 
 227              		.loc 1 243 0
 228 0050 023A     		subs	r2, r2, #2
 229 0052 154B     		ldr	r3, .L11+60
 230 0054 1A60     		str	r2, [r3]
 245:Generated_Source\PSoC4/cyfitter_cfg.c **** 	CyIntEnable(7u);
 231              		.loc 1 245 0
 232 0056 1549     		ldr	r1, .L11+64
 233 0058 0720     		movs	r0, #7
 234 005a FFF7FEFF 		bl	CyIntSetVector
 235              	.LVL16:
 246:Generated_Source\PSoC4/cyfitter_cfg.c **** 	CY_SET_REG32((void *)(CYREG_WDT_CONFIG), 0x00000000u);
 236              		.loc 1 246 0
 237 005e 0720     		movs	r0, #7
 238 0060 FFF7FEFF 		bl	CyIntEnable
 239              	.LVL17:
 247:Generated_Source\PSoC4/cyfitter_cfg.c **** }
 240              		.loc 1 247 0
 241 0064 0022     		movs	r2, #0
 242 0066 124B     		ldr	r3, .L11+68
 243 0068 1A60     		str	r2, [r3]
 248:Generated_Source\PSoC4/cyfitter_cfg.c **** 
 244              		.loc 1 248 0
 245              		@ sp needed
 246 006a 10BD     		pop	{r4, pc}
 247              	.L12:
 248              		.align	2
 249              	.L11:
 250 006c 30001040 		.word	1074790448
 251 0070 06000080 		.word	-2147483642
 252 0074 04010B40 		.word	1074462980
 253 0078 04030140 		.word	1073808132
 254 007c 00000140 		.word	1073807360
 255 0080 41FF0080 		.word	-2147418303
 256 0084 007FBB00 		.word	12287744
 257 0088 08030140 		.word	1073808136
 258 008c 42FF0080 		.word	-2147418302
 259 0090 00030140 		.word	1073808128
 260 0094 40FF0080 		.word	-2147418304
 261 0098 08010B40 		.word	1074462984
 262 009c 00010B40 		.word	1074462976
 263 00a0 4C010140 		.word	1073807692
 264 00a4 30010140 		.word	1073807664
 265 00a8 2C010140 		.word	1073807660
 266 00ac 00000000 		.word	CySysWdtIsr
 267 00b0 0C020B40 		.word	1074463244
 268              		.cfi_endproc
 269              	.LFE5:
 270              		.size	ClockSetup, .-ClockSetup
ARM GAS  C:\Users\ADMIN\AppData\Local\Temp\cc6gBQUf.s 			page 11


 271              		.align	2
 272              		.global	cyfitter_cfg
 273              		.code	16
 274              		.thumb_func
 275              		.type	cyfitter_cfg, %function
 276              	cyfitter_cfg:
 277              	.LFB7:
 276:Generated_Source\PSoC4/cyfitter_cfg.c **** 
 277:Generated_Source\PSoC4/cyfitter_cfg.c **** 
 278:Generated_Source\PSoC4/cyfitter_cfg.c **** 
 279:Generated_Source\PSoC4/cyfitter_cfg.c **** 
 280:Generated_Source\PSoC4/cyfitter_cfg.c **** /*******************************************************************************
 281:Generated_Source\PSoC4/cyfitter_cfg.c **** * Function Name: cyfitter_cfg
 282:Generated_Source\PSoC4/cyfitter_cfg.c **** ********************************************************************************
 283:Generated_Source\PSoC4/cyfitter_cfg.c **** * Summary:
 284:Generated_Source\PSoC4/cyfitter_cfg.c **** *  This function is called by the start-up code for the selected device. It
 285:Generated_Source\PSoC4/cyfitter_cfg.c **** *  performs all of the necessary device configuration based on the design
 286:Generated_Source\PSoC4/cyfitter_cfg.c **** *  settings.  This includes settings from the Design Wide Resources (DWR) such
 287:Generated_Source\PSoC4/cyfitter_cfg.c **** *  as Clocks and Pins as well as any component configuration that is necessary.
 288:Generated_Source\PSoC4/cyfitter_cfg.c **** *
 289:Generated_Source\PSoC4/cyfitter_cfg.c **** * Parameters:
 290:Generated_Source\PSoC4/cyfitter_cfg.c **** *   void
 291:Generated_Source\PSoC4/cyfitter_cfg.c **** *
 292:Generated_Source\PSoC4/cyfitter_cfg.c **** * Return:
 293:Generated_Source\PSoC4/cyfitter_cfg.c **** *   void
 294:Generated_Source\PSoC4/cyfitter_cfg.c **** *
 295:Generated_Source\PSoC4/cyfitter_cfg.c **** *******************************************************************************/
 296:Generated_Source\PSoC4/cyfitter_cfg.c **** CY_CFG_SECTION
 297:Generated_Source\PSoC4/cyfitter_cfg.c **** void cyfitter_cfg(void)
 298:Generated_Source\PSoC4/cyfitter_cfg.c **** {
 278              		.loc 1 298 0
 279              		.cfi_startproc
 280              		@ args = 0, pretend = 0, frame = 0
 281              		@ frame_needed = 0, uses_anonymous_args = 0
 282 00b4 10B5     		push	{r4, lr}
 283              		.cfi_def_cfa_offset 8
 284              		.cfi_offset 4, -8
 285              		.cfi_offset 14, -4
 299:Generated_Source\PSoC4/cyfitter_cfg.c **** 	/* Disable interrupts by default. Let user enable if/when they want. */
 300:Generated_Source\PSoC4/cyfitter_cfg.c **** 	CyGlobalIntDisable;
 286              		.loc 1 300 0
 287              		.syntax divided
 288              	@ 300 "Generated_Source\PSoC4\cyfitter_cfg.c" 1
 289 00b6 72B6     		CPSID   i
 290              	@ 0 "" 2
 301:Generated_Source\PSoC4/cyfitter_cfg.c **** 
 302:Generated_Source\PSoC4/cyfitter_cfg.c **** 	/* Enable the clock in the interrupt controller for the routed interrupts */
 303:Generated_Source\PSoC4/cyfitter_cfg.c **** 	CY_SET_REG8((void *)CYREG_UDB_UDBIF_INT_CLK_CTL, 0x01u);
 291              		.loc 1 303 0
 292              		.thumb
 293              		.syntax unified
 294 00b8 0122     		movs	r2, #1
 295 00ba 2F4B     		ldr	r3, .L16
 296 00bc 1A70     		strb	r2, [r3]
 297              	.LVL18:
 298              	.LBB3:
 304:Generated_Source\PSoC4/cyfitter_cfg.c **** 	{
ARM GAS  C:\Users\ADMIN\AppData\Local\Temp\cc6gBQUf.s 			page 12


 305:Generated_Source\PSoC4/cyfitter_cfg.c **** 		static const uint32 CYCODE cy_cfg_addr_table[] = {
 306:Generated_Source\PSoC4/cyfitter_cfg.c **** 			0x400F3209u, /* Base address: 0x400F3200 Count: 9 */
 307:Generated_Source\PSoC4/cyfitter_cfg.c **** 			0x400F3307u, /* Base address: 0x400F3300 Count: 7 */
 308:Generated_Source\PSoC4/cyfitter_cfg.c **** 			0x400F4005u, /* Base address: 0x400F4000 Count: 5 */
 309:Generated_Source\PSoC4/cyfitter_cfg.c **** 			0x400F410Du, /* Base address: 0x400F4100 Count: 13 */
 310:Generated_Source\PSoC4/cyfitter_cfg.c **** 			0x400F6002u, /* Base address: 0x400F6000 Count: 2 */
 311:Generated_Source\PSoC4/cyfitter_cfg.c **** 		};
 312:Generated_Source\PSoC4/cyfitter_cfg.c **** 
 313:Generated_Source\PSoC4/cyfitter_cfg.c **** 		static const cy_cfg_addrvalue_t CYCODE cy_cfg_data_table[] = {
 314:Generated_Source\PSoC4/cyfitter_cfg.c **** 			{0x10u, 0x01u},
 315:Generated_Source\PSoC4/cyfitter_cfg.c **** 			{0x12u, 0x02u},
 316:Generated_Source\PSoC4/cyfitter_cfg.c **** 			{0x16u, 0x01u},
 317:Generated_Source\PSoC4/cyfitter_cfg.c **** 			{0x22u, 0x04u},
 318:Generated_Source\PSoC4/cyfitter_cfg.c **** 			{0x30u, 0x04u},
 319:Generated_Source\PSoC4/cyfitter_cfg.c **** 			{0x32u, 0x02u},
 320:Generated_Source\PSoC4/cyfitter_cfg.c **** 			{0x36u, 0x01u},
 321:Generated_Source\PSoC4/cyfitter_cfg.c **** 			{0x58u, 0x04u},
 322:Generated_Source\PSoC4/cyfitter_cfg.c **** 			{0x5Fu, 0x01u},
 323:Generated_Source\PSoC4/cyfitter_cfg.c **** 			{0x0Eu, 0x60u},
 324:Generated_Source\PSoC4/cyfitter_cfg.c **** 			{0x17u, 0x01u},
 325:Generated_Source\PSoC4/cyfitter_cfg.c **** 			{0x1Eu, 0x60u},
 326:Generated_Source\PSoC4/cyfitter_cfg.c **** 			{0x1Fu, 0x80u},
 327:Generated_Source\PSoC4/cyfitter_cfg.c **** 			{0x87u, 0x81u},
 328:Generated_Source\PSoC4/cyfitter_cfg.c **** 			{0xC2u, 0x30u},
 329:Generated_Source\PSoC4/cyfitter_cfg.c **** 			{0xC4u, 0x10u},
 330:Generated_Source\PSoC4/cyfitter_cfg.c **** 			{0x03u, 0x40u},
 331:Generated_Source\PSoC4/cyfitter_cfg.c **** 			{0x04u, 0x02u},
 332:Generated_Source\PSoC4/cyfitter_cfg.c **** 			{0x6Fu, 0x20u},
 333:Generated_Source\PSoC4/cyfitter_cfg.c **** 			{0xC0u, 0x30u},
 334:Generated_Source\PSoC4/cyfitter_cfg.c **** 			{0xDAu, 0x80u},
 335:Generated_Source\PSoC4/cyfitter_cfg.c **** 			{0x02u, 0x10u},
 336:Generated_Source\PSoC4/cyfitter_cfg.c **** 			{0x43u, 0x40u},
 337:Generated_Source\PSoC4/cyfitter_cfg.c **** 			{0x4Cu, 0x01u},
 338:Generated_Source\PSoC4/cyfitter_cfg.c **** 			{0x86u, 0x10u},
 339:Generated_Source\PSoC4/cyfitter_cfg.c **** 			{0x87u, 0x20u},
 340:Generated_Source\PSoC4/cyfitter_cfg.c **** 			{0x90u, 0x02u},
 341:Generated_Source\PSoC4/cyfitter_cfg.c **** 			{0x9Bu, 0x40u},
 342:Generated_Source\PSoC4/cyfitter_cfg.c **** 			{0xA7u, 0x20u},
 343:Generated_Source\PSoC4/cyfitter_cfg.c **** 			{0xC0u, 0x10u},
 344:Generated_Source\PSoC4/cyfitter_cfg.c **** 			{0xD0u, 0x10u},
 345:Generated_Source\PSoC4/cyfitter_cfg.c **** 			{0xD2u, 0x20u},
 346:Generated_Source\PSoC4/cyfitter_cfg.c **** 			{0xE0u, 0x40u},
 347:Generated_Source\PSoC4/cyfitter_cfg.c **** 			{0xE6u, 0x10u},
 348:Generated_Source\PSoC4/cyfitter_cfg.c **** 			{0x01u, 0x01u},
 349:Generated_Source\PSoC4/cyfitter_cfg.c **** 			{0x10u, 0x01u},
 350:Generated_Source\PSoC4/cyfitter_cfg.c **** 		};
 351:Generated_Source\PSoC4/cyfitter_cfg.c **** 
 352:Generated_Source\PSoC4/cyfitter_cfg.c **** 
 353:Generated_Source\PSoC4/cyfitter_cfg.c **** 
 354:Generated_Source\PSoC4/cyfitter_cfg.c **** 		CYPACKED typedef struct {
 355:Generated_Source\PSoC4/cyfitter_cfg.c **** 			void CYFAR *address;
 356:Generated_Source\PSoC4/cyfitter_cfg.c **** 			uint16 size;
 357:Generated_Source\PSoC4/cyfitter_cfg.c **** 		} CYPACKED_ATTR cfg_memset_t;
 358:Generated_Source\PSoC4/cyfitter_cfg.c **** 
 359:Generated_Source\PSoC4/cyfitter_cfg.c **** 		static const cfg_memset_t CYCODE cfg_memset_list[] = {
 360:Generated_Source\PSoC4/cyfitter_cfg.c **** 			/* address, size */
 361:Generated_Source\PSoC4/cyfitter_cfg.c **** 			{(void CYFAR *)(CYDEV_UDB_P0_U0_BASE), 1024u},
ARM GAS  C:\Users\ADMIN\AppData\Local\Temp\cc6gBQUf.s 			page 13


 362:Generated_Source\PSoC4/cyfitter_cfg.c **** 			{(void CYFAR *)(CYDEV_UDB_DSI0_BASE), 1024u},
 363:Generated_Source\PSoC4/cyfitter_cfg.c **** 		};
 364:Generated_Source\PSoC4/cyfitter_cfg.c **** 
 365:Generated_Source\PSoC4/cyfitter_cfg.c **** 		uint8 CYDATA i;
 366:Generated_Source\PSoC4/cyfitter_cfg.c **** 
 367:Generated_Source\PSoC4/cyfitter_cfg.c **** 		/* Zero out critical memory blocks before beginning configuration */
 368:Generated_Source\PSoC4/cyfitter_cfg.c **** 		for (i = 0u; i < (sizeof(cfg_memset_list)/sizeof(cfg_memset_list[0])); i++)
 299              		.loc 1 368 0
 300 00be 0024     		movs	r4, #0
 301 00c0 0FE0     		b	.L14
 302              	.LVL19:
 303              	.L15:
 304              	.LBB4:
 369:Generated_Source\PSoC4/cyfitter_cfg.c **** 		{
 370:Generated_Source\PSoC4/cyfitter_cfg.c **** 			const cfg_memset_t CYCODE * CYDATA ms = &cfg_memset_list[i];
 371:Generated_Source\PSoC4/cyfitter_cfg.c **** 			CYMEMZERO(ms->address, (size_t)(uint32)(ms->size));
 305              		.loc 1 371 0 discriminator 3
 306 00c2 2E48     		ldr	r0, .L16+4
 307 00c4 6200     		lsls	r2, r4, #1
 308 00c6 1319     		adds	r3, r2, r4
 309 00c8 5900     		lsls	r1, r3, #1
 310 00ca 0B00     		movs	r3, r1
 311 00cc 4118     		adds	r1, r0, r1
 312 00ce 8988     		ldrh	r1, [r1, #4]
 313 00d0 1A5A     		ldrh	r2, [r3, r0]
 314 00d2 C318     		adds	r3, r0, r3
 315 00d4 5888     		ldrh	r0, [r3, #2]
 316 00d6 0004     		lsls	r0, r0, #16
 317 00d8 1043     		orrs	r0, r2
 318 00da FFF7FEFF 		bl	CYMEMZERO
 319              	.LVL20:
 320              	.LBE4:
 368:Generated_Source\PSoC4/cyfitter_cfg.c **** 		{
 321              		.loc 1 368 0 discriminator 3
 322 00de 0134     		adds	r4, r4, #1
 323              	.LVL21:
 324 00e0 E4B2     		uxtb	r4, r4
 325              	.LVL22:
 326              	.L14:
 368:Generated_Source\PSoC4/cyfitter_cfg.c **** 		{
 327              		.loc 1 368 0 is_stmt 0 discriminator 1
 328 00e2 012C     		cmp	r4, #1
 329 00e4 EDD9     		bls	.L15
 372:Generated_Source\PSoC4/cyfitter_cfg.c **** 		}
 373:Generated_Source\PSoC4/cyfitter_cfg.c **** 
 374:Generated_Source\PSoC4/cyfitter_cfg.c **** 		cfg_write_bytes32(cy_cfg_addr_table, cy_cfg_data_table);
 330              		.loc 1 374 0 is_stmt 1
 331 00e6 2548     		ldr	r0, .L16+4
 332 00e8 0100     		movs	r1, r0
 333 00ea 0C31     		adds	r1, r1, #12
 334 00ec 5430     		adds	r0, r0, #84
 335 00ee FFF7FEFF 		bl	cfg_write_bytes32
 336              	.LVL23:
 375:Generated_Source\PSoC4/cyfitter_cfg.c **** 
 376:Generated_Source\PSoC4/cyfitter_cfg.c **** 		/* HSIOM Starting address: CYDEV_HSIOM_BASE */
 377:Generated_Source\PSoC4/cyfitter_cfg.c **** 		CY_SET_REG32((void *)(CYREG_HSIOM_PORT_SEL3), 0x0000EE00u);
 337              		.loc 1 377 0
ARM GAS  C:\Users\ADMIN\AppData\Local\Temp\cc6gBQUf.s 			page 14


 338 00f2 EE22     		movs	r2, #238
 339 00f4 1202     		lsls	r2, r2, #8
 340 00f6 224B     		ldr	r3, .L16+8
 341 00f8 1A60     		str	r2, [r3]
 378:Generated_Source\PSoC4/cyfitter_cfg.c **** 
 379:Generated_Source\PSoC4/cyfitter_cfg.c **** 		/* UDB_PA_0 Starting address: CYDEV_UDB_PA0_BASE */
 380:Generated_Source\PSoC4/cyfitter_cfg.c **** 		CY_SET_REG32((void *)(CYDEV_UDB_PA0_BASE), 0x00990000u);
 342              		.loc 1 380 0
 343 00fa 9923     		movs	r3, #153
 344 00fc 1B04     		lsls	r3, r3, #16
 345 00fe 214A     		ldr	r2, .L16+12
 346 0100 1360     		str	r3, [r2]
 381:Generated_Source\PSoC4/cyfitter_cfg.c **** 
 382:Generated_Source\PSoC4/cyfitter_cfg.c **** 		/* UDB_PA_1 Starting address: CYDEV_UDB_PA1_BASE */
 383:Generated_Source\PSoC4/cyfitter_cfg.c **** 		CY_SET_REG32((void *)(CYDEV_UDB_PA1_BASE), 0x00990000u);
 347              		.loc 1 383 0
 348 0102 214A     		ldr	r2, .L16+16
 349 0104 1360     		str	r3, [r2]
 384:Generated_Source\PSoC4/cyfitter_cfg.c **** 
 385:Generated_Source\PSoC4/cyfitter_cfg.c **** 		/* UDB_PA_2 Starting address: CYDEV_UDB_PA2_BASE */
 386:Generated_Source\PSoC4/cyfitter_cfg.c **** 		CY_SET_REG32((void *)(CYDEV_UDB_PA2_BASE), 0x00990000u);
 350              		.loc 1 386 0
 351 0106 214A     		ldr	r2, .L16+20
 352 0108 1360     		str	r3, [r2]
 387:Generated_Source\PSoC4/cyfitter_cfg.c **** 
 388:Generated_Source\PSoC4/cyfitter_cfg.c **** 		/* UDB_PA_3 Starting address: CYDEV_UDB_PA3_BASE */
 389:Generated_Source\PSoC4/cyfitter_cfg.c **** 		CY_SET_REG32((void *)(CYDEV_UDB_PA3_BASE), 0x00990000u);
 353              		.loc 1 389 0
 354 010a 214A     		ldr	r2, .L16+24
 355 010c 1360     		str	r3, [r2]
 390:Generated_Source\PSoC4/cyfitter_cfg.c **** 
 391:Generated_Source\PSoC4/cyfitter_cfg.c **** 		/* TCPWM_CNT0 Starting address: CYDEV_TCPWM_CNT0_TR_CTRL0 */
 392:Generated_Source\PSoC4/cyfitter_cfg.c **** 		CY_SET_REG32((void *)(CYREG_TCPWM_CNT0_TR_CTRL0), 0x000F00A0u);
 356              		.loc 1 392 0
 357 010e 214A     		ldr	r2, .L16+28
 358 0110 214B     		ldr	r3, .L16+32
 359 0112 1A60     		str	r2, [r3]
 393:Generated_Source\PSoC4/cyfitter_cfg.c **** 
 394:Generated_Source\PSoC4/cyfitter_cfg.c **** 		/* INT_SELECT Starting address: CYDEV_CPUSS_INT_SEL */
 395:Generated_Source\PSoC4/cyfitter_cfg.c **** 		CY_SET_REG32((void *)(CYREG_CPUSS_INT_SEL), 0x00000002u);
 360              		.loc 1 395 0
 361 0114 0221     		movs	r1, #2
 362 0116 214B     		ldr	r3, .L16+36
 363 0118 1960     		str	r1, [r3]
 396:Generated_Source\PSoC4/cyfitter_cfg.c **** 
 397:Generated_Source\PSoC4/cyfitter_cfg.c **** 		/* INT_CONFIG Starting address: CYDEV_UDB_INT_CFG */
 398:Generated_Source\PSoC4/cyfitter_cfg.c **** 		CY_SET_REG32((void *)(CYREG_UDB_INT_CFG), 0x00000002u);
 364              		.loc 1 398 0
 365 011a 214B     		ldr	r3, .L16+40
 366 011c 1960     		str	r1, [r3]
 399:Generated_Source\PSoC4/cyfitter_cfg.c **** 
 400:Generated_Source\PSoC4/cyfitter_cfg.c **** 		/* Enable UDB array and digital routing */
 401:Generated_Source\PSoC4/cyfitter_cfg.c **** 		CY_SET_XTND_REG8((void *)CYREG_UDB_UDBIF_WAIT_CFG, (uint8)((CY_GET_XTND_REG8((void *)CYREG_UDB_UD
 367              		.loc 1 401 0
 368 011e 2148     		ldr	r0, .L16+44
 369 0120 0378     		ldrb	r3, [r0]
 370 0122 3C22     		movs	r2, #60
ARM GAS  C:\Users\ADMIN\AppData\Local\Temp\cc6gBQUf.s 			page 15


 371 0124 9343     		bics	r3, r2
 372 0126 1422     		movs	r2, #20
 373 0128 1343     		orrs	r3, r2
 374 012a DBB2     		uxtb	r3, r3
 375 012c 0370     		strb	r3, [r0]
 402:Generated_Source\PSoC4/cyfitter_cfg.c **** 		CY_SET_XTND_REG8((void *)CYREG_UDB_UDBIF_BANK_CTL, (uint8)(CY_GET_XTND_REG8((void *)CYREG_UDB_UDB
 376              		.loc 1 402 0
 377 012e 1E4A     		ldr	r2, .L16+48
 378 0130 1078     		ldrb	r0, [r2]
 379 0132 1623     		movs	r3, #22
 380 0134 0343     		orrs	r3, r0
 381 0136 DBB2     		uxtb	r3, r3
 382 0138 1370     		strb	r3, [r2]
 383              	.LBE3:
 403:Generated_Source\PSoC4/cyfitter_cfg.c **** 	}
 404:Generated_Source\PSoC4/cyfitter_cfg.c **** 
 405:Generated_Source\PSoC4/cyfitter_cfg.c **** 	/* Perform second pass device configuration. These items must be configured in specific order afte
 406:Generated_Source\PSoC4/cyfitter_cfg.c **** 	/* IOPINS0_0 Starting address: CYDEV_GPIO_PRT0_BASE */
 407:Generated_Source\PSoC4/cyfitter_cfg.c **** 	CY_SET_REG32((void *)(CYDEV_GPIO_PRT0_BASE), 0x00000083u);
 384              		.loc 1 407 0
 385 013a 8322     		movs	r2, #131
 386 013c 1B4B     		ldr	r3, .L16+52
 387 013e 1A60     		str	r2, [r3]
 408:Generated_Source\PSoC4/cyfitter_cfg.c **** 	CY_SET_REG32((void *)(CYREG_GPIO_PRT0_PC), 0x00400012u);
 388              		.loc 1 408 0
 389 0140 1B4A     		ldr	r2, .L16+56
 390 0142 1C4B     		ldr	r3, .L16+60
 391 0144 1A60     		str	r2, [r3]
 409:Generated_Source\PSoC4/cyfitter_cfg.c **** 	CY_SET_REG32((void *)(CYREG_GPIO_PRT0_INTR_CFG), 0x00008000u);
 392              		.loc 1 409 0
 393 0146 8022     		movs	r2, #128
 394 0148 1202     		lsls	r2, r2, #8
 395 014a 1B4B     		ldr	r3, .L16+64
 396 014c 1A60     		str	r2, [r3]
 410:Generated_Source\PSoC4/cyfitter_cfg.c **** 
 411:Generated_Source\PSoC4/cyfitter_cfg.c **** 	/* IOPINS0_1 Starting address: CYDEV_GPIO_PRT1_BASE */
 412:Generated_Source\PSoC4/cyfitter_cfg.c **** 	CY_SET_REG32((void *)(CYDEV_GPIO_PRT1_BASE), 0x00000001u);
 397              		.loc 1 412 0
 398 014e 0122     		movs	r2, #1
 399 0150 1A4B     		ldr	r3, .L16+68
 400 0152 1A60     		str	r2, [r3]
 413:Generated_Source\PSoC4/cyfitter_cfg.c **** 	CY_SET_REG32((void *)(CYREG_GPIO_PRT1_PC), 0x00000002u);
 401              		.loc 1 413 0
 402 0154 1A4B     		ldr	r3, .L16+72
 403 0156 1960     		str	r1, [r3]
 414:Generated_Source\PSoC4/cyfitter_cfg.c **** 	CY_SET_REG32((void *)(CYREG_GPIO_PRT1_INTR_CFG), 0x00000002u);
 404              		.loc 1 414 0
 405 0158 1A4B     		ldr	r3, .L16+76
 406 015a 1960     		str	r1, [r3]
 415:Generated_Source\PSoC4/cyfitter_cfg.c **** 
 416:Generated_Source\PSoC4/cyfitter_cfg.c **** 	/* IOPINS0_2 Starting address: CYDEV_GPIO_PRT2_BASE */
 417:Generated_Source\PSoC4/cyfitter_cfg.c **** 	CY_SET_REG32((void *)(CYREG_GPIO_PRT2_PC), 0x001B6DB6u);
 407              		.loc 1 417 0
 408 015c 1A4A     		ldr	r2, .L16+80
 409 015e 1B4B     		ldr	r3, .L16+84
 410 0160 1A60     		str	r2, [r3]
 418:Generated_Source\PSoC4/cyfitter_cfg.c **** 
ARM GAS  C:\Users\ADMIN\AppData\Local\Temp\cc6gBQUf.s 			page 16


 419:Generated_Source\PSoC4/cyfitter_cfg.c **** 	/* IOPINS0_3 Starting address: CYDEV_GPIO_PRT3_BASE */
 420:Generated_Source\PSoC4/cyfitter_cfg.c **** 	CY_SET_REG32((void *)(CYDEV_GPIO_PRT3_BASE), 0x000000E0u);
 411              		.loc 1 420 0
 412 0162 E022     		movs	r2, #224
 413 0164 1A4B     		ldr	r3, .L16+88
 414 0166 1A60     		str	r2, [r3]
 421:Generated_Source\PSoC4/cyfitter_cfg.c **** 	CY_SET_REG32((void *)(CYREG_GPIO_PRT3_PC), 0x00DB0D80u);
 415              		.loc 1 421 0
 416 0168 1A4A     		ldr	r2, .L16+92
 417 016a 1B4B     		ldr	r3, .L16+96
 418 016c 1A60     		str	r2, [r3]
 422:Generated_Source\PSoC4/cyfitter_cfg.c **** 
 423:Generated_Source\PSoC4/cyfitter_cfg.c **** 
 424:Generated_Source\PSoC4/cyfitter_cfg.c **** 	/* Setup clocks based on selections from Clock DWR */
 425:Generated_Source\PSoC4/cyfitter_cfg.c **** 	ClockSetup();
 419              		.loc 1 425 0
 420 016e FFF747FF 		bl	ClockSetup
 421              	.LVL24:
 426:Generated_Source\PSoC4/cyfitter_cfg.c **** 
 427:Generated_Source\PSoC4/cyfitter_cfg.c **** 	/* Perform basic analog initialization to defaults */
 428:Generated_Source\PSoC4/cyfitter_cfg.c **** 	AnalogSetDefault();
 422              		.loc 1 428 0
 423 0172 FFF7FEFF 		bl	AnalogSetDefault
 424              	.LVL25:
 429:Generated_Source\PSoC4/cyfitter_cfg.c **** 
 430:Generated_Source\PSoC4/cyfitter_cfg.c **** }
 425              		.loc 1 430 0
 426              		@ sp needed
 427              	.LVL26:
 428 0176 10BD     		pop	{r4, pc}
 429              	.L17:
 430              		.align	2
 431              	.L16:
 432 0178 1C700F40 		.word	1074753564
 433 017c 00000000 		.word	.LANCHOR0
 434 0180 00030240 		.word	1073873664
 435 0184 00500F40 		.word	1074745344
 436 0188 10500F40 		.word	1074745360
 437 018c 20500F40 		.word	1074745376
 438 0190 30500F40 		.word	1074745392
 439 0194 A0000F00 		.word	983200
 440 0198 20012040 		.word	1075839264
 441 019c 20001040 		.word	1074790432
 442 01a0 00800F40 		.word	1074757632
 443 01a4 01700F40 		.word	1074753537
 444 01a8 00700F40 		.word	1074753536
 445 01ac 00000440 		.word	1074003968
 446 01b0 12004000 		.word	4194322
 447 01b4 08000440 		.word	1074003976
 448 01b8 0C000440 		.word	1074003980
 449 01bc 00010440 		.word	1074004224
 450 01c0 08010440 		.word	1074004232
 451 01c4 0C010440 		.word	1074004236
 452 01c8 B66D1B00 		.word	1797558
 453 01cc 08020440 		.word	1074004488
 454 01d0 00030440 		.word	1074004736
 455 01d4 800DDB00 		.word	14355840
ARM GAS  C:\Users\ADMIN\AppData\Local\Temp\cc6gBQUf.s 			page 17


 456 01d8 08030440 		.word	1074004744
 457              		.cfi_endproc
 458              	.LFE7:
 459              		.size	cyfitter_cfg, .-cyfitter_cfg
 460              		.section	.rodata
 461              		.align	2
 462              		.set	.LANCHOR0,. + 0
 463              		.type	cfg_memset_list.4911, %object
 464              		.size	cfg_memset_list.4911, 12
 465              	cfg_memset_list.4911:
 466 0000 00300F40 		.word	1074737152
 467 0004 0004     		.short	1024
 468 0006 00400F40 		.4byte	1074741248
 469 000a 0004     		.short	1024
 470              		.type	cy_cfg_data_table.4906, %object
 471              		.size	cy_cfg_data_table.4906, 72
 472              	cy_cfg_data_table.4906:
 473 000c 10       		.byte	16
 474 000d 01       		.byte	1
 475 000e 12       		.byte	18
 476 000f 02       		.byte	2
 477 0010 16       		.byte	22
 478 0011 01       		.byte	1
 479 0012 22       		.byte	34
 480 0013 04       		.byte	4
 481 0014 30       		.byte	48
 482 0015 04       		.byte	4
 483 0016 32       		.byte	50
 484 0017 02       		.byte	2
 485 0018 36       		.byte	54
 486 0019 01       		.byte	1
 487 001a 58       		.byte	88
 488 001b 04       		.byte	4
 489 001c 5F       		.byte	95
 490 001d 01       		.byte	1
 491 001e 0E       		.byte	14
 492 001f 60       		.byte	96
 493 0020 17       		.byte	23
 494 0021 01       		.byte	1
 495 0022 1E       		.byte	30
 496 0023 60       		.byte	96
 497 0024 1F       		.byte	31
 498 0025 80       		.byte	-128
 499 0026 87       		.byte	-121
 500 0027 81       		.byte	-127
 501 0028 C2       		.byte	-62
 502 0029 30       		.byte	48
 503 002a C4       		.byte	-60
 504 002b 10       		.byte	16
 505 002c 03       		.byte	3
 506 002d 40       		.byte	64
 507 002e 04       		.byte	4
 508 002f 02       		.byte	2
 509 0030 6F       		.byte	111
 510 0031 20       		.byte	32
 511 0032 C0       		.byte	-64
 512 0033 30       		.byte	48
ARM GAS  C:\Users\ADMIN\AppData\Local\Temp\cc6gBQUf.s 			page 18


 513 0034 DA       		.byte	-38
 514 0035 80       		.byte	-128
 515 0036 02       		.byte	2
 516 0037 10       		.byte	16
 517 0038 43       		.byte	67
 518 0039 40       		.byte	64
 519 003a 4C       		.byte	76
 520 003b 01       		.byte	1
 521 003c 86       		.byte	-122
 522 003d 10       		.byte	16
 523 003e 87       		.byte	-121
 524 003f 20       		.byte	32
 525 0040 90       		.byte	-112
 526 0041 02       		.byte	2
 527 0042 9B       		.byte	-101
 528 0043 40       		.byte	64
 529 0044 A7       		.byte	-89
 530 0045 20       		.byte	32
 531 0046 C0       		.byte	-64
 532 0047 10       		.byte	16
 533 0048 D0       		.byte	-48
 534 0049 10       		.byte	16
 535 004a D2       		.byte	-46
 536 004b 20       		.byte	32
 537 004c E0       		.byte	-32
 538 004d 40       		.byte	64
 539 004e E6       		.byte	-26
 540 004f 10       		.byte	16
 541 0050 01       		.byte	1
 542 0051 01       		.byte	1
 543 0052 10       		.byte	16
 544 0053 01       		.byte	1
 545              		.type	cy_cfg_addr_table.4905, %object
 546              		.size	cy_cfg_addr_table.4905, 20
 547              	cy_cfg_addr_table.4905:
 548 0054 09320F40 		.word	1074737673
 549 0058 07330F40 		.word	1074737927
 550 005c 05400F40 		.word	1074741253
 551 0060 0D410F40 		.word	1074741517
 552 0064 02600F40 		.word	1074749442
 553              		.text
 554              	.Letext0:
 555              		.file 2 "c:\\program files (x86)\\cypress\\psoc creator\\4.2\\psoc creator\\import\\gnu\\arm\\5.4.
 556              		.file 3 "Generated_Source\\PSoC4\\cytypes.h"
 557              		.file 4 "Generated_Source\\PSoC4\\CyLib.h"
 558              		.section	.debug_info,"",%progbits
 559              	.Ldebug_info0:
 560 0000 B8030000 		.4byte	0x3b8
 561 0004 0400     		.2byte	0x4
 562 0006 00000000 		.4byte	.Ldebug_abbrev0
 563 000a 04       		.byte	0x4
 564 000b 01       		.uleb128 0x1
 565 000c 64010000 		.4byte	.LASF39
 566 0010 0C       		.byte	0xc
 567 0011 91020000 		.4byte	.LASF40
 568 0015 E4000000 		.4byte	.LASF41
 569 0019 00000000 		.4byte	.Ldebug_ranges0+0
ARM GAS  C:\Users\ADMIN\AppData\Local\Temp\cc6gBQUf.s 			page 19


 570 001d 00000000 		.4byte	0
 571 0021 00000000 		.4byte	.Ldebug_line0
 572 0025 02       		.uleb128 0x2
 573 0026 04       		.byte	0x4
 574 0027 05       		.byte	0x5
 575 0028 696E7400 		.ascii	"int\000"
 576 002c 03       		.uleb128 0x3
 577 002d 06000000 		.4byte	.LASF12
 578 0031 02       		.byte	0x2
 579 0032 D8       		.byte	0xd8
 580 0033 37000000 		.4byte	0x37
 581 0037 04       		.uleb128 0x4
 582 0038 04       		.byte	0x4
 583 0039 07       		.byte	0x7
 584 003a 2B010000 		.4byte	.LASF0
 585 003e 04       		.uleb128 0x4
 586 003f 08       		.byte	0x8
 587 0040 05       		.byte	0x5
 588 0041 24020000 		.4byte	.LASF1
 589 0045 04       		.uleb128 0x4
 590 0046 08       		.byte	0x8
 591 0047 04       		.byte	0x4
 592 0048 79020000 		.4byte	.LASF2
 593 004c 04       		.uleb128 0x4
 594 004d 01       		.byte	0x1
 595 004e 06       		.byte	0x6
 596 004f 85020000 		.4byte	.LASF3
 597 0053 04       		.uleb128 0x4
 598 0054 01       		.byte	0x1
 599 0055 08       		.byte	0x8
 600 0056 AA000000 		.4byte	.LASF4
 601 005a 04       		.uleb128 0x4
 602 005b 02       		.byte	0x2
 603 005c 05       		.byte	0x5
 604 005d 51020000 		.4byte	.LASF5
 605 0061 04       		.uleb128 0x4
 606 0062 02       		.byte	0x2
 607 0063 07       		.byte	0x7
 608 0064 11020000 		.4byte	.LASF6
 609 0068 04       		.uleb128 0x4
 610 0069 04       		.byte	0x4
 611 006a 05       		.byte	0x5
 612 006b 70020000 		.4byte	.LASF7
 613 006f 04       		.uleb128 0x4
 614 0070 04       		.byte	0x4
 615 0071 07       		.byte	0x7
 616 0072 88000000 		.4byte	.LASF8
 617 0076 04       		.uleb128 0x4
 618 0077 08       		.byte	0x8
 619 0078 07       		.byte	0x7
 620 0079 4D010000 		.4byte	.LASF9
 621 007d 04       		.uleb128 0x4
 622 007e 04       		.byte	0x4
 623 007f 07       		.byte	0x7
 624 0080 08020000 		.4byte	.LASF10
 625 0084 05       		.uleb128 0x5
 626 0085 04       		.byte	0x4
ARM GAS  C:\Users\ADMIN\AppData\Local\Temp\cc6gBQUf.s 			page 20


 627 0086 04       		.uleb128 0x4
 628 0087 01       		.byte	0x1
 629 0088 08       		.byte	0x8
 630 0089 32020000 		.4byte	.LASF11
 631 008d 06       		.uleb128 0x6
 632 008e 9A000000 		.4byte	.LASF13
 633 0092 03       		.byte	0x3
 634 0093 E401     		.2byte	0x1e4
 635 0095 53000000 		.4byte	0x53
 636 0099 06       		.uleb128 0x6
 637 009a 12010000 		.4byte	.LASF14
 638 009e 03       		.byte	0x3
 639 009f E501     		.2byte	0x1e5
 640 00a1 61000000 		.4byte	0x61
 641 00a5 06       		.uleb128 0x6
 642 00a6 24010000 		.4byte	.LASF15
 643 00aa 03       		.byte	0x3
 644 00ab E601     		.2byte	0x1e6
 645 00ad 6F000000 		.4byte	0x6f
 646 00b1 04       		.uleb128 0x4
 647 00b2 04       		.byte	0x4
 648 00b3 04       		.byte	0x4
 649 00b4 68000000 		.4byte	.LASF16
 650 00b8 04       		.uleb128 0x4
 651 00b9 08       		.byte	0x8
 652 00ba 04       		.byte	0x4
 653 00bb BF000000 		.4byte	.LASF17
 654 00bf 06       		.uleb128 0x6
 655 00c0 83000000 		.4byte	.LASF18
 656 00c4 03       		.byte	0x3
 657 00c5 8E02     		.2byte	0x28e
 658 00c7 CB000000 		.4byte	0xcb
 659 00cb 07       		.uleb128 0x7
 660 00cc 8D000000 		.4byte	0x8d
 661 00d0 06       		.uleb128 0x6
 662 00d1 00000000 		.4byte	.LASF19
 663 00d5 03       		.byte	0x3
 664 00d6 9002     		.2byte	0x290
 665 00d8 DC000000 		.4byte	0xdc
 666 00dc 07       		.uleb128 0x7
 667 00dd A5000000 		.4byte	0xa5
 668 00e1 08       		.uleb128 0x8
 669 00e2 02       		.byte	0x2
 670 00e3 01       		.byte	0x1
 671 00e4 97       		.byte	0x97
 672 00e5 02010000 		.4byte	0x102
 673 00e9 09       		.uleb128 0x9
 674 00ea 4A020000 		.4byte	.LASF20
 675 00ee 01       		.byte	0x1
 676 00ef 99       		.byte	0x99
 677 00f0 8D000000 		.4byte	0x8d
 678 00f4 00       		.byte	0
 679 00f5 09       		.uleb128 0x9
 680 00f6 2D000000 		.4byte	.LASF21
 681 00fa 01       		.byte	0x1
 682 00fb 9A       		.byte	0x9a
 683 00fc 8D000000 		.4byte	0x8d
ARM GAS  C:\Users\ADMIN\AppData\Local\Temp\cc6gBQUf.s 			page 21


 684 0100 01       		.byte	0x1
 685 0101 00       		.byte	0
 686 0102 03       		.uleb128 0x3
 687 0103 37020000 		.4byte	.LASF22
 688 0107 01       		.byte	0x1
 689 0108 9B       		.byte	0x9b
 690 0109 E1000000 		.4byte	0xe1
 691 010d 0A       		.uleb128 0xa
 692 010e C6000000 		.4byte	.LASF27
 693 0112 01       		.byte	0x1
 694 0113 AE       		.byte	0xae
 695 0114 00000000 		.4byte	.LFB4
 696 0118 32000000 		.4byte	.LFE4-.LFB4
 697 011c 01       		.uleb128 0x1
 698 011d 9C       		.byte	0x9c
 699 011e 7F010000 		.4byte	0x17f
 700 0122 0B       		.uleb128 0xb
 701 0123 07010000 		.4byte	.LASF23
 702 0127 01       		.byte	0x1
 703 0128 AE       		.byte	0xae
 704 0129 7F010000 		.4byte	0x17f
 705 012d 01       		.uleb128 0x1
 706 012e 50       		.byte	0x50
 707 012f 0B       		.uleb128 0xb
 708 0130 19010000 		.4byte	.LASF24
 709 0134 01       		.byte	0x1
 710 0135 AE       		.byte	0xae
 711 0136 8A010000 		.4byte	0x18a
 712 013a 01       		.uleb128 0x1
 713 013b 51       		.byte	0x51
 714 013c 0C       		.uleb128 0xc
 715 013d 6900     		.ascii	"i\000"
 716 013f 01       		.byte	0x1
 717 0140 B1       		.byte	0xb1
 718 0141 A5000000 		.4byte	0xa5
 719 0145 00000000 		.4byte	.LLST0
 720 0149 0C       		.uleb128 0xc
 721 014a 6A00     		.ascii	"j\000"
 722 014c 01       		.byte	0x1
 723 014d B1       		.byte	0xb1
 724 014e A5000000 		.4byte	0xa5
 725 0152 1F000000 		.4byte	.LLST1
 726 0156 0D       		.uleb128 0xd
 727 0157 08000000 		.4byte	.LBB2
 728 015b 22000000 		.4byte	.LBE2-.LBB2
 729 015f 0E       		.uleb128 0xe
 730 0160 FF010000 		.4byte	.LASF25
 731 0164 01       		.byte	0x1
 732 0165 B4       		.byte	0xb4
 733 0166 A5000000 		.4byte	0xa5
 734 016a 3E000000 		.4byte	.LLST2
 735 016e 0E       		.uleb128 0xe
 736 016f 33000000 		.4byte	.LASF26
 737 0173 01       		.byte	0x1
 738 0174 B5       		.byte	0xb5
 739 0175 8D000000 		.4byte	0x8d
 740 0179 51000000 		.4byte	.LLST3
ARM GAS  C:\Users\ADMIN\AppData\Local\Temp\cc6gBQUf.s 			page 22


 741 017d 00       		.byte	0
 742 017e 00       		.byte	0
 743 017f 0F       		.uleb128 0xf
 744 0180 04       		.byte	0x4
 745 0181 85010000 		.4byte	0x185
 746 0185 10       		.uleb128 0x10
 747 0186 A5000000 		.4byte	0xa5
 748 018a 0F       		.uleb128 0xf
 749 018b 04       		.byte	0x4
 750 018c 90010000 		.4byte	0x190
 751 0190 10       		.uleb128 0x10
 752 0191 02010000 		.4byte	0x102
 753 0195 11       		.uleb128 0x11
 754 0196 0D000000 		.4byte	.LASF42
 755 019a 01       		.byte	0x1
 756 019b 0E01     		.2byte	0x10e
 757 019d 00000000 		.4byte	.LFB6
 758 01a1 20000000 		.4byte	.LFE6-.LFB6
 759 01a5 01       		.uleb128 0x1
 760 01a6 9C       		.byte	0x9c
 761 01a7 0A       		.uleb128 0xa
 762 01a8 A0000000 		.4byte	.LASF28
 763 01ac 01       		.byte	0x1
 764 01ad 4C       		.byte	0x4c
 765 01ae 00000000 		.4byte	.LFB1
 766 01b2 0C000000 		.4byte	.LFE1-.LFB1
 767 01b6 01       		.uleb128 0x1
 768 01b7 9C       		.byte	0x9c
 769 01b8 F4010000 		.4byte	0x1f4
 770 01bc 12       		.uleb128 0x12
 771 01bd 7300     		.ascii	"s\000"
 772 01bf 01       		.byte	0x1
 773 01c0 4C       		.byte	0x4c
 774 01c1 84000000 		.4byte	0x84
 775 01c5 6F000000 		.4byte	.LLST4
 776 01c9 12       		.uleb128 0x12
 777 01ca 6E00     		.ascii	"n\000"
 778 01cc 01       		.byte	0x1
 779 01cd 4C       		.byte	0x4c
 780 01ce 2C000000 		.4byte	0x2c
 781 01d2 90000000 		.4byte	.LLST5
 782 01d6 13       		.uleb128 0x13
 783 01d7 0A000000 		.4byte	.LVL14
 784 01db 91030000 		.4byte	0x391
 785 01df 14       		.uleb128 0x14
 786 01e0 01       		.uleb128 0x1
 787 01e1 50       		.byte	0x50
 788 01e2 03       		.uleb128 0x3
 789 01e3 F3       		.byte	0xf3
 790 01e4 01       		.uleb128 0x1
 791 01e5 50       		.byte	0x50
 792 01e6 14       		.uleb128 0x14
 793 01e7 01       		.uleb128 0x1
 794 01e8 51       		.byte	0x51
 795 01e9 01       		.uleb128 0x1
 796 01ea 30       		.byte	0x30
 797 01eb 14       		.uleb128 0x14
ARM GAS  C:\Users\ADMIN\AppData\Local\Temp\cc6gBQUf.s 			page 23


 798 01ec 01       		.uleb128 0x1
 799 01ed 52       		.byte	0x52
 800 01ee 03       		.uleb128 0x3
 801 01ef F3       		.byte	0xf3
 802 01f0 01       		.uleb128 0x1
 803 01f1 51       		.byte	0x51
 804 01f2 00       		.byte	0
 805 01f3 00       		.byte	0
 806 01f4 0A       		.uleb128 0xa
 807 01f5 39000000 		.4byte	.LASF29
 808 01f9 01       		.byte	0x1
 809 01fa D3       		.byte	0xd3
 810 01fb 00000000 		.4byte	.LFB5
 811 01ff B4000000 		.4byte	.LFE5-.LFB5
 812 0203 01       		.uleb128 0x1
 813 0204 9C       		.byte	0x9c
 814 0205 40020000 		.4byte	0x240
 815 0209 15       		.uleb128 0x15
 816 020a 0E000000 		.4byte	.LVL15
 817 020e 9A030000 		.4byte	0x39a
 818 0212 1D020000 		.4byte	0x21d
 819 0216 14       		.uleb128 0x14
 820 0217 01       		.uleb128 0x1
 821 0218 50       		.byte	0x50
 822 0219 02       		.uleb128 0x2
 823 021a 08       		.byte	0x8
 824 021b 30       		.byte	0x30
 825 021c 00       		.byte	0
 826 021d 15       		.uleb128 0x15
 827 021e 5E000000 		.4byte	.LVL16
 828 0222 A5030000 		.4byte	0x3a5
 829 0226 30020000 		.4byte	0x230
 830 022a 14       		.uleb128 0x14
 831 022b 01       		.uleb128 0x1
 832 022c 50       		.byte	0x50
 833 022d 01       		.uleb128 0x1
 834 022e 37       		.byte	0x37
 835 022f 00       		.byte	0
 836 0230 13       		.uleb128 0x13
 837 0231 64000000 		.4byte	.LVL17
 838 0235 B0030000 		.4byte	0x3b0
 839 0239 14       		.uleb128 0x14
 840 023a 01       		.uleb128 0x1
 841 023b 50       		.byte	0x50
 842 023c 01       		.uleb128 0x1
 843 023d 37       		.byte	0x37
 844 023e 00       		.byte	0
 845 023f 00       		.byte	0
 846 0240 16       		.uleb128 0x16
 847 0241 38010000 		.4byte	.LASF43
 848 0245 01       		.byte	0x1
 849 0246 2901     		.2byte	0x129
 850 0248 B4000000 		.4byte	.LFB7
 851 024c 28010000 		.4byte	.LFE7-.LFB7
 852 0250 01       		.uleb128 0x1
 853 0251 9C       		.byte	0x9c
 854 0252 67030000 		.4byte	0x367
ARM GAS  C:\Users\ADMIN\AppData\Local\Temp\cc6gBQUf.s 			page 24


 855 0256 17       		.uleb128 0x17
 856 0257 BE000000 		.4byte	.LBB3
 857 025b 7C000000 		.4byte	.LBE3-.LBB3
 858 025f 54030000 		.4byte	0x354
 859 0263 18       		.uleb128 0x18
 860 0264 44000000 		.4byte	.LASF30
 861 0268 01       		.byte	0x1
 862 0269 3101     		.2byte	0x131
 863 026b 77030000 		.4byte	0x377
 864 026f 05       		.uleb128 0x5
 865 0270 03       		.byte	0x3
 866 0271 54000000 		.4byte	cy_cfg_addr_table.4905
 867 0275 18       		.uleb128 0x18
 868 0276 56000000 		.4byte	.LASF31
 869 027a 01       		.byte	0x1
 870 027b 3901     		.2byte	0x139
 871 027d 8C030000 		.4byte	0x38c
 872 0281 05       		.uleb128 0x5
 873 0282 03       		.byte	0x3
 874 0283 0C000000 		.4byte	cy_cfg_data_table.4906
 875 0287 19       		.uleb128 0x19
 876 0288 06       		.byte	0x6
 877 0289 01       		.byte	0x1
 878 028a 6201     		.2byte	0x162
 879 028c AB020000 		.4byte	0x2ab
 880 0290 1A       		.uleb128 0x1a
 881 0291 45010000 		.4byte	.LASF32
 882 0295 01       		.byte	0x1
 883 0296 6301     		.2byte	0x163
 884 0298 84000000 		.4byte	0x84
 885 029c 00       		.byte	0
 886 029d 1A       		.uleb128 0x1a
 887 029e 7E000000 		.4byte	.LASF33
 888 02a2 01       		.byte	0x1
 889 02a3 6401     		.2byte	0x164
 890 02a5 99000000 		.4byte	0x99
 891 02a9 04       		.byte	0x4
 892 02aa 00       		.byte	0
 893 02ab 06       		.uleb128 0x6
 894 02ac F2010000 		.4byte	.LASF34
 895 02b0 01       		.byte	0x1
 896 02b1 6501     		.2byte	0x165
 897 02b3 87020000 		.4byte	0x287
 898 02b7 1B       		.uleb128 0x1b
 899 02b8 C7020000 		.4byte	0x2c7
 900 02bc C7020000 		.4byte	0x2c7
 901 02c0 1C       		.uleb128 0x1c
 902 02c1 7D000000 		.4byte	0x7d
 903 02c5 01       		.byte	0x1
 904 02c6 00       		.byte	0
 905 02c7 10       		.uleb128 0x10
 906 02c8 AB020000 		.4byte	0x2ab
 907 02cc 18       		.uleb128 0x18
 908 02cd 6E000000 		.4byte	.LASF35
 909 02d1 01       		.byte	0x1
 910 02d2 6701     		.2byte	0x167
 911 02d4 DE020000 		.4byte	0x2de
ARM GAS  C:\Users\ADMIN\AppData\Local\Temp\cc6gBQUf.s 			page 25


 912 02d8 05       		.uleb128 0x5
 913 02d9 03       		.byte	0x3
 914 02da 00000000 		.4byte	cfg_memset_list.4911
 915 02de 10       		.uleb128 0x10
 916 02df B7020000 		.4byte	0x2b7
 917 02e3 1D       		.uleb128 0x1d
 918 02e4 6900     		.ascii	"i\000"
 919 02e6 01       		.byte	0x1
 920 02e7 6D01     		.2byte	0x16d
 921 02e9 8D000000 		.4byte	0x8d
 922 02ed BC000000 		.4byte	.LLST6
 923 02f1 17       		.uleb128 0x17
 924 02f2 C2000000 		.4byte	.LBB4
 925 02f6 1C000000 		.4byte	.LBE4-.LBB4
 926 02fa 37030000 		.4byte	0x337
 927 02fe 1D       		.uleb128 0x1d
 928 02ff 6D7300   		.ascii	"ms\000"
 929 0302 01       		.byte	0x1
 930 0303 7201     		.2byte	0x172
 931 0305 0D030000 		.4byte	0x30d
 932 0309 E6000000 		.4byte	.LLST7
 933 030d 0F       		.uleb128 0xf
 934 030e 04       		.byte	0x4
 935 030f C7020000 		.4byte	0x2c7
 936 0313 13       		.uleb128 0x13
 937 0314 DE000000 		.4byte	.LVL20
 938 0318 A7010000 		.4byte	0x1a7
 939 031c 14       		.uleb128 0x14
 940 031d 01       		.uleb128 0x1
 941 031e 51       		.byte	0x51
 942 031f 15       		.uleb128 0x15
 943 0320 74       		.byte	0x74
 944 0321 00       		.sleb128 0
 945 0322 31       		.byte	0x31
 946 0323 24       		.byte	0x24
 947 0324 74       		.byte	0x74
 948 0325 00       		.sleb128 0
 949 0326 22       		.byte	0x22
 950 0327 31       		.byte	0x31
 951 0328 24       		.byte	0x24
 952 0329 03       		.byte	0x3
 953 032a 04000000 		.4byte	.LANCHOR0+4
 954 032e 22       		.byte	0x22
 955 032f 94       		.byte	0x94
 956 0330 02       		.byte	0x2
 957 0331 0A       		.byte	0xa
 958 0332 FFFF     		.2byte	0xffff
 959 0334 1A       		.byte	0x1a
 960 0335 00       		.byte	0
 961 0336 00       		.byte	0
 962 0337 13       		.uleb128 0x13
 963 0338 F2000000 		.4byte	.LVL23
 964 033c 0D010000 		.4byte	0x10d
 965 0340 14       		.uleb128 0x14
 966 0341 01       		.uleb128 0x1
 967 0342 50       		.byte	0x50
 968 0343 05       		.uleb128 0x5
ARM GAS  C:\Users\ADMIN\AppData\Local\Temp\cc6gBQUf.s 			page 26


 969 0344 03       		.byte	0x3
 970 0345 54000000 		.4byte	.LANCHOR0+84
 971 0349 14       		.uleb128 0x14
 972 034a 01       		.uleb128 0x1
 973 034b 51       		.byte	0x51
 974 034c 05       		.uleb128 0x5
 975 034d 03       		.byte	0x3
 976 034e 0C000000 		.4byte	.LANCHOR0+12
 977 0352 00       		.byte	0
 978 0353 00       		.byte	0
 979 0354 1E       		.uleb128 0x1e
 980 0355 72010000 		.4byte	.LVL24
 981 0359 F4010000 		.4byte	0x1f4
 982 035d 1E       		.uleb128 0x1e
 983 035e 76010000 		.4byte	.LVL25
 984 0362 95010000 		.4byte	0x195
 985 0366 00       		.byte	0
 986 0367 1B       		.uleb128 0x1b
 987 0368 85010000 		.4byte	0x185
 988 036c 77030000 		.4byte	0x377
 989 0370 1C       		.uleb128 0x1c
 990 0371 7D000000 		.4byte	0x7d
 991 0375 04       		.byte	0x4
 992 0376 00       		.byte	0
 993 0377 10       		.uleb128 0x10
 994 0378 67030000 		.4byte	0x367
 995 037c 1B       		.uleb128 0x1b
 996 037d 90010000 		.4byte	0x190
 997 0381 8C030000 		.4byte	0x38c
 998 0385 1C       		.uleb128 0x1c
 999 0386 7D000000 		.4byte	0x7d
 1000 038a 23       		.byte	0x23
 1001 038b 00       		.byte	0
 1002 038c 10       		.uleb128 0x10
 1003 038d 7C030000 		.4byte	0x37c
 1004 0391 1F       		.uleb128 0x1f
 1005 0392 B8000000 		.4byte	.LASF44
 1006 0396 B8000000 		.4byte	.LASF44
 1007 039a 20       		.uleb128 0x20
 1008 039b 5B020000 		.4byte	.LASF36
 1009 039f 5B020000 		.4byte	.LASF36
 1010 03a3 04       		.byte	0x4
 1011 03a4 6C       		.byte	0x6c
 1012 03a5 20       		.uleb128 0x20
 1013 03a6 1E000000 		.4byte	.LASF37
 1014 03aa 1E000000 		.4byte	.LASF37
 1015 03ae 04       		.byte	0x4
 1016 03af BD       		.byte	0xbd
 1017 03b0 20       		.uleb128 0x20
 1018 03b1 D8000000 		.4byte	.LASF38
 1019 03b5 D8000000 		.4byte	.LASF38
 1020 03b9 04       		.byte	0x4
 1021 03ba C3       		.byte	0xc3
 1022 03bb 00       		.byte	0
 1023              		.section	.debug_abbrev,"",%progbits
 1024              	.Ldebug_abbrev0:
 1025 0000 01       		.uleb128 0x1
ARM GAS  C:\Users\ADMIN\AppData\Local\Temp\cc6gBQUf.s 			page 27


 1026 0001 11       		.uleb128 0x11
 1027 0002 01       		.byte	0x1
 1028 0003 25       		.uleb128 0x25
 1029 0004 0E       		.uleb128 0xe
 1030 0005 13       		.uleb128 0x13
 1031 0006 0B       		.uleb128 0xb
 1032 0007 03       		.uleb128 0x3
 1033 0008 0E       		.uleb128 0xe
 1034 0009 1B       		.uleb128 0x1b
 1035 000a 0E       		.uleb128 0xe
 1036 000b 55       		.uleb128 0x55
 1037 000c 17       		.uleb128 0x17
 1038 000d 11       		.uleb128 0x11
 1039 000e 01       		.uleb128 0x1
 1040 000f 10       		.uleb128 0x10
 1041 0010 17       		.uleb128 0x17
 1042 0011 00       		.byte	0
 1043 0012 00       		.byte	0
 1044 0013 02       		.uleb128 0x2
 1045 0014 24       		.uleb128 0x24
 1046 0015 00       		.byte	0
 1047 0016 0B       		.uleb128 0xb
 1048 0017 0B       		.uleb128 0xb
 1049 0018 3E       		.uleb128 0x3e
 1050 0019 0B       		.uleb128 0xb
 1051 001a 03       		.uleb128 0x3
 1052 001b 08       		.uleb128 0x8
 1053 001c 00       		.byte	0
 1054 001d 00       		.byte	0
 1055 001e 03       		.uleb128 0x3
 1056 001f 16       		.uleb128 0x16
 1057 0020 00       		.byte	0
 1058 0021 03       		.uleb128 0x3
 1059 0022 0E       		.uleb128 0xe
 1060 0023 3A       		.uleb128 0x3a
 1061 0024 0B       		.uleb128 0xb
 1062 0025 3B       		.uleb128 0x3b
 1063 0026 0B       		.uleb128 0xb
 1064 0027 49       		.uleb128 0x49
 1065 0028 13       		.uleb128 0x13
 1066 0029 00       		.byte	0
 1067 002a 00       		.byte	0
 1068 002b 04       		.uleb128 0x4
 1069 002c 24       		.uleb128 0x24
 1070 002d 00       		.byte	0
 1071 002e 0B       		.uleb128 0xb
 1072 002f 0B       		.uleb128 0xb
 1073 0030 3E       		.uleb128 0x3e
 1074 0031 0B       		.uleb128 0xb
 1075 0032 03       		.uleb128 0x3
 1076 0033 0E       		.uleb128 0xe
 1077 0034 00       		.byte	0
 1078 0035 00       		.byte	0
 1079 0036 05       		.uleb128 0x5
 1080 0037 0F       		.uleb128 0xf
 1081 0038 00       		.byte	0
 1082 0039 0B       		.uleb128 0xb
ARM GAS  C:\Users\ADMIN\AppData\Local\Temp\cc6gBQUf.s 			page 28


 1083 003a 0B       		.uleb128 0xb
 1084 003b 00       		.byte	0
 1085 003c 00       		.byte	0
 1086 003d 06       		.uleb128 0x6
 1087 003e 16       		.uleb128 0x16
 1088 003f 00       		.byte	0
 1089 0040 03       		.uleb128 0x3
 1090 0041 0E       		.uleb128 0xe
 1091 0042 3A       		.uleb128 0x3a
 1092 0043 0B       		.uleb128 0xb
 1093 0044 3B       		.uleb128 0x3b
 1094 0045 05       		.uleb128 0x5
 1095 0046 49       		.uleb128 0x49
 1096 0047 13       		.uleb128 0x13
 1097 0048 00       		.byte	0
 1098 0049 00       		.byte	0
 1099 004a 07       		.uleb128 0x7
 1100 004b 35       		.uleb128 0x35
 1101 004c 00       		.byte	0
 1102 004d 49       		.uleb128 0x49
 1103 004e 13       		.uleb128 0x13
 1104 004f 00       		.byte	0
 1105 0050 00       		.byte	0
 1106 0051 08       		.uleb128 0x8
 1107 0052 13       		.uleb128 0x13
 1108 0053 01       		.byte	0x1
 1109 0054 0B       		.uleb128 0xb
 1110 0055 0B       		.uleb128 0xb
 1111 0056 3A       		.uleb128 0x3a
 1112 0057 0B       		.uleb128 0xb
 1113 0058 3B       		.uleb128 0x3b
 1114 0059 0B       		.uleb128 0xb
 1115 005a 01       		.uleb128 0x1
 1116 005b 13       		.uleb128 0x13
 1117 005c 00       		.byte	0
 1118 005d 00       		.byte	0
 1119 005e 09       		.uleb128 0x9
 1120 005f 0D       		.uleb128 0xd
 1121 0060 00       		.byte	0
 1122 0061 03       		.uleb128 0x3
 1123 0062 0E       		.uleb128 0xe
 1124 0063 3A       		.uleb128 0x3a
 1125 0064 0B       		.uleb128 0xb
 1126 0065 3B       		.uleb128 0x3b
 1127 0066 0B       		.uleb128 0xb
 1128 0067 49       		.uleb128 0x49
 1129 0068 13       		.uleb128 0x13
 1130 0069 38       		.uleb128 0x38
 1131 006a 0B       		.uleb128 0xb
 1132 006b 00       		.byte	0
 1133 006c 00       		.byte	0
 1134 006d 0A       		.uleb128 0xa
 1135 006e 2E       		.uleb128 0x2e
 1136 006f 01       		.byte	0x1
 1137 0070 03       		.uleb128 0x3
 1138 0071 0E       		.uleb128 0xe
 1139 0072 3A       		.uleb128 0x3a
ARM GAS  C:\Users\ADMIN\AppData\Local\Temp\cc6gBQUf.s 			page 29


 1140 0073 0B       		.uleb128 0xb
 1141 0074 3B       		.uleb128 0x3b
 1142 0075 0B       		.uleb128 0xb
 1143 0076 27       		.uleb128 0x27
 1144 0077 19       		.uleb128 0x19
 1145 0078 11       		.uleb128 0x11
 1146 0079 01       		.uleb128 0x1
 1147 007a 12       		.uleb128 0x12
 1148 007b 06       		.uleb128 0x6
 1149 007c 40       		.uleb128 0x40
 1150 007d 18       		.uleb128 0x18
 1151 007e 9742     		.uleb128 0x2117
 1152 0080 19       		.uleb128 0x19
 1153 0081 01       		.uleb128 0x1
 1154 0082 13       		.uleb128 0x13
 1155 0083 00       		.byte	0
 1156 0084 00       		.byte	0
 1157 0085 0B       		.uleb128 0xb
 1158 0086 05       		.uleb128 0x5
 1159 0087 00       		.byte	0
 1160 0088 03       		.uleb128 0x3
 1161 0089 0E       		.uleb128 0xe
 1162 008a 3A       		.uleb128 0x3a
 1163 008b 0B       		.uleb128 0xb
 1164 008c 3B       		.uleb128 0x3b
 1165 008d 0B       		.uleb128 0xb
 1166 008e 49       		.uleb128 0x49
 1167 008f 13       		.uleb128 0x13
 1168 0090 02       		.uleb128 0x2
 1169 0091 18       		.uleb128 0x18
 1170 0092 00       		.byte	0
 1171 0093 00       		.byte	0
 1172 0094 0C       		.uleb128 0xc
 1173 0095 34       		.uleb128 0x34
 1174 0096 00       		.byte	0
 1175 0097 03       		.uleb128 0x3
 1176 0098 08       		.uleb128 0x8
 1177 0099 3A       		.uleb128 0x3a
 1178 009a 0B       		.uleb128 0xb
 1179 009b 3B       		.uleb128 0x3b
 1180 009c 0B       		.uleb128 0xb
 1181 009d 49       		.uleb128 0x49
 1182 009e 13       		.uleb128 0x13
 1183 009f 02       		.uleb128 0x2
 1184 00a0 17       		.uleb128 0x17
 1185 00a1 00       		.byte	0
 1186 00a2 00       		.byte	0
 1187 00a3 0D       		.uleb128 0xd
 1188 00a4 0B       		.uleb128 0xb
 1189 00a5 01       		.byte	0x1
 1190 00a6 11       		.uleb128 0x11
 1191 00a7 01       		.uleb128 0x1
 1192 00a8 12       		.uleb128 0x12
 1193 00a9 06       		.uleb128 0x6
 1194 00aa 00       		.byte	0
 1195 00ab 00       		.byte	0
 1196 00ac 0E       		.uleb128 0xe
ARM GAS  C:\Users\ADMIN\AppData\Local\Temp\cc6gBQUf.s 			page 30


 1197 00ad 34       		.uleb128 0x34
 1198 00ae 00       		.byte	0
 1199 00af 03       		.uleb128 0x3
 1200 00b0 0E       		.uleb128 0xe
 1201 00b1 3A       		.uleb128 0x3a
 1202 00b2 0B       		.uleb128 0xb
 1203 00b3 3B       		.uleb128 0x3b
 1204 00b4 0B       		.uleb128 0xb
 1205 00b5 49       		.uleb128 0x49
 1206 00b6 13       		.uleb128 0x13
 1207 00b7 02       		.uleb128 0x2
 1208 00b8 17       		.uleb128 0x17
 1209 00b9 00       		.byte	0
 1210 00ba 00       		.byte	0
 1211 00bb 0F       		.uleb128 0xf
 1212 00bc 0F       		.uleb128 0xf
 1213 00bd 00       		.byte	0
 1214 00be 0B       		.uleb128 0xb
 1215 00bf 0B       		.uleb128 0xb
 1216 00c0 49       		.uleb128 0x49
 1217 00c1 13       		.uleb128 0x13
 1218 00c2 00       		.byte	0
 1219 00c3 00       		.byte	0
 1220 00c4 10       		.uleb128 0x10
 1221 00c5 26       		.uleb128 0x26
 1222 00c6 00       		.byte	0
 1223 00c7 49       		.uleb128 0x49
 1224 00c8 13       		.uleb128 0x13
 1225 00c9 00       		.byte	0
 1226 00ca 00       		.byte	0
 1227 00cb 11       		.uleb128 0x11
 1228 00cc 2E       		.uleb128 0x2e
 1229 00cd 00       		.byte	0
 1230 00ce 03       		.uleb128 0x3
 1231 00cf 0E       		.uleb128 0xe
 1232 00d0 3A       		.uleb128 0x3a
 1233 00d1 0B       		.uleb128 0xb
 1234 00d2 3B       		.uleb128 0x3b
 1235 00d3 05       		.uleb128 0x5
 1236 00d4 27       		.uleb128 0x27
 1237 00d5 19       		.uleb128 0x19
 1238 00d6 11       		.uleb128 0x11
 1239 00d7 01       		.uleb128 0x1
 1240 00d8 12       		.uleb128 0x12
 1241 00d9 06       		.uleb128 0x6
 1242 00da 40       		.uleb128 0x40
 1243 00db 18       		.uleb128 0x18
 1244 00dc 9742     		.uleb128 0x2117
 1245 00de 19       		.uleb128 0x19
 1246 00df 00       		.byte	0
 1247 00e0 00       		.byte	0
 1248 00e1 12       		.uleb128 0x12
 1249 00e2 05       		.uleb128 0x5
 1250 00e3 00       		.byte	0
 1251 00e4 03       		.uleb128 0x3
 1252 00e5 08       		.uleb128 0x8
 1253 00e6 3A       		.uleb128 0x3a
ARM GAS  C:\Users\ADMIN\AppData\Local\Temp\cc6gBQUf.s 			page 31


 1254 00e7 0B       		.uleb128 0xb
 1255 00e8 3B       		.uleb128 0x3b
 1256 00e9 0B       		.uleb128 0xb
 1257 00ea 49       		.uleb128 0x49
 1258 00eb 13       		.uleb128 0x13
 1259 00ec 02       		.uleb128 0x2
 1260 00ed 17       		.uleb128 0x17
 1261 00ee 00       		.byte	0
 1262 00ef 00       		.byte	0
 1263 00f0 13       		.uleb128 0x13
 1264 00f1 898201   		.uleb128 0x4109
 1265 00f4 01       		.byte	0x1
 1266 00f5 11       		.uleb128 0x11
 1267 00f6 01       		.uleb128 0x1
 1268 00f7 31       		.uleb128 0x31
 1269 00f8 13       		.uleb128 0x13
 1270 00f9 00       		.byte	0
 1271 00fa 00       		.byte	0
 1272 00fb 14       		.uleb128 0x14
 1273 00fc 8A8201   		.uleb128 0x410a
 1274 00ff 00       		.byte	0
 1275 0100 02       		.uleb128 0x2
 1276 0101 18       		.uleb128 0x18
 1277 0102 9142     		.uleb128 0x2111
 1278 0104 18       		.uleb128 0x18
 1279 0105 00       		.byte	0
 1280 0106 00       		.byte	0
 1281 0107 15       		.uleb128 0x15
 1282 0108 898201   		.uleb128 0x4109
 1283 010b 01       		.byte	0x1
 1284 010c 11       		.uleb128 0x11
 1285 010d 01       		.uleb128 0x1
 1286 010e 31       		.uleb128 0x31
 1287 010f 13       		.uleb128 0x13
 1288 0110 01       		.uleb128 0x1
 1289 0111 13       		.uleb128 0x13
 1290 0112 00       		.byte	0
 1291 0113 00       		.byte	0
 1292 0114 16       		.uleb128 0x16
 1293 0115 2E       		.uleb128 0x2e
 1294 0116 01       		.byte	0x1
 1295 0117 3F       		.uleb128 0x3f
 1296 0118 19       		.uleb128 0x19
 1297 0119 03       		.uleb128 0x3
 1298 011a 0E       		.uleb128 0xe
 1299 011b 3A       		.uleb128 0x3a
 1300 011c 0B       		.uleb128 0xb
 1301 011d 3B       		.uleb128 0x3b
 1302 011e 05       		.uleb128 0x5
 1303 011f 27       		.uleb128 0x27
 1304 0120 19       		.uleb128 0x19
 1305 0121 11       		.uleb128 0x11
 1306 0122 01       		.uleb128 0x1
 1307 0123 12       		.uleb128 0x12
 1308 0124 06       		.uleb128 0x6
 1309 0125 40       		.uleb128 0x40
 1310 0126 18       		.uleb128 0x18
ARM GAS  C:\Users\ADMIN\AppData\Local\Temp\cc6gBQUf.s 			page 32


 1311 0127 9742     		.uleb128 0x2117
 1312 0129 19       		.uleb128 0x19
 1313 012a 01       		.uleb128 0x1
 1314 012b 13       		.uleb128 0x13
 1315 012c 00       		.byte	0
 1316 012d 00       		.byte	0
 1317 012e 17       		.uleb128 0x17
 1318 012f 0B       		.uleb128 0xb
 1319 0130 01       		.byte	0x1
 1320 0131 11       		.uleb128 0x11
 1321 0132 01       		.uleb128 0x1
 1322 0133 12       		.uleb128 0x12
 1323 0134 06       		.uleb128 0x6
 1324 0135 01       		.uleb128 0x1
 1325 0136 13       		.uleb128 0x13
 1326 0137 00       		.byte	0
 1327 0138 00       		.byte	0
 1328 0139 18       		.uleb128 0x18
 1329 013a 34       		.uleb128 0x34
 1330 013b 00       		.byte	0
 1331 013c 03       		.uleb128 0x3
 1332 013d 0E       		.uleb128 0xe
 1333 013e 3A       		.uleb128 0x3a
 1334 013f 0B       		.uleb128 0xb
 1335 0140 3B       		.uleb128 0x3b
 1336 0141 05       		.uleb128 0x5
 1337 0142 49       		.uleb128 0x49
 1338 0143 13       		.uleb128 0x13
 1339 0144 02       		.uleb128 0x2
 1340 0145 18       		.uleb128 0x18
 1341 0146 00       		.byte	0
 1342 0147 00       		.byte	0
 1343 0148 19       		.uleb128 0x19
 1344 0149 13       		.uleb128 0x13
 1345 014a 01       		.byte	0x1
 1346 014b 0B       		.uleb128 0xb
 1347 014c 0B       		.uleb128 0xb
 1348 014d 3A       		.uleb128 0x3a
 1349 014e 0B       		.uleb128 0xb
 1350 014f 3B       		.uleb128 0x3b
 1351 0150 05       		.uleb128 0x5
 1352 0151 01       		.uleb128 0x1
 1353 0152 13       		.uleb128 0x13
 1354 0153 00       		.byte	0
 1355 0154 00       		.byte	0
 1356 0155 1A       		.uleb128 0x1a
 1357 0156 0D       		.uleb128 0xd
 1358 0157 00       		.byte	0
 1359 0158 03       		.uleb128 0x3
 1360 0159 0E       		.uleb128 0xe
 1361 015a 3A       		.uleb128 0x3a
 1362 015b 0B       		.uleb128 0xb
 1363 015c 3B       		.uleb128 0x3b
 1364 015d 05       		.uleb128 0x5
 1365 015e 49       		.uleb128 0x49
 1366 015f 13       		.uleb128 0x13
 1367 0160 38       		.uleb128 0x38
ARM GAS  C:\Users\ADMIN\AppData\Local\Temp\cc6gBQUf.s 			page 33


 1368 0161 0B       		.uleb128 0xb
 1369 0162 00       		.byte	0
 1370 0163 00       		.byte	0
 1371 0164 1B       		.uleb128 0x1b
 1372 0165 01       		.uleb128 0x1
 1373 0166 01       		.byte	0x1
 1374 0167 49       		.uleb128 0x49
 1375 0168 13       		.uleb128 0x13
 1376 0169 01       		.uleb128 0x1
 1377 016a 13       		.uleb128 0x13
 1378 016b 00       		.byte	0
 1379 016c 00       		.byte	0
 1380 016d 1C       		.uleb128 0x1c
 1381 016e 21       		.uleb128 0x21
 1382 016f 00       		.byte	0
 1383 0170 49       		.uleb128 0x49
 1384 0171 13       		.uleb128 0x13
 1385 0172 2F       		.uleb128 0x2f
 1386 0173 0B       		.uleb128 0xb
 1387 0174 00       		.byte	0
 1388 0175 00       		.byte	0
 1389 0176 1D       		.uleb128 0x1d
 1390 0177 34       		.uleb128 0x34
 1391 0178 00       		.byte	0
 1392 0179 03       		.uleb128 0x3
 1393 017a 08       		.uleb128 0x8
 1394 017b 3A       		.uleb128 0x3a
 1395 017c 0B       		.uleb128 0xb
 1396 017d 3B       		.uleb128 0x3b
 1397 017e 05       		.uleb128 0x5
 1398 017f 49       		.uleb128 0x49
 1399 0180 13       		.uleb128 0x13
 1400 0181 02       		.uleb128 0x2
 1401 0182 17       		.uleb128 0x17
 1402 0183 00       		.byte	0
 1403 0184 00       		.byte	0
 1404 0185 1E       		.uleb128 0x1e
 1405 0186 898201   		.uleb128 0x4109
 1406 0189 00       		.byte	0
 1407 018a 11       		.uleb128 0x11
 1408 018b 01       		.uleb128 0x1
 1409 018c 31       		.uleb128 0x31
 1410 018d 13       		.uleb128 0x13
 1411 018e 00       		.byte	0
 1412 018f 00       		.byte	0
 1413 0190 1F       		.uleb128 0x1f
 1414 0191 2E       		.uleb128 0x2e
 1415 0192 00       		.byte	0
 1416 0193 3F       		.uleb128 0x3f
 1417 0194 19       		.uleb128 0x19
 1418 0195 3C       		.uleb128 0x3c
 1419 0196 19       		.uleb128 0x19
 1420 0197 6E       		.uleb128 0x6e
 1421 0198 0E       		.uleb128 0xe
 1422 0199 03       		.uleb128 0x3
 1423 019a 0E       		.uleb128 0xe
 1424 019b 00       		.byte	0
ARM GAS  C:\Users\ADMIN\AppData\Local\Temp\cc6gBQUf.s 			page 34


 1425 019c 00       		.byte	0
 1426 019d 20       		.uleb128 0x20
 1427 019e 2E       		.uleb128 0x2e
 1428 019f 00       		.byte	0
 1429 01a0 3F       		.uleb128 0x3f
 1430 01a1 19       		.uleb128 0x19
 1431 01a2 3C       		.uleb128 0x3c
 1432 01a3 19       		.uleb128 0x19
 1433 01a4 6E       		.uleb128 0x6e
 1434 01a5 0E       		.uleb128 0xe
 1435 01a6 03       		.uleb128 0x3
 1436 01a7 0E       		.uleb128 0xe
 1437 01a8 3A       		.uleb128 0x3a
 1438 01a9 0B       		.uleb128 0xb
 1439 01aa 3B       		.uleb128 0x3b
 1440 01ab 0B       		.uleb128 0xb
 1441 01ac 00       		.byte	0
 1442 01ad 00       		.byte	0
 1443 01ae 00       		.byte	0
 1444              		.section	.debug_loc,"",%progbits
 1445              	.Ldebug_loc0:
 1446              	.LLST0:
 1447 0000 02000000 		.4byte	.LVL1
 1448 0004 08000000 		.4byte	.LVL2
 1449 0008 0200     		.2byte	0x2
 1450 000a 30       		.byte	0x30
 1451 000b 9F       		.byte	0x9f
 1452 000c 08000000 		.4byte	.LVL2
 1453 0010 30000000 		.4byte	.LVL11
 1454 0014 0100     		.2byte	0x1
 1455 0016 57       		.byte	0x57
 1456 0017 00000000 		.4byte	0
 1457 001b 00000000 		.4byte	0
 1458              	.LLST1:
 1459 001f 02000000 		.4byte	.LVL1
 1460 0023 08000000 		.4byte	.LVL2
 1461 0027 0200     		.2byte	0x2
 1462 0029 30       		.byte	0x30
 1463 002a 9F       		.byte	0x9f
 1464 002b 08000000 		.4byte	.LVL2
 1465 002f 30000000 		.4byte	.LVL10
 1466 0033 0100     		.2byte	0x1
 1467 0035 55       		.byte	0x55
 1468 0036 00000000 		.4byte	0
 1469 003a 00000000 		.4byte	0
 1470              	.LLST2:
 1471 003e 0C000000 		.4byte	.LVL3
 1472 0042 2C000000 		.4byte	.LVL9
 1473 0046 0100     		.2byte	0x1
 1474 0048 56       		.byte	0x56
 1475 0049 00000000 		.4byte	0
 1476 004d 00000000 		.4byte	0
 1477              	.LLST3:
 1478 0051 0E000000 		.4byte	.LVL4
 1479 0055 24000000 		.4byte	.LVL7
 1480 0059 0100     		.2byte	0x1
 1481 005b 53       		.byte	0x53
ARM GAS  C:\Users\ADMIN\AppData\Local\Temp\cc6gBQUf.s 			page 35


 1482 005c 26000000 		.4byte	.LVL8
 1483 0060 2C000000 		.4byte	.LVL9
 1484 0064 0100     		.2byte	0x1
 1485 0066 53       		.byte	0x53
 1486 0067 00000000 		.4byte	0
 1487 006b 00000000 		.4byte	0
 1488              	.LLST4:
 1489 006f 00000000 		.4byte	.LVL12
 1490 0073 09000000 		.4byte	.LVL14-1
 1491 0077 0100     		.2byte	0x1
 1492 0079 50       		.byte	0x50
 1493 007a 09000000 		.4byte	.LVL14-1
 1494 007e 0C000000 		.4byte	.LFE1
 1495 0082 0400     		.2byte	0x4
 1496 0084 F3       		.byte	0xf3
 1497 0085 01       		.uleb128 0x1
 1498 0086 50       		.byte	0x50
 1499 0087 9F       		.byte	0x9f
 1500 0088 00000000 		.4byte	0
 1501 008c 00000000 		.4byte	0
 1502              	.LLST5:
 1503 0090 00000000 		.4byte	.LVL12
 1504 0094 06000000 		.4byte	.LVL13
 1505 0098 0100     		.2byte	0x1
 1506 009a 51       		.byte	0x51
 1507 009b 06000000 		.4byte	.LVL13
 1508 009f 09000000 		.4byte	.LVL14-1
 1509 00a3 0100     		.2byte	0x1
 1510 00a5 52       		.byte	0x52
 1511 00a6 09000000 		.4byte	.LVL14-1
 1512 00aa 0C000000 		.4byte	.LFE1
 1513 00ae 0400     		.2byte	0x4
 1514 00b0 F3       		.byte	0xf3
 1515 00b1 01       		.uleb128 0x1
 1516 00b2 51       		.byte	0x51
 1517 00b3 9F       		.byte	0x9f
 1518 00b4 00000000 		.4byte	0
 1519 00b8 00000000 		.4byte	0
 1520              	.LLST6:
 1521 00bc BE000000 		.4byte	.LVL18
 1522 00c0 C2000000 		.4byte	.LVL19
 1523 00c4 0200     		.2byte	0x2
 1524 00c6 30       		.byte	0x30
 1525 00c7 9F       		.byte	0x9f
 1526 00c8 C2000000 		.4byte	.LVL19
 1527 00cc E0000000 		.4byte	.LVL21
 1528 00d0 0100     		.2byte	0x1
 1529 00d2 54       		.byte	0x54
 1530 00d3 E2000000 		.4byte	.LVL22
 1531 00d7 76010000 		.4byte	.LVL26
 1532 00db 0100     		.2byte	0x1
 1533 00dd 54       		.byte	0x54
 1534 00de 00000000 		.4byte	0
 1535 00e2 00000000 		.4byte	0
 1536              	.LLST7:
 1537 00e6 C2000000 		.4byte	.LVL19
 1538 00ea E0000000 		.4byte	.LVL21
ARM GAS  C:\Users\ADMIN\AppData\Local\Temp\cc6gBQUf.s 			page 36


 1539 00ee 0B00     		.2byte	0xb
 1540 00f0 74       		.byte	0x74
 1541 00f1 00       		.sleb128 0
 1542 00f2 36       		.byte	0x36
 1543 00f3 1E       		.byte	0x1e
 1544 00f4 03       		.byte	0x3
 1545 00f5 00000000 		.4byte	cfg_memset_list.4911
 1546 00f9 22       		.byte	0x22
 1547 00fa 9F       		.byte	0x9f
 1548 00fb E0000000 		.4byte	.LVL21
 1549 00ff E2000000 		.4byte	.LVL22
 1550 0103 0B00     		.2byte	0xb
 1551 0105 74       		.byte	0x74
 1552 0106 7F       		.sleb128 -1
 1553 0107 36       		.byte	0x36
 1554 0108 1E       		.byte	0x1e
 1555 0109 03       		.byte	0x3
 1556 010a 00000000 		.4byte	cfg_memset_list.4911
 1557 010e 22       		.byte	0x22
 1558 010f 9F       		.byte	0x9f
 1559 0110 00000000 		.4byte	0
 1560 0114 00000000 		.4byte	0
 1561              		.section	.debug_aranges,"",%progbits
 1562 0000 3C000000 		.4byte	0x3c
 1563 0004 0200     		.2byte	0x2
 1564 0006 00000000 		.4byte	.Ldebug_info0
 1565 000a 04       		.byte	0x4
 1566 000b 00       		.byte	0
 1567 000c 0000     		.2byte	0
 1568 000e 0000     		.2byte	0
 1569 0010 00000000 		.4byte	.LFB4
 1570 0014 32000000 		.4byte	.LFE4-.LFB4
 1571 0018 00000000 		.4byte	.LFB6
 1572 001c 20000000 		.4byte	.LFE6-.LFB6
 1573 0020 00000000 		.4byte	.LFB1
 1574 0024 0C000000 		.4byte	.LFE1-.LFB1
 1575 0028 00000000 		.4byte	.LFB5
 1576 002c B4000000 		.4byte	.LFE5-.LFB5
 1577 0030 B4000000 		.4byte	.LFB7
 1578 0034 28010000 		.4byte	.LFE7-.LFB7
 1579 0038 00000000 		.4byte	0
 1580 003c 00000000 		.4byte	0
 1581              		.section	.debug_ranges,"",%progbits
 1582              	.Ldebug_ranges0:
 1583 0000 00000000 		.4byte	.LFB4
 1584 0004 32000000 		.4byte	.LFE4
 1585 0008 00000000 		.4byte	.LFB6
 1586 000c 20000000 		.4byte	.LFE6
 1587 0010 00000000 		.4byte	.LFB1
 1588 0014 0C000000 		.4byte	.LFE1
 1589 0018 00000000 		.4byte	.LFB5
 1590 001c B4000000 		.4byte	.LFE5
 1591 0020 B4000000 		.4byte	.LFB7
 1592 0024 DC010000 		.4byte	.LFE7
 1593 0028 00000000 		.4byte	0
 1594 002c 00000000 		.4byte	0
 1595              		.section	.debug_line,"",%progbits
ARM GAS  C:\Users\ADMIN\AppData\Local\Temp\cc6gBQUf.s 			page 37


 1596              	.Ldebug_line0:
 1597 0000 80010000 		.section	.debug_str,"MS",%progbits,1
 1597      0200D600 
 1597      00000201 
 1597      FB0E0D00 
 1597      01010101 
 1598              	.LASF19:
 1599 0000 72656733 		.ascii	"reg32\000"
 1599      3200
 1600              	.LASF12:
 1601 0006 73697A65 		.ascii	"size_t\000"
 1601      5F7400
 1602              	.LASF42:
 1603 000d 416E616C 		.ascii	"AnalogSetDefault\000"
 1603      6F675365 
 1603      74446566 
 1603      61756C74 
 1603      00
 1604              	.LASF37:
 1605 001e 4379496E 		.ascii	"CyIntSetVector\000"
 1605      74536574 
 1605      56656374 
 1605      6F7200
 1606              	.LASF21:
 1607 002d 76616C75 		.ascii	"value\000"
 1607      6500
 1608              	.LASF26:
 1609 0033 636F756E 		.ascii	"count\000"
 1609      7400
 1610              	.LASF29:
 1611 0039 436C6F63 		.ascii	"ClockSetup\000"
 1611      6B536574 
 1611      757000
 1612              	.LASF30:
 1613 0044 63795F63 		.ascii	"cy_cfg_addr_table\000"
 1613      66675F61 
 1613      6464725F 
 1613      7461626C 
 1613      6500
 1614              	.LASF31:
 1615 0056 63795F63 		.ascii	"cy_cfg_data_table\000"
 1615      66675F64 
 1615      6174615F 
 1615      7461626C 
 1615      6500
 1616              	.LASF16:
 1617 0068 666C6F61 		.ascii	"float\000"
 1617      7400
 1618              	.LASF35:
 1619 006e 6366675F 		.ascii	"cfg_memset_list\000"
 1619      6D656D73 
 1619      65745F6C 
 1619      69737400 
 1620              	.LASF33:
 1621 007e 73697A65 		.ascii	"size\000"
 1621      00
 1622              	.LASF18:
ARM GAS  C:\Users\ADMIN\AppData\Local\Temp\cc6gBQUf.s 			page 38


 1623 0083 72656738 		.ascii	"reg8\000"
 1623      00
 1624              	.LASF8:
 1625 0088 6C6F6E67 		.ascii	"long unsigned int\000"
 1625      20756E73 
 1625      69676E65 
 1625      6420696E 
 1625      7400
 1626              	.LASF13:
 1627 009a 75696E74 		.ascii	"uint8\000"
 1627      3800
 1628              	.LASF28:
 1629 00a0 43594D45 		.ascii	"CYMEMZERO\000"
 1629      4D5A4552 
 1629      4F00
 1630              	.LASF4:
 1631 00aa 756E7369 		.ascii	"unsigned char\000"
 1631      676E6564 
 1631      20636861 
 1631      7200
 1632              	.LASF44:
 1633 00b8 6D656D73 		.ascii	"memset\000"
 1633      657400
 1634              	.LASF17:
 1635 00bf 646F7562 		.ascii	"double\000"
 1635      6C6500
 1636              	.LASF27:
 1637 00c6 6366675F 		.ascii	"cfg_write_bytes32\000"
 1637      77726974 
 1637      655F6279 
 1637      74657333 
 1637      3200
 1638              	.LASF38:
 1639 00d8 4379496E 		.ascii	"CyIntEnable\000"
 1639      74456E61 
 1639      626C6500 
 1640              	.LASF41:
 1641 00e4 443A5C50 		.ascii	"D:\\Programming\\PSoC\\Lab\\Lab3.cydsn\000"
 1641      726F6772 
 1641      616D6D69 
 1641      6E675C50 
 1641      536F435C 
 1642              	.LASF23:
 1643 0107 61646472 		.ascii	"addr_table\000"
 1643      5F746162 
 1643      6C6500
 1644              	.LASF14:
 1645 0112 75696E74 		.ascii	"uint16\000"
 1645      313600
 1646              	.LASF24:
 1647 0119 64617461 		.ascii	"data_table\000"
 1647      5F746162 
 1647      6C6500
 1648              	.LASF15:
 1649 0124 75696E74 		.ascii	"uint32\000"
 1649      333200
 1650              	.LASF0:
ARM GAS  C:\Users\ADMIN\AppData\Local\Temp\cc6gBQUf.s 			page 39


 1651 012b 756E7369 		.ascii	"unsigned int\000"
 1651      676E6564 
 1651      20696E74 
 1651      00
 1652              	.LASF43:
 1653 0138 63796669 		.ascii	"cyfitter_cfg\000"
 1653      74746572 
 1653      5F636667 
 1653      00
 1654              	.LASF32:
 1655 0145 61646472 		.ascii	"address\000"
 1655      65737300 
 1656              	.LASF9:
 1657 014d 6C6F6E67 		.ascii	"long long unsigned int\000"
 1657      206C6F6E 
 1657      6720756E 
 1657      7369676E 
 1657      65642069 
 1658              	.LASF39:
 1659 0164 474E5520 		.ascii	"GNU C11 5.4.1 20160609 (release) [ARM/embedded-5-br"
 1659      43313120 
 1659      352E342E 
 1659      31203230 
 1659      31363036 
 1660 0197 616E6368 		.ascii	"anch revision 237715] -mcpu=cortex-m0 -mthumb -g -O"
 1660      20726576 
 1660      6973696F 
 1660      6E203233 
 1660      37373135 
 1661 01ca 67202D66 		.ascii	"g -ffunction-sections -ffat-lto-objects\000"
 1661      66756E63 
 1661      74696F6E 
 1661      2D736563 
 1661      74696F6E 
 1662              	.LASF34:
 1663 01f2 6366675F 		.ascii	"cfg_memset_t\000"
 1663      6D656D73 
 1663      65745F74 
 1663      00
 1664              	.LASF25:
 1665 01ff 62617365 		.ascii	"baseAddr\000"
 1665      41646472 
 1665      00
 1666              	.LASF10:
 1667 0208 73697A65 		.ascii	"sizetype\000"
 1667      74797065 
 1667      00
 1668              	.LASF6:
 1669 0211 73686F72 		.ascii	"short unsigned int\000"
 1669      7420756E 
 1669      7369676E 
 1669      65642069 
 1669      6E7400
 1670              	.LASF1:
 1671 0224 6C6F6E67 		.ascii	"long long int\000"
 1671      206C6F6E 
 1671      6720696E 
ARM GAS  C:\Users\ADMIN\AppData\Local\Temp\cc6gBQUf.s 			page 40


 1671      7400
 1672              	.LASF11:
 1673 0232 63686172 		.ascii	"char\000"
 1673      00
 1674              	.LASF22:
 1675 0237 63795F63 		.ascii	"cy_cfg_addrvalue_t\000"
 1675      66675F61 
 1675      64647276 
 1675      616C7565 
 1675      5F7400
 1676              	.LASF20:
 1677 024a 6F666673 		.ascii	"offset\000"
 1677      657400
 1678              	.LASF5:
 1679 0251 73686F72 		.ascii	"short int\000"
 1679      7420696E 
 1679      7400
 1680              	.LASF36:
 1681 025b 43795379 		.ascii	"CySysClkWriteImoFreq\000"
 1681      73436C6B 
 1681      57726974 
 1681      65496D6F 
 1681      46726571 
 1682              	.LASF7:
 1683 0270 6C6F6E67 		.ascii	"long int\000"
 1683      20696E74 
 1683      00
 1684              	.LASF2:
 1685 0279 6C6F6E67 		.ascii	"long double\000"
 1685      20646F75 
 1685      626C6500 
 1686              	.LASF3:
 1687 0285 7369676E 		.ascii	"signed char\000"
 1687      65642063 
 1687      68617200 
 1688              	.LASF40:
 1689 0291 47656E65 		.ascii	"Generated_Source\\PSoC4\\cyfitter_cfg.c\000"
 1689      72617465 
 1689      645F536F 
 1689      75726365 
 1689      5C50536F 
 1690              		.ident	"GCC: (GNU Tools for ARM Embedded Processors) 5.4.1 20160609 (release) [ARM/embedded-5-bran
