ARM GAS  C:\Users\ADMIN\AppData\Local\Temp\cca2jFX9.s 			page 1


   1              		.syntax unified
   2              		.cpu cortex-m0
   3              		.fpu softvfp
   4              		.eabi_attribute 20, 1
   5              		.eabi_attribute 21, 1
   6              		.eabi_attribute 23, 3
   7              		.eabi_attribute 24, 1
   8              		.eabi_attribute 25, 1
   9              		.eabi_attribute 26, 1
  10              		.eabi_attribute 30, 1
  11              		.eabi_attribute 34, 0
  12              		.eabi_attribute 18, 4
  13              		.thumb
  14              		.syntax unified
  15              		.file	"cyfitter_cfg.c"
  16              		.text
  17              	.Ltext0:
  18              		.cfi_sections	.debug_frame
  19              		.section	.text.AnalogSetDefault,"ax",%progbits
  20              		.align	2
  21              		.code	16
  22              		.thumb_func
  23              		.type	AnalogSetDefault, %function
  24              	AnalogSetDefault:
  25              	.LFB5:
  26              		.file 1 "Generated_Source\\PSoC4\\cyfitter_cfg.c"
   1:Generated_Source\PSoC4/cyfitter_cfg.c **** 
   2:Generated_Source\PSoC4/cyfitter_cfg.c **** /*******************************************************************************
   3:Generated_Source\PSoC4/cyfitter_cfg.c **** * File Name: cyfitter_cfg.c
   4:Generated_Source\PSoC4/cyfitter_cfg.c **** * 
   5:Generated_Source\PSoC4/cyfitter_cfg.c **** * PSoC Creator  4.2
   6:Generated_Source\PSoC4/cyfitter_cfg.c **** *
   7:Generated_Source\PSoC4/cyfitter_cfg.c **** * Description:
   8:Generated_Source\PSoC4/cyfitter_cfg.c **** * This file contains device initialization code.
   9:Generated_Source\PSoC4/cyfitter_cfg.c **** * Except for the user defined sections in CyClockStartupError(), this file should not be modified.
  10:Generated_Source\PSoC4/cyfitter_cfg.c **** * This file is automatically generated by PSoC Creator.
  11:Generated_Source\PSoC4/cyfitter_cfg.c **** *
  12:Generated_Source\PSoC4/cyfitter_cfg.c **** ********************************************************************************
  13:Generated_Source\PSoC4/cyfitter_cfg.c **** * Copyright (c) 2007-2018 Cypress Semiconductor.  All rights reserved.
  14:Generated_Source\PSoC4/cyfitter_cfg.c **** * You may use this file only in accordance with the license, terms, conditions, 
  15:Generated_Source\PSoC4/cyfitter_cfg.c **** * disclaimers, and limitations in the end user license agreement accompanying 
  16:Generated_Source\PSoC4/cyfitter_cfg.c **** * the software package with which this file was provided.
  17:Generated_Source\PSoC4/cyfitter_cfg.c **** ********************************************************************************/
  18:Generated_Source\PSoC4/cyfitter_cfg.c **** 
  19:Generated_Source\PSoC4/cyfitter_cfg.c **** #include <string.h>
  20:Generated_Source\PSoC4/cyfitter_cfg.c **** #include "cytypes.h"
  21:Generated_Source\PSoC4/cyfitter_cfg.c **** #include "cydevice_trm.h"
  22:Generated_Source\PSoC4/cyfitter_cfg.c **** #include "cyfitter.h"
  23:Generated_Source\PSoC4/cyfitter_cfg.c **** #include "CyLib.h"
  24:Generated_Source\PSoC4/cyfitter_cfg.c **** #include "CyLFClk.h"
  25:Generated_Source\PSoC4/cyfitter_cfg.c **** #include "cyfitter_cfg.h"
  26:Generated_Source\PSoC4/cyfitter_cfg.c **** #include "cyapicallbacks.h"
  27:Generated_Source\PSoC4/cyfitter_cfg.c **** 
  28:Generated_Source\PSoC4/cyfitter_cfg.c **** 
  29:Generated_Source\PSoC4/cyfitter_cfg.c **** #if defined(__GNUC__) || defined(__ARMCC_VERSION)
  30:Generated_Source\PSoC4/cyfitter_cfg.c ****     #define CYPACKED 
  31:Generated_Source\PSoC4/cyfitter_cfg.c ****     #define CYPACKED_ATTR __attribute__ ((packed))
ARM GAS  C:\Users\ADMIN\AppData\Local\Temp\cca2jFX9.s 			page 2


  32:Generated_Source\PSoC4/cyfitter_cfg.c ****     #define CYALIGNED __attribute__ ((aligned))
  33:Generated_Source\PSoC4/cyfitter_cfg.c ****     #define CY_CFG_UNUSED __attribute__ ((unused))
  34:Generated_Source\PSoC4/cyfitter_cfg.c ****     #ifndef CY_CFG_SECTION
  35:Generated_Source\PSoC4/cyfitter_cfg.c ****         #define CY_CFG_SECTION __attribute__ ((section(".psocinit")))
  36:Generated_Source\PSoC4/cyfitter_cfg.c ****     #endif
  37:Generated_Source\PSoC4/cyfitter_cfg.c ****     
  38:Generated_Source\PSoC4/cyfitter_cfg.c ****     #if defined(__ARMCC_VERSION)
  39:Generated_Source\PSoC4/cyfitter_cfg.c ****         #define CY_CFG_MEMORY_BARRIER() __memory_changed()
  40:Generated_Source\PSoC4/cyfitter_cfg.c ****     #else
  41:Generated_Source\PSoC4/cyfitter_cfg.c ****         #define CY_CFG_MEMORY_BARRIER() __sync_synchronize()
  42:Generated_Source\PSoC4/cyfitter_cfg.c ****     #endif
  43:Generated_Source\PSoC4/cyfitter_cfg.c ****     
  44:Generated_Source\PSoC4/cyfitter_cfg.c **** #elif defined(__ICCARM__)
  45:Generated_Source\PSoC4/cyfitter_cfg.c ****     #include <intrinsics.h>
  46:Generated_Source\PSoC4/cyfitter_cfg.c **** 
  47:Generated_Source\PSoC4/cyfitter_cfg.c ****     #define CYPACKED __packed
  48:Generated_Source\PSoC4/cyfitter_cfg.c ****     #define CYPACKED_ATTR 
  49:Generated_Source\PSoC4/cyfitter_cfg.c ****     #define CYALIGNED _Pragma("data_alignment=4")
  50:Generated_Source\PSoC4/cyfitter_cfg.c ****     #define CY_CFG_UNUSED _Pragma("diag_suppress=Pe177")
  51:Generated_Source\PSoC4/cyfitter_cfg.c ****     #define CY_CFG_SECTION _Pragma("location=\".psocinit\"")
  52:Generated_Source\PSoC4/cyfitter_cfg.c ****     
  53:Generated_Source\PSoC4/cyfitter_cfg.c ****     #define CY_CFG_MEMORY_BARRIER() __DMB()
  54:Generated_Source\PSoC4/cyfitter_cfg.c ****     
  55:Generated_Source\PSoC4/cyfitter_cfg.c **** #else
  56:Generated_Source\PSoC4/cyfitter_cfg.c ****     #error Unsupported toolchain
  57:Generated_Source\PSoC4/cyfitter_cfg.c **** #endif
  58:Generated_Source\PSoC4/cyfitter_cfg.c **** 
  59:Generated_Source\PSoC4/cyfitter_cfg.c **** #ifndef CYCODE
  60:Generated_Source\PSoC4/cyfitter_cfg.c ****     #define CYCODE
  61:Generated_Source\PSoC4/cyfitter_cfg.c **** #endif
  62:Generated_Source\PSoC4/cyfitter_cfg.c **** #ifndef CYDATA
  63:Generated_Source\PSoC4/cyfitter_cfg.c ****     #define CYDATA
  64:Generated_Source\PSoC4/cyfitter_cfg.c **** #endif
  65:Generated_Source\PSoC4/cyfitter_cfg.c **** #ifndef CYFAR
  66:Generated_Source\PSoC4/cyfitter_cfg.c ****     #define CYFAR
  67:Generated_Source\PSoC4/cyfitter_cfg.c **** #endif
  68:Generated_Source\PSoC4/cyfitter_cfg.c **** #ifndef CYXDATA
  69:Generated_Source\PSoC4/cyfitter_cfg.c ****     #define CYXDATA
  70:Generated_Source\PSoC4/cyfitter_cfg.c **** #endif
  71:Generated_Source\PSoC4/cyfitter_cfg.c **** 
  72:Generated_Source\PSoC4/cyfitter_cfg.c **** 
  73:Generated_Source\PSoC4/cyfitter_cfg.c **** CY_CFG_UNUSED
  74:Generated_Source\PSoC4/cyfitter_cfg.c **** static void CYMEMZERO(void *s, size_t n);
  75:Generated_Source\PSoC4/cyfitter_cfg.c **** CY_CFG_UNUSED
  76:Generated_Source\PSoC4/cyfitter_cfg.c **** static void CYMEMZERO(void *s, size_t n)
  77:Generated_Source\PSoC4/cyfitter_cfg.c **** {
  78:Generated_Source\PSoC4/cyfitter_cfg.c **** 	(void)memset(s, 0, n);
  79:Generated_Source\PSoC4/cyfitter_cfg.c **** }
  80:Generated_Source\PSoC4/cyfitter_cfg.c **** CY_CFG_UNUSED
  81:Generated_Source\PSoC4/cyfitter_cfg.c **** static void CYCONFIGCPY(void *dest, const void *src, size_t n);
  82:Generated_Source\PSoC4/cyfitter_cfg.c **** CY_CFG_UNUSED
  83:Generated_Source\PSoC4/cyfitter_cfg.c **** static void CYCONFIGCPY(void *dest, const void *src, size_t n)
  84:Generated_Source\PSoC4/cyfitter_cfg.c **** {
  85:Generated_Source\PSoC4/cyfitter_cfg.c **** 	(void)memcpy(dest, src, n);
  86:Generated_Source\PSoC4/cyfitter_cfg.c **** }
  87:Generated_Source\PSoC4/cyfitter_cfg.c **** CY_CFG_UNUSED
  88:Generated_Source\PSoC4/cyfitter_cfg.c **** static void CYCONFIGCPYCODE(void *dest, const void *src, size_t n);
ARM GAS  C:\Users\ADMIN\AppData\Local\Temp\cca2jFX9.s 			page 3


  89:Generated_Source\PSoC4/cyfitter_cfg.c **** CY_CFG_UNUSED
  90:Generated_Source\PSoC4/cyfitter_cfg.c **** static void CYCONFIGCPYCODE(void *dest, const void *src, size_t n)
  91:Generated_Source\PSoC4/cyfitter_cfg.c **** {
  92:Generated_Source\PSoC4/cyfitter_cfg.c **** 	(void)memcpy(dest, src, n);
  93:Generated_Source\PSoC4/cyfitter_cfg.c **** }
  94:Generated_Source\PSoC4/cyfitter_cfg.c **** 
  95:Generated_Source\PSoC4/cyfitter_cfg.c **** 
  96:Generated_Source\PSoC4/cyfitter_cfg.c **** 
  97:Generated_Source\PSoC4/cyfitter_cfg.c **** 
  98:Generated_Source\PSoC4/cyfitter_cfg.c **** /* Clock startup error codes                                                   */
  99:Generated_Source\PSoC4/cyfitter_cfg.c **** #define CYCLOCKSTART_NO_ERROR    0u
 100:Generated_Source\PSoC4/cyfitter_cfg.c **** #define CYCLOCKSTART_XTAL_ERROR  1u
 101:Generated_Source\PSoC4/cyfitter_cfg.c **** #define CYCLOCKSTART_32KHZ_ERROR 2u
 102:Generated_Source\PSoC4/cyfitter_cfg.c **** #define CYCLOCKSTART_PLL_ERROR   3u
 103:Generated_Source\PSoC4/cyfitter_cfg.c **** #define CYCLOCKSTART_FLL_ERROR   4u
 104:Generated_Source\PSoC4/cyfitter_cfg.c **** #define CYCLOCKSTART_WCO_ERROR   5u
 105:Generated_Source\PSoC4/cyfitter_cfg.c **** 
 106:Generated_Source\PSoC4/cyfitter_cfg.c **** 
 107:Generated_Source\PSoC4/cyfitter_cfg.c **** #ifdef CY_NEED_CYCLOCKSTARTUPERROR
 108:Generated_Source\PSoC4/cyfitter_cfg.c **** /*******************************************************************************
 109:Generated_Source\PSoC4/cyfitter_cfg.c **** * Function Name: CyClockStartupError
 110:Generated_Source\PSoC4/cyfitter_cfg.c **** ********************************************************************************
 111:Generated_Source\PSoC4/cyfitter_cfg.c **** * Summary:
 112:Generated_Source\PSoC4/cyfitter_cfg.c **** *  If an error is encountered during clock configuration (crystal startup error,
 113:Generated_Source\PSoC4/cyfitter_cfg.c **** *  PLL lock error, etc.), the system will end up here.  Unless reimplemented by
 114:Generated_Source\PSoC4/cyfitter_cfg.c **** *  the customer, this function will stop in an infinite loop.
 115:Generated_Source\PSoC4/cyfitter_cfg.c **** *
 116:Generated_Source\PSoC4/cyfitter_cfg.c **** * Parameters:
 117:Generated_Source\PSoC4/cyfitter_cfg.c **** *   void
 118:Generated_Source\PSoC4/cyfitter_cfg.c **** *
 119:Generated_Source\PSoC4/cyfitter_cfg.c **** * Return:
 120:Generated_Source\PSoC4/cyfitter_cfg.c **** *   void
 121:Generated_Source\PSoC4/cyfitter_cfg.c **** *
 122:Generated_Source\PSoC4/cyfitter_cfg.c **** *******************************************************************************/
 123:Generated_Source\PSoC4/cyfitter_cfg.c **** CY_CFG_UNUSED
 124:Generated_Source\PSoC4/cyfitter_cfg.c **** static void CyClockStartupError(uint8 errorCode);
 125:Generated_Source\PSoC4/cyfitter_cfg.c **** CY_CFG_UNUSED
 126:Generated_Source\PSoC4/cyfitter_cfg.c **** static void CyClockStartupError(uint8 errorCode)
 127:Generated_Source\PSoC4/cyfitter_cfg.c **** {
 128:Generated_Source\PSoC4/cyfitter_cfg.c ****     /* To remove the compiler warning if errorCode not used.                */
 129:Generated_Source\PSoC4/cyfitter_cfg.c ****     errorCode = errorCode;
 130:Generated_Source\PSoC4/cyfitter_cfg.c **** 
 131:Generated_Source\PSoC4/cyfitter_cfg.c ****     /* If we have a clock startup error (bad MHz crystal, PLL lock, etc.),  */
 132:Generated_Source\PSoC4/cyfitter_cfg.c ****     /* we will end up here to allow the customer to implement something to  */
 133:Generated_Source\PSoC4/cyfitter_cfg.c ****     /* deal with the clock condition.                                       */
 134:Generated_Source\PSoC4/cyfitter_cfg.c **** 
 135:Generated_Source\PSoC4/cyfitter_cfg.c **** #ifdef CY_CFG_CLOCK_STARTUP_ERROR_CALLBACK
 136:Generated_Source\PSoC4/cyfitter_cfg.c ****     CY_CFG_Clock_Startup_ErrorCallback();
 137:Generated_Source\PSoC4/cyfitter_cfg.c **** #else
 138:Generated_Source\PSoC4/cyfitter_cfg.c ****     /*  If not using CY_CFG_CLOCK_STARTUP_ERROR_CALLBACK, place your clock startup code here. */
 139:Generated_Source\PSoC4/cyfitter_cfg.c ****     /* `#START CyClockStartupError` */
 140:Generated_Source\PSoC4/cyfitter_cfg.c **** 
 141:Generated_Source\PSoC4/cyfitter_cfg.c **** 
 142:Generated_Source\PSoC4/cyfitter_cfg.c **** 
 143:Generated_Source\PSoC4/cyfitter_cfg.c ****     /* `#END` */
 144:Generated_Source\PSoC4/cyfitter_cfg.c **** 
 145:Generated_Source\PSoC4/cyfitter_cfg.c ****     while(1) {}
ARM GAS  C:\Users\ADMIN\AppData\Local\Temp\cca2jFX9.s 			page 4


 146:Generated_Source\PSoC4/cyfitter_cfg.c **** #endif /* CY_CFG_CLOCK_STARTUP_ERROR_CALLBACK */
 147:Generated_Source\PSoC4/cyfitter_cfg.c **** }
 148:Generated_Source\PSoC4/cyfitter_cfg.c **** #endif
 149:Generated_Source\PSoC4/cyfitter_cfg.c **** 
 150:Generated_Source\PSoC4/cyfitter_cfg.c **** 
 151:Generated_Source\PSoC4/cyfitter_cfg.c **** 
 152:Generated_Source\PSoC4/cyfitter_cfg.c **** /*******************************************************************************
 153:Generated_Source\PSoC4/cyfitter_cfg.c **** * Function Name: ClockSetup
 154:Generated_Source\PSoC4/cyfitter_cfg.c **** ********************************************************************************
 155:Generated_Source\PSoC4/cyfitter_cfg.c **** *
 156:Generated_Source\PSoC4/cyfitter_cfg.c **** * Summary:
 157:Generated_Source\PSoC4/cyfitter_cfg.c **** *   Performs the initialization of all of the clocks in the device based on the
 158:Generated_Source\PSoC4/cyfitter_cfg.c **** *   settings in the Clock tab of the DWR.  This includes enabling the requested
 159:Generated_Source\PSoC4/cyfitter_cfg.c **** *   clocks and setting the necessary dividers to produce the desired frequency. 
 160:Generated_Source\PSoC4/cyfitter_cfg.c **** *
 161:Generated_Source\PSoC4/cyfitter_cfg.c **** * Parameters:
 162:Generated_Source\PSoC4/cyfitter_cfg.c **** *   void
 163:Generated_Source\PSoC4/cyfitter_cfg.c **** *
 164:Generated_Source\PSoC4/cyfitter_cfg.c **** * Return:
 165:Generated_Source\PSoC4/cyfitter_cfg.c **** *   void
 166:Generated_Source\PSoC4/cyfitter_cfg.c **** *
 167:Generated_Source\PSoC4/cyfitter_cfg.c **** *******************************************************************************/
 168:Generated_Source\PSoC4/cyfitter_cfg.c **** static void ClockSetup(void);
 169:Generated_Source\PSoC4/cyfitter_cfg.c **** CY_CFG_SECTION
 170:Generated_Source\PSoC4/cyfitter_cfg.c **** static void ClockSetup(void)
 171:Generated_Source\PSoC4/cyfitter_cfg.c **** {
 172:Generated_Source\PSoC4/cyfitter_cfg.c **** 
 173:Generated_Source\PSoC4/cyfitter_cfg.c **** 	/* Set Flash Cycles based on max possible frequency in case a glitch occurs during ClockSetup(). *
 174:Generated_Source\PSoC4/cyfitter_cfg.c **** 	CY_SET_REG32((void CYXDATA *)(CYREG_CPUSS_FLASH_CTL), (0x0012u));
 175:Generated_Source\PSoC4/cyfitter_cfg.c **** 	/* Setup and trim IMO based on desired frequency. */
 176:Generated_Source\PSoC4/cyfitter_cfg.c **** 	CySysClkWriteImoFreq(48u);
 177:Generated_Source\PSoC4/cyfitter_cfg.c **** 	/* CYDEV_CLK_ILO_CONFIG Starting address: CYDEV_CLK_ILO_CONFIG */
 178:Generated_Source\PSoC4/cyfitter_cfg.c **** 	CY_SET_REG32((void *)(CYREG_CLK_ILO_CONFIG), 0x80000006u);
 179:Generated_Source\PSoC4/cyfitter_cfg.c **** 
 180:Generated_Source\PSoC4/cyfitter_cfg.c **** 
 181:Generated_Source\PSoC4/cyfitter_cfg.c **** 	/* Setup phase aligned clocks */
 182:Generated_Source\PSoC4/cyfitter_cfg.c **** 
 183:Generated_Source\PSoC4/cyfitter_cfg.c **** 	/* CYDEV_CLK_IMO_CONFIG Starting address: CYDEV_CLK_IMO_CONFIG */
 184:Generated_Source\PSoC4/cyfitter_cfg.c **** 	CY_SET_REG32((void *)(CYREG_CLK_IMO_CONFIG), 0x80000000u);
 185:Generated_Source\PSoC4/cyfitter_cfg.c **** 
 186:Generated_Source\PSoC4/cyfitter_cfg.c **** 	/* CYDEV_CLK_SELECT Starting address: CYDEV_CLK_SELECT */
 187:Generated_Source\PSoC4/cyfitter_cfg.c **** 	CY_SET_REG32((void *)(CYREG_CLK_SELECT), 0x00040000u);
 188:Generated_Source\PSoC4/cyfitter_cfg.c **** 
 189:Generated_Source\PSoC4/cyfitter_cfg.c **** 	(void)CyIntSetVector(7u, &CySysWdtIsr);
 190:Generated_Source\PSoC4/cyfitter_cfg.c **** 	CyIntEnable(7u);
 191:Generated_Source\PSoC4/cyfitter_cfg.c **** 	CY_SET_REG32((void *)(CYREG_WDT_CONFIG), 0x00000000u);
 192:Generated_Source\PSoC4/cyfitter_cfg.c **** }
 193:Generated_Source\PSoC4/cyfitter_cfg.c **** 
 194:Generated_Source\PSoC4/cyfitter_cfg.c **** 
 195:Generated_Source\PSoC4/cyfitter_cfg.c **** /* Analog API Functions */
 196:Generated_Source\PSoC4/cyfitter_cfg.c **** 
 197:Generated_Source\PSoC4/cyfitter_cfg.c **** 
 198:Generated_Source\PSoC4/cyfitter_cfg.c **** /*******************************************************************************
 199:Generated_Source\PSoC4/cyfitter_cfg.c **** * Function Name: AnalogSetDefault
 200:Generated_Source\PSoC4/cyfitter_cfg.c **** ********************************************************************************
 201:Generated_Source\PSoC4/cyfitter_cfg.c **** *
 202:Generated_Source\PSoC4/cyfitter_cfg.c **** * Summary:
ARM GAS  C:\Users\ADMIN\AppData\Local\Temp\cca2jFX9.s 			page 5


 203:Generated_Source\PSoC4/cyfitter_cfg.c **** *  Sets up the analog portions of the chip to default values based on chip
 204:Generated_Source\PSoC4/cyfitter_cfg.c **** *  configuration options from the project.
 205:Generated_Source\PSoC4/cyfitter_cfg.c **** *
 206:Generated_Source\PSoC4/cyfitter_cfg.c **** * Parameters:
 207:Generated_Source\PSoC4/cyfitter_cfg.c **** *  void
 208:Generated_Source\PSoC4/cyfitter_cfg.c **** *
 209:Generated_Source\PSoC4/cyfitter_cfg.c **** * Return:
 210:Generated_Source\PSoC4/cyfitter_cfg.c **** *  void
 211:Generated_Source\PSoC4/cyfitter_cfg.c **** *
 212:Generated_Source\PSoC4/cyfitter_cfg.c **** *******************************************************************************/
 213:Generated_Source\PSoC4/cyfitter_cfg.c **** static void AnalogSetDefault(void);
 214:Generated_Source\PSoC4/cyfitter_cfg.c **** static void AnalogSetDefault(void)
 215:Generated_Source\PSoC4/cyfitter_cfg.c **** {
  27              		.loc 1 215 0
  28              		.cfi_startproc
  29              		@ args = 0, pretend = 0, frame = 0
  30              		@ frame_needed = 0, uses_anonymous_args = 0
  31              		@ link register save eliminated.
 216:Generated_Source\PSoC4/cyfitter_cfg.c **** 	CY_SET_XTND_REG32((void CYFAR *)CYREG_CTBM0_DFT_CTRL, 0x00000003u);
  32              		.loc 1 216 0
  33 0000 0323     		movs	r3, #3
  34 0002 044A     		ldr	r2, .L2
  35 0004 1360     		str	r3, [r2]
 217:Generated_Source\PSoC4/cyfitter_cfg.c **** 	CY_SET_XTND_REG32((void CYFAR *)CYREG_CTBM1_DFT_CTRL, 0x00000003u);
  36              		.loc 1 217 0
  37 0006 044A     		ldr	r2, .L2+4
  38 0008 1360     		str	r3, [r2]
 218:Generated_Source\PSoC4/cyfitter_cfg.c **** 	CY_SET_XTND_REG32((void CYFAR *)CYREG_PASS_DSAB_DSAB_CTRL, 0x00000000u);
  39              		.loc 1 218 0
  40 000a 0022     		movs	r2, #0
  41 000c 034B     		ldr	r3, .L2+8
  42 000e 1A60     		str	r2, [r3]
 219:Generated_Source\PSoC4/cyfitter_cfg.c **** }
  43              		.loc 1 219 0
  44              		@ sp needed
  45 0010 7047     		bx	lr
  46              	.L3:
  47 0012 C046     		.align	2
  48              	.L2:
  49 0014 30003040 		.word	1076887600
  50 0018 30003140 		.word	1076953136
  51 001c 000E3F40 		.word	1077874176
  52              		.cfi_endproc
  53              	.LFE5:
  54              		.size	AnalogSetDefault, .-AnalogSetDefault
  55              		.section	.text.CYMEMZERO,"ax",%progbits
  56              		.align	2
  57              		.code	16
  58              		.thumb_func
  59              		.type	CYMEMZERO, %function
  60              	CYMEMZERO:
  61              	.LFB1:
  77:Generated_Source\PSoC4/cyfitter_cfg.c **** 	(void)memset(s, 0, n);
  62              		.loc 1 77 0
  63              		.cfi_startproc
  64              		@ args = 0, pretend = 0, frame = 0
  65              		@ frame_needed = 0, uses_anonymous_args = 0
ARM GAS  C:\Users\ADMIN\AppData\Local\Temp\cca2jFX9.s 			page 6


  66              	.LVL0:
  67 0000 10B5     		push	{r4, lr}
  68              		.cfi_def_cfa_offset 8
  69              		.cfi_offset 4, -8
  70              		.cfi_offset 14, -4
  71 0002 0A00     		movs	r2, r1
  78:Generated_Source\PSoC4/cyfitter_cfg.c **** }
  72              		.loc 1 78 0
  73 0004 0021     		movs	r1, #0
  74              	.LVL1:
  75 0006 FFF7FEFF 		bl	memset
  76              	.LVL2:
  79:Generated_Source\PSoC4/cyfitter_cfg.c **** CY_CFG_UNUSED
  77              		.loc 1 79 0
  78              		@ sp needed
  79 000a 10BD     		pop	{r4, pc}
  80              		.cfi_endproc
  81              	.LFE1:
  82              		.size	CYMEMZERO, .-CYMEMZERO
  83              		.section	.psocinit,"ax",%progbits
  84              		.align	2
  85              		.code	16
  86              		.thumb_func
  87              		.type	ClockSetup, %function
  88              	ClockSetup:
  89              	.LFB4:
 171:Generated_Source\PSoC4/cyfitter_cfg.c **** 
  90              		.loc 1 171 0
  91              		.cfi_startproc
  92              		@ args = 0, pretend = 0, frame = 0
  93              		@ frame_needed = 0, uses_anonymous_args = 0
  94 0000 10B5     		push	{r4, lr}
  95              		.cfi_def_cfa_offset 8
  96              		.cfi_offset 4, -8
  97              		.cfi_offset 14, -4
 174:Generated_Source\PSoC4/cyfitter_cfg.c **** 	/* Setup and trim IMO based on desired frequency. */
  98              		.loc 1 174 0
  99 0002 1222     		movs	r2, #18
 100 0004 0C4B     		ldr	r3, .L6
 101 0006 1A60     		str	r2, [r3]
 176:Generated_Source\PSoC4/cyfitter_cfg.c **** 	/* CYDEV_CLK_ILO_CONFIG Starting address: CYDEV_CLK_ILO_CONFIG */
 102              		.loc 1 176 0
 103 0008 3020     		movs	r0, #48
 104 000a FFF7FEFF 		bl	CySysClkWriteImoFreq
 105              	.LVL3:
 178:Generated_Source\PSoC4/cyfitter_cfg.c **** 
 106              		.loc 1 178 0
 107 000e 0B4A     		ldr	r2, .L6+4
 108 0010 0B4B     		ldr	r3, .L6+8
 109 0012 1A60     		str	r2, [r3]
 184:Generated_Source\PSoC4/cyfitter_cfg.c **** 
 110              		.loc 1 184 0
 111 0014 063A     		subs	r2, r2, #6
 112 0016 0B4B     		ldr	r3, .L6+12
 113 0018 1A60     		str	r2, [r3]
 187:Generated_Source\PSoC4/cyfitter_cfg.c **** 
 114              		.loc 1 187 0
ARM GAS  C:\Users\ADMIN\AppData\Local\Temp\cca2jFX9.s 			page 7


 115 001a 8022     		movs	r2, #128
 116 001c D202     		lsls	r2, r2, #11
 117 001e 0A4B     		ldr	r3, .L6+16
 118 0020 1A60     		str	r2, [r3]
 189:Generated_Source\PSoC4/cyfitter_cfg.c **** 	CyIntEnable(7u);
 119              		.loc 1 189 0
 120 0022 0A49     		ldr	r1, .L6+20
 121 0024 0720     		movs	r0, #7
 122 0026 FFF7FEFF 		bl	CyIntSetVector
 123              	.LVL4:
 190:Generated_Source\PSoC4/cyfitter_cfg.c **** 	CY_SET_REG32((void *)(CYREG_WDT_CONFIG), 0x00000000u);
 124              		.loc 1 190 0
 125 002a 0720     		movs	r0, #7
 126 002c FFF7FEFF 		bl	CyIntEnable
 127              	.LVL5:
 191:Generated_Source\PSoC4/cyfitter_cfg.c **** }
 128              		.loc 1 191 0
 129 0030 0022     		movs	r2, #0
 130 0032 074B     		ldr	r3, .L6+24
 131 0034 1A60     		str	r2, [r3]
 192:Generated_Source\PSoC4/cyfitter_cfg.c **** 
 132              		.loc 1 192 0
 133              		@ sp needed
 134 0036 10BD     		pop	{r4, pc}
 135              	.L7:
 136              		.align	2
 137              	.L6:
 138 0038 30001040 		.word	1074790448
 139 003c 06000080 		.word	-2147483642
 140 0040 04010B40 		.word	1074462980
 141 0044 08010B40 		.word	1074462984
 142 0048 00010B40 		.word	1074462976
 143 004c 00000000 		.word	CySysWdtIsr
 144 0050 0C020B40 		.word	1074463244
 145              		.cfi_endproc
 146              	.LFE4:
 147              		.size	ClockSetup, .-ClockSetup
 148              		.align	2
 149              		.global	cyfitter_cfg
 150              		.code	16
 151              		.thumb_func
 152              		.type	cyfitter_cfg, %function
 153              	cyfitter_cfg:
 154              	.LFB6:
 220:Generated_Source\PSoC4/cyfitter_cfg.c **** 
 221:Generated_Source\PSoC4/cyfitter_cfg.c **** 
 222:Generated_Source\PSoC4/cyfitter_cfg.c **** 
 223:Generated_Source\PSoC4/cyfitter_cfg.c **** 
 224:Generated_Source\PSoC4/cyfitter_cfg.c **** /*******************************************************************************
 225:Generated_Source\PSoC4/cyfitter_cfg.c **** * Function Name: cyfitter_cfg
 226:Generated_Source\PSoC4/cyfitter_cfg.c **** ********************************************************************************
 227:Generated_Source\PSoC4/cyfitter_cfg.c **** * Summary:
 228:Generated_Source\PSoC4/cyfitter_cfg.c **** *  This function is called by the start-up code for the selected device. It
 229:Generated_Source\PSoC4/cyfitter_cfg.c **** *  performs all of the necessary device configuration based on the design
 230:Generated_Source\PSoC4/cyfitter_cfg.c **** *  settings.  This includes settings from the Design Wide Resources (DWR) such
 231:Generated_Source\PSoC4/cyfitter_cfg.c **** *  as Clocks and Pins as well as any component configuration that is necessary.
 232:Generated_Source\PSoC4/cyfitter_cfg.c **** *
ARM GAS  C:\Users\ADMIN\AppData\Local\Temp\cca2jFX9.s 			page 8


 233:Generated_Source\PSoC4/cyfitter_cfg.c **** * Parameters:
 234:Generated_Source\PSoC4/cyfitter_cfg.c **** *   void
 235:Generated_Source\PSoC4/cyfitter_cfg.c **** *
 236:Generated_Source\PSoC4/cyfitter_cfg.c **** * Return:
 237:Generated_Source\PSoC4/cyfitter_cfg.c **** *   void
 238:Generated_Source\PSoC4/cyfitter_cfg.c **** *
 239:Generated_Source\PSoC4/cyfitter_cfg.c **** *******************************************************************************/
 240:Generated_Source\PSoC4/cyfitter_cfg.c **** CY_CFG_SECTION
 241:Generated_Source\PSoC4/cyfitter_cfg.c **** void cyfitter_cfg(void)
 242:Generated_Source\PSoC4/cyfitter_cfg.c **** {
 155              		.loc 1 242 0
 156              		.cfi_startproc
 157              		@ args = 0, pretend = 0, frame = 0
 158              		@ frame_needed = 0, uses_anonymous_args = 0
 159 0054 10B5     		push	{r4, lr}
 160              		.cfi_def_cfa_offset 8
 161              		.cfi_offset 4, -8
 162              		.cfi_offset 14, -4
 243:Generated_Source\PSoC4/cyfitter_cfg.c **** 	/* Disable interrupts by default. Let user enable if/when they want. */
 244:Generated_Source\PSoC4/cyfitter_cfg.c **** 	CyGlobalIntDisable;
 163              		.loc 1 244 0
 164              		.syntax divided
 165              	@ 244 "Generated_Source\PSoC4\cyfitter_cfg.c" 1
 166 0056 72B6     		CPSID   i
 167              	@ 0 "" 2
 168              	.LVL6:
 169              		.thumb
 170              		.syntax unified
 171              	.LBB2:
 245:Generated_Source\PSoC4/cyfitter_cfg.c **** 
 246:Generated_Source\PSoC4/cyfitter_cfg.c **** 	{
 247:Generated_Source\PSoC4/cyfitter_cfg.c **** 
 248:Generated_Source\PSoC4/cyfitter_cfg.c **** 		CYPACKED typedef struct {
 249:Generated_Source\PSoC4/cyfitter_cfg.c **** 			void CYFAR *address;
 250:Generated_Source\PSoC4/cyfitter_cfg.c **** 			uint16 size;
 251:Generated_Source\PSoC4/cyfitter_cfg.c **** 		} CYPACKED_ATTR cfg_memset_t;
 252:Generated_Source\PSoC4/cyfitter_cfg.c **** 
 253:Generated_Source\PSoC4/cyfitter_cfg.c **** 		static const cfg_memset_t CYCODE cfg_memset_list[] = {
 254:Generated_Source\PSoC4/cyfitter_cfg.c **** 			/* address, size */
 255:Generated_Source\PSoC4/cyfitter_cfg.c **** 			{(void CYFAR *)(CYDEV_UDB_P0_U0_BASE), 1024u},
 256:Generated_Source\PSoC4/cyfitter_cfg.c **** 			{(void CYFAR *)(CYDEV_UDB_DSI0_BASE), 1024u},
 257:Generated_Source\PSoC4/cyfitter_cfg.c **** 		};
 258:Generated_Source\PSoC4/cyfitter_cfg.c **** 
 259:Generated_Source\PSoC4/cyfitter_cfg.c **** 		uint8 CYDATA i;
 260:Generated_Source\PSoC4/cyfitter_cfg.c **** 
 261:Generated_Source\PSoC4/cyfitter_cfg.c **** 		/* Zero out critical memory blocks before beginning configuration */
 262:Generated_Source\PSoC4/cyfitter_cfg.c **** 		for (i = 0u; i < (sizeof(cfg_memset_list)/sizeof(cfg_memset_list[0])); i++)
 172              		.loc 1 262 0
 173 0058 0024     		movs	r4, #0
 174 005a 0FE0     		b	.L9
 175              	.LVL7:
 176              	.L10:
 177              	.LBB3:
 263:Generated_Source\PSoC4/cyfitter_cfg.c **** 		{
 264:Generated_Source\PSoC4/cyfitter_cfg.c **** 			const cfg_memset_t CYCODE * CYDATA ms = &cfg_memset_list[i];
 265:Generated_Source\PSoC4/cyfitter_cfg.c **** 			CYMEMZERO(ms->address, (size_t)(uint32)(ms->size));
 178              		.loc 1 265 0 discriminator 3
ARM GAS  C:\Users\ADMIN\AppData\Local\Temp\cca2jFX9.s 			page 9


 179 005c 1C48     		ldr	r0, .L11
 180 005e 6200     		lsls	r2, r4, #1
 181 0060 1319     		adds	r3, r2, r4
 182 0062 5900     		lsls	r1, r3, #1
 183 0064 0B00     		movs	r3, r1
 184 0066 4118     		adds	r1, r0, r1
 185 0068 8988     		ldrh	r1, [r1, #4]
 186 006a 1A5A     		ldrh	r2, [r3, r0]
 187 006c C318     		adds	r3, r0, r3
 188 006e 5888     		ldrh	r0, [r3, #2]
 189 0070 0004     		lsls	r0, r0, #16
 190 0072 1043     		orrs	r0, r2
 191 0074 FFF7FEFF 		bl	CYMEMZERO
 192              	.LVL8:
 193              	.LBE3:
 262:Generated_Source\PSoC4/cyfitter_cfg.c **** 		{
 194              		.loc 1 262 0 discriminator 3
 195 0078 0134     		adds	r4, r4, #1
 196              	.LVL9:
 197 007a E4B2     		uxtb	r4, r4
 198              	.LVL10:
 199              	.L9:
 262:Generated_Source\PSoC4/cyfitter_cfg.c **** 		{
 200              		.loc 1 262 0 is_stmt 0 discriminator 1
 201 007c 012C     		cmp	r4, #1
 202 007e EDD9     		bls	.L10
 266:Generated_Source\PSoC4/cyfitter_cfg.c **** 		}
 267:Generated_Source\PSoC4/cyfitter_cfg.c **** 
 268:Generated_Source\PSoC4/cyfitter_cfg.c **** 		/* HSIOM Starting address: CYDEV_HSIOM_BASE */
 269:Generated_Source\PSoC4/cyfitter_cfg.c **** 		CY_SET_REG32((void *)(CYREG_HSIOM_PORT_SEL3), 0x0000EE00u);
 203              		.loc 1 269 0 is_stmt 1
 204 0080 EE22     		movs	r2, #238
 205 0082 1202     		lsls	r2, r2, #8
 206 0084 134B     		ldr	r3, .L11+4
 207 0086 1A60     		str	r2, [r3]
 270:Generated_Source\PSoC4/cyfitter_cfg.c **** 
 271:Generated_Source\PSoC4/cyfitter_cfg.c **** 		/* UDB_PA_0 Starting address: CYDEV_UDB_PA0_BASE */
 272:Generated_Source\PSoC4/cyfitter_cfg.c **** 		CY_SET_REG32((void *)(CYDEV_UDB_PA0_BASE), 0x00990000u);
 208              		.loc 1 272 0
 209 0088 9923     		movs	r3, #153
 210 008a 1B04     		lsls	r3, r3, #16
 211 008c 124A     		ldr	r2, .L11+8
 212 008e 1360     		str	r3, [r2]
 273:Generated_Source\PSoC4/cyfitter_cfg.c **** 
 274:Generated_Source\PSoC4/cyfitter_cfg.c **** 		/* UDB_PA_1 Starting address: CYDEV_UDB_PA1_BASE */
 275:Generated_Source\PSoC4/cyfitter_cfg.c **** 		CY_SET_REG32((void *)(CYDEV_UDB_PA1_BASE), 0x00990000u);
 213              		.loc 1 275 0
 214 0090 124A     		ldr	r2, .L11+12
 215 0092 1360     		str	r3, [r2]
 276:Generated_Source\PSoC4/cyfitter_cfg.c **** 
 277:Generated_Source\PSoC4/cyfitter_cfg.c **** 		/* UDB_PA_3 Starting address: CYDEV_UDB_PA3_BASE */
 278:Generated_Source\PSoC4/cyfitter_cfg.c **** 		CY_SET_REG32((void *)(CYDEV_UDB_PA3_BASE), 0x00990000u);
 216              		.loc 1 278 0
 217 0094 124A     		ldr	r2, .L11+16
 218 0096 1360     		str	r3, [r2]
 279:Generated_Source\PSoC4/cyfitter_cfg.c **** 
 280:Generated_Source\PSoC4/cyfitter_cfg.c **** 		/* Enable digital routing */
ARM GAS  C:\Users\ADMIN\AppData\Local\Temp\cca2jFX9.s 			page 10


 281:Generated_Source\PSoC4/cyfitter_cfg.c **** 		CY_SET_XTND_REG8((void *)CYREG_UDB_UDBIF_BANK_CTL, (uint8)(CY_GET_XTND_REG8((void *)CYREG_UDB_UDB
 219              		.loc 1 281 0
 220 0098 124A     		ldr	r2, .L11+20
 221 009a 1178     		ldrb	r1, [r2]
 222 009c 0623     		movs	r3, #6
 223 009e 0B43     		orrs	r3, r1
 224 00a0 DBB2     		uxtb	r3, r3
 225 00a2 1370     		strb	r3, [r2]
 226              	.LBE2:
 282:Generated_Source\PSoC4/cyfitter_cfg.c **** 	}
 283:Generated_Source\PSoC4/cyfitter_cfg.c **** 
 284:Generated_Source\PSoC4/cyfitter_cfg.c **** 	/* Perform second pass device configuration. These items must be configured in specific order afte
 285:Generated_Source\PSoC4/cyfitter_cfg.c **** 	/* IOPINS0_0 Starting address: CYDEV_GPIO_PRT0_BASE */
 286:Generated_Source\PSoC4/cyfitter_cfg.c **** 	CY_SET_REG32((void *)(CYDEV_GPIO_PRT0_BASE), 0x0000007Cu);
 227              		.loc 1 286 0
 228 00a4 7C22     		movs	r2, #124
 229 00a6 104B     		ldr	r3, .L11+24
 230 00a8 1A60     		str	r2, [r3]
 287:Generated_Source\PSoC4/cyfitter_cfg.c **** 	CY_SET_REG32((void *)(CYREG_GPIO_PRT0_PC), 0x00092480u);
 231              		.loc 1 287 0
 232 00aa 104A     		ldr	r2, .L11+28
 233 00ac 104B     		ldr	r3, .L11+32
 234 00ae 1A60     		str	r2, [r3]
 288:Generated_Source\PSoC4/cyfitter_cfg.c **** 
 289:Generated_Source\PSoC4/cyfitter_cfg.c **** 	/* IOPINS0_1 Starting address: CYDEV_GPIO_PRT1_BASE */
 290:Generated_Source\PSoC4/cyfitter_cfg.c **** 	CY_SET_REG32((void *)(CYDEV_GPIO_PRT1_BASE), 0x00000040u);
 235              		.loc 1 290 0
 236 00b0 4022     		movs	r2, #64
 237 00b2 104B     		ldr	r3, .L11+36
 238 00b4 1A60     		str	r2, [r3]
 291:Generated_Source\PSoC4/cyfitter_cfg.c **** 	CY_SET_REG32((void *)(CYREG_GPIO_PRT1_PC), 0x00180000u);
 239              		.loc 1 291 0
 240 00b6 C022     		movs	r2, #192
 241 00b8 5203     		lsls	r2, r2, #13
 242 00ba 0F4B     		ldr	r3, .L11+40
 243 00bc 1A60     		str	r2, [r3]
 292:Generated_Source\PSoC4/cyfitter_cfg.c **** 
 293:Generated_Source\PSoC4/cyfitter_cfg.c **** 	/* IOPINS0_3 Starting address: CYDEV_GPIO_PRT3_BASE */
 294:Generated_Source\PSoC4/cyfitter_cfg.c **** 	CY_SET_REG32((void *)(CYREG_GPIO_PRT3_PC), 0x00000D80u);
 244              		.loc 1 294 0
 245 00be D822     		movs	r2, #216
 246 00c0 1201     		lsls	r2, r2, #4
 247 00c2 0E4B     		ldr	r3, .L11+44
 248 00c4 1A60     		str	r2, [r3]
 295:Generated_Source\PSoC4/cyfitter_cfg.c **** 
 296:Generated_Source\PSoC4/cyfitter_cfg.c **** 
 297:Generated_Source\PSoC4/cyfitter_cfg.c **** 	/* Setup clocks based on selections from Clock DWR */
 298:Generated_Source\PSoC4/cyfitter_cfg.c **** 	ClockSetup();
 249              		.loc 1 298 0
 250 00c6 FFF79BFF 		bl	ClockSetup
 251              	.LVL11:
 299:Generated_Source\PSoC4/cyfitter_cfg.c **** 
 300:Generated_Source\PSoC4/cyfitter_cfg.c **** 	/* Perform basic analog initialization to defaults */
 301:Generated_Source\PSoC4/cyfitter_cfg.c **** 	AnalogSetDefault();
 252              		.loc 1 301 0
 253 00ca FFF7FEFF 		bl	AnalogSetDefault
 254              	.LVL12:
ARM GAS  C:\Users\ADMIN\AppData\Local\Temp\cca2jFX9.s 			page 11


 302:Generated_Source\PSoC4/cyfitter_cfg.c **** 
 303:Generated_Source\PSoC4/cyfitter_cfg.c **** }
 255              		.loc 1 303 0
 256              		@ sp needed
 257              	.LVL13:
 258 00ce 10BD     		pop	{r4, pc}
 259              	.L12:
 260              		.align	2
 261              	.L11:
 262 00d0 00000000 		.word	.LANCHOR0
 263 00d4 00030240 		.word	1073873664
 264 00d8 00500F40 		.word	1074745344
 265 00dc 10500F40 		.word	1074745360
 266 00e0 30500F40 		.word	1074745392
 267 00e4 00700F40 		.word	1074753536
 268 00e8 00000440 		.word	1074003968
 269 00ec 80240900 		.word	599168
 270 00f0 08000440 		.word	1074003976
 271 00f4 00010440 		.word	1074004224
 272 00f8 08010440 		.word	1074004232
 273 00fc 08030440 		.word	1074004744
 274              		.cfi_endproc
 275              	.LFE6:
 276              		.size	cyfitter_cfg, .-cyfitter_cfg
 277              		.section	.rodata
 278              		.align	2
 279              		.set	.LANCHOR0,. + 0
 280              		.type	cfg_memset_list.4888, %object
 281              		.size	cfg_memset_list.4888, 12
 282              	cfg_memset_list.4888:
 283 0000 00300F40 		.word	1074737152
 284 0004 0004     		.short	1024
 285 0006 00400F40 		.4byte	1074741248
 286 000a 0004     		.short	1024
 287              		.text
 288              	.Letext0:
 289              		.file 2 "c:\\program files (x86)\\cypress\\psoc creator\\4.2\\psoc creator\\import\\gnu\\arm\\5.4.
 290              		.file 3 "Generated_Source\\PSoC4\\cytypes.h"
 291              		.file 4 "Generated_Source\\PSoC4\\CyLib.h"
 292              		.section	.debug_info,"",%progbits
 293              	.Ldebug_info0:
 294 0000 8F020000 		.4byte	0x28f
 295 0004 0400     		.2byte	0x4
 296 0006 00000000 		.4byte	.Ldebug_abbrev0
 297 000a 04       		.byte	0x4
 298 000b 01       		.uleb128 0x1
 299 000c 1F010000 		.4byte	.LASF29
 300 0010 0C       		.byte	0xc
 301 0011 16020000 		.4byte	.LASF30
 302 0015 8D000000 		.4byte	.LASF31
 303 0019 00000000 		.4byte	.Ldebug_ranges0+0
 304 001d 00000000 		.4byte	0
 305 0021 00000000 		.4byte	.Ldebug_line0
 306 0025 02       		.uleb128 0x2
 307 0026 04       		.byte	0x4
 308 0027 05       		.byte	0x5
 309 0028 696E7400 		.ascii	"int\000"
ARM GAS  C:\Users\ADMIN\AppData\Local\Temp\cca2jFX9.s 			page 12


 310 002c 03       		.uleb128 0x3
 311 002d 06000000 		.4byte	.LASF12
 312 0031 02       		.byte	0x2
 313 0032 D8       		.byte	0xd8
 314 0033 37000000 		.4byte	0x37
 315 0037 04       		.uleb128 0x4
 316 0038 04       		.byte	0x4
 317 0039 07       		.byte	0x7
 318 003a E6000000 		.4byte	.LASF0
 319 003e 04       		.uleb128 0x4
 320 003f 08       		.byte	0x8
 321 0040 05       		.byte	0x5
 322 0041 C3010000 		.4byte	.LASF1
 323 0045 04       		.uleb128 0x4
 324 0046 08       		.byte	0x8
 325 0047 04       		.byte	0x4
 326 0048 FE010000 		.4byte	.LASF2
 327 004c 04       		.uleb128 0x4
 328 004d 01       		.byte	0x1
 329 004e 06       		.byte	0x6
 330 004f 0A020000 		.4byte	.LASF3
 331 0053 04       		.uleb128 0x4
 332 0054 01       		.byte	0x1
 333 0055 08       		.byte	0x8
 334 0056 D8000000 		.4byte	.LASF4
 335 005a 04       		.uleb128 0x4
 336 005b 02       		.byte	0x2
 337 005c 05       		.byte	0x5
 338 005d D6010000 		.4byte	.LASF5
 339 0061 04       		.uleb128 0x4
 340 0062 02       		.byte	0x2
 341 0063 07       		.byte	0x7
 342 0064 48000000 		.4byte	.LASF6
 343 0068 04       		.uleb128 0x4
 344 0069 04       		.byte	0x4
 345 006a 05       		.byte	0x5
 346 006b F5010000 		.4byte	.LASF7
 347 006f 04       		.uleb128 0x4
 348 0070 04       		.byte	0x4
 349 0071 07       		.byte	0x7
 350 0072 6B000000 		.4byte	.LASF8
 351 0076 04       		.uleb128 0x4
 352 0077 08       		.byte	0x8
 353 0078 07       		.byte	0x7
 354 0079 08010000 		.4byte	.LASF9
 355 007d 04       		.uleb128 0x4
 356 007e 04       		.byte	0x4
 357 007f 07       		.byte	0x7
 358 0080 BA010000 		.4byte	.LASF10
 359 0084 05       		.uleb128 0x5
 360 0085 04       		.byte	0x4
 361 0086 04       		.uleb128 0x4
 362 0087 01       		.byte	0x1
 363 0088 08       		.byte	0x8
 364 0089 D1010000 		.4byte	.LASF11
 365 008d 06       		.uleb128 0x6
 366 008e 7D000000 		.4byte	.LASF13
ARM GAS  C:\Users\ADMIN\AppData\Local\Temp\cca2jFX9.s 			page 13


 367 0092 03       		.byte	0x3
 368 0093 E401     		.2byte	0x1e4
 369 0095 53000000 		.4byte	0x53
 370 0099 06       		.uleb128 0x6
 371 009a CA000000 		.4byte	.LASF14
 372 009e 03       		.byte	0x3
 373 009f E501     		.2byte	0x1e5
 374 00a1 61000000 		.4byte	0x61
 375 00a5 06       		.uleb128 0x6
 376 00a6 D1000000 		.4byte	.LASF15
 377 00aa 03       		.byte	0x3
 378 00ab E601     		.2byte	0x1e6
 379 00ad 6F000000 		.4byte	0x6f
 380 00b1 04       		.uleb128 0x4
 381 00b2 04       		.byte	0x4
 382 00b3 04       		.byte	0x4
 383 00b4 5B000000 		.4byte	.LASF16
 384 00b8 04       		.uleb128 0x4
 385 00b9 08       		.byte	0x8
 386 00ba 04       		.byte	0x4
 387 00bb B7000000 		.4byte	.LASF17
 388 00bf 06       		.uleb128 0x6
 389 00c0 66000000 		.4byte	.LASF18
 390 00c4 03       		.byte	0x3
 391 00c5 8E02     		.2byte	0x28e
 392 00c7 CB000000 		.4byte	0xcb
 393 00cb 07       		.uleb128 0x7
 394 00cc 8D000000 		.4byte	0x8d
 395 00d0 06       		.uleb128 0x6
 396 00d1 00000000 		.4byte	.LASF19
 397 00d5 03       		.byte	0x3
 398 00d6 9002     		.2byte	0x290
 399 00d8 DC000000 		.4byte	0xdc
 400 00dc 07       		.uleb128 0x7
 401 00dd A5000000 		.4byte	0xa5
 402 00e1 08       		.uleb128 0x8
 403 00e2 0D000000 		.4byte	.LASF32
 404 00e6 01       		.byte	0x1
 405 00e7 D6       		.byte	0xd6
 406 00e8 00000000 		.4byte	.LFB5
 407 00ec 20000000 		.4byte	.LFE5-.LFB5
 408 00f0 01       		.uleb128 0x1
 409 00f1 9C       		.byte	0x9c
 410 00f2 09       		.uleb128 0x9
 411 00f3 83000000 		.4byte	.LASF20
 412 00f7 01       		.byte	0x1
 413 00f8 4C       		.byte	0x4c
 414 00f9 00000000 		.4byte	.LFB1
 415 00fd 0C000000 		.4byte	.LFE1-.LFB1
 416 0101 01       		.uleb128 0x1
 417 0102 9C       		.byte	0x9c
 418 0103 3F010000 		.4byte	0x13f
 419 0107 0A       		.uleb128 0xa
 420 0108 7300     		.ascii	"s\000"
 421 010a 01       		.byte	0x1
 422 010b 4C       		.byte	0x4c
 423 010c 84000000 		.4byte	0x84
ARM GAS  C:\Users\ADMIN\AppData\Local\Temp\cca2jFX9.s 			page 14


 424 0110 00000000 		.4byte	.LLST0
 425 0114 0A       		.uleb128 0xa
 426 0115 6E00     		.ascii	"n\000"
 427 0117 01       		.byte	0x1
 428 0118 4C       		.byte	0x4c
 429 0119 2C000000 		.4byte	0x2c
 430 011d 21000000 		.4byte	.LLST1
 431 0121 0B       		.uleb128 0xb
 432 0122 0A000000 		.4byte	.LVL2
 433 0126 68020000 		.4byte	0x268
 434 012a 0C       		.uleb128 0xc
 435 012b 01       		.uleb128 0x1
 436 012c 50       		.byte	0x50
 437 012d 03       		.uleb128 0x3
 438 012e F3       		.byte	0xf3
 439 012f 01       		.uleb128 0x1
 440 0130 50       		.byte	0x50
 441 0131 0C       		.uleb128 0xc
 442 0132 01       		.uleb128 0x1
 443 0133 51       		.byte	0x51
 444 0134 01       		.uleb128 0x1
 445 0135 30       		.byte	0x30
 446 0136 0C       		.uleb128 0xc
 447 0137 01       		.uleb128 0x1
 448 0138 52       		.byte	0x52
 449 0139 03       		.uleb128 0x3
 450 013a F3       		.byte	0xf3
 451 013b 01       		.uleb128 0x1
 452 013c 51       		.byte	0x51
 453 013d 00       		.byte	0
 454 013e 00       		.byte	0
 455 013f 09       		.uleb128 0x9
 456 0140 3D000000 		.4byte	.LASF21
 457 0144 01       		.byte	0x1
 458 0145 AA       		.byte	0xaa
 459 0146 00000000 		.4byte	.LFB4
 460 014a 54000000 		.4byte	.LFE4-.LFB4
 461 014e 01       		.uleb128 0x1
 462 014f 9C       		.byte	0x9c
 463 0150 8B010000 		.4byte	0x18b
 464 0154 0D       		.uleb128 0xd
 465 0155 0E000000 		.4byte	.LVL3
 466 0159 71020000 		.4byte	0x271
 467 015d 68010000 		.4byte	0x168
 468 0161 0C       		.uleb128 0xc
 469 0162 01       		.uleb128 0x1
 470 0163 50       		.byte	0x50
 471 0164 02       		.uleb128 0x2
 472 0165 08       		.byte	0x8
 473 0166 30       		.byte	0x30
 474 0167 00       		.byte	0
 475 0168 0D       		.uleb128 0xd
 476 0169 2A000000 		.4byte	.LVL4
 477 016d 7C020000 		.4byte	0x27c
 478 0171 7B010000 		.4byte	0x17b
 479 0175 0C       		.uleb128 0xc
 480 0176 01       		.uleb128 0x1
ARM GAS  C:\Users\ADMIN\AppData\Local\Temp\cca2jFX9.s 			page 15


 481 0177 50       		.byte	0x50
 482 0178 01       		.uleb128 0x1
 483 0179 37       		.byte	0x37
 484 017a 00       		.byte	0
 485 017b 0B       		.uleb128 0xb
 486 017c 30000000 		.4byte	.LVL5
 487 0180 87020000 		.4byte	0x287
 488 0184 0C       		.uleb128 0xc
 489 0185 01       		.uleb128 0x1
 490 0186 50       		.byte	0x50
 491 0187 01       		.uleb128 0x1
 492 0188 37       		.byte	0x37
 493 0189 00       		.byte	0
 494 018a 00       		.byte	0
 495 018b 0E       		.uleb128 0xe
 496 018c F3000000 		.4byte	.LASF33
 497 0190 01       		.byte	0x1
 498 0191 F1       		.byte	0xf1
 499 0192 54000000 		.4byte	.LFB6
 500 0196 AC000000 		.4byte	.LFE6-.LFB6
 501 019a 01       		.uleb128 0x1
 502 019b 9C       		.byte	0x9c
 503 019c 68020000 		.4byte	0x268
 504 01a0 0F       		.uleb128 0xf
 505 01a1 58000000 		.4byte	.LBB2
 506 01a5 4C000000 		.4byte	.LBE2-.LBB2
 507 01a9 55020000 		.4byte	0x255
 508 01ad 10       		.uleb128 0x10
 509 01ae 06       		.byte	0x6
 510 01af 01       		.byte	0x1
 511 01b0 F8       		.byte	0xf8
 512 01b1 CE010000 		.4byte	0x1ce
 513 01b5 11       		.uleb128 0x11
 514 01b6 00010000 		.4byte	.LASF22
 515 01ba 01       		.byte	0x1
 516 01bb F9       		.byte	0xf9
 517 01bc 84000000 		.4byte	0x84
 518 01c0 00       		.byte	0
 519 01c1 11       		.uleb128 0x11
 520 01c2 61000000 		.4byte	.LASF23
 521 01c6 01       		.byte	0x1
 522 01c7 FA       		.byte	0xfa
 523 01c8 99000000 		.4byte	0x99
 524 01cc 04       		.byte	0x4
 525 01cd 00       		.byte	0
 526 01ce 03       		.uleb128 0x3
 527 01cf AD010000 		.4byte	.LASF24
 528 01d3 01       		.byte	0x1
 529 01d4 FB       		.byte	0xfb
 530 01d5 AD010000 		.4byte	0x1ad
 531 01d9 12       		.uleb128 0x12
 532 01da E9010000 		.4byte	0x1e9
 533 01de E9010000 		.4byte	0x1e9
 534 01e2 13       		.uleb128 0x13
 535 01e3 7D000000 		.4byte	0x7d
 536 01e7 01       		.byte	0x1
 537 01e8 00       		.byte	0
ARM GAS  C:\Users\ADMIN\AppData\Local\Temp\cca2jFX9.s 			page 16


 538 01e9 14       		.uleb128 0x14
 539 01ea CE010000 		.4byte	0x1ce
 540 01ee 15       		.uleb128 0x15
 541 01ef 2D000000 		.4byte	.LASF25
 542 01f3 01       		.byte	0x1
 543 01f4 FD       		.byte	0xfd
 544 01f5 FF010000 		.4byte	0x1ff
 545 01f9 05       		.uleb128 0x5
 546 01fa 03       		.byte	0x3
 547 01fb 00000000 		.4byte	cfg_memset_list.4888
 548 01ff 14       		.uleb128 0x14
 549 0200 D9010000 		.4byte	0x1d9
 550 0204 16       		.uleb128 0x16
 551 0205 6900     		.ascii	"i\000"
 552 0207 01       		.byte	0x1
 553 0208 0301     		.2byte	0x103
 554 020a 8D000000 		.4byte	0x8d
 555 020e 4D000000 		.4byte	.LLST2
 556 0212 17       		.uleb128 0x17
 557 0213 5C000000 		.4byte	.LBB3
 558 0217 1C000000 		.4byte	.LBE3-.LBB3
 559 021b 16       		.uleb128 0x16
 560 021c 6D7300   		.ascii	"ms\000"
 561 021f 01       		.byte	0x1
 562 0220 0801     		.2byte	0x108
 563 0222 2A020000 		.4byte	0x22a
 564 0226 77000000 		.4byte	.LLST3
 565 022a 18       		.uleb128 0x18
 566 022b 04       		.byte	0x4
 567 022c E9010000 		.4byte	0x1e9
 568 0230 0B       		.uleb128 0xb
 569 0231 78000000 		.4byte	.LVL8
 570 0235 F2000000 		.4byte	0xf2
 571 0239 0C       		.uleb128 0xc
 572 023a 01       		.uleb128 0x1
 573 023b 51       		.byte	0x51
 574 023c 15       		.uleb128 0x15
 575 023d 74       		.byte	0x74
 576 023e 00       		.sleb128 0
 577 023f 31       		.byte	0x31
 578 0240 24       		.byte	0x24
 579 0241 74       		.byte	0x74
 580 0242 00       		.sleb128 0
 581 0243 22       		.byte	0x22
 582 0244 31       		.byte	0x31
 583 0245 24       		.byte	0x24
 584 0246 03       		.byte	0x3
 585 0247 04000000 		.4byte	.LANCHOR0+4
 586 024b 22       		.byte	0x22
 587 024c 94       		.byte	0x94
 588 024d 02       		.byte	0x2
 589 024e 0A       		.byte	0xa
 590 024f FFFF     		.2byte	0xffff
 591 0251 1A       		.byte	0x1a
 592 0252 00       		.byte	0
 593 0253 00       		.byte	0
 594 0254 00       		.byte	0
ARM GAS  C:\Users\ADMIN\AppData\Local\Temp\cca2jFX9.s 			page 17


 595 0255 19       		.uleb128 0x19
 596 0256 CA000000 		.4byte	.LVL11
 597 025a 3F010000 		.4byte	0x13f
 598 025e 19       		.uleb128 0x19
 599 025f CE000000 		.4byte	.LVL12
 600 0263 E1000000 		.4byte	0xe1
 601 0267 00       		.byte	0
 602 0268 1A       		.uleb128 0x1a
 603 0269 B0000000 		.4byte	.LASF34
 604 026d B0000000 		.4byte	.LASF34
 605 0271 1B       		.uleb128 0x1b
 606 0272 E0010000 		.4byte	.LASF26
 607 0276 E0010000 		.4byte	.LASF26
 608 027a 04       		.byte	0x4
 609 027b 6C       		.byte	0x6c
 610 027c 1B       		.uleb128 0x1b
 611 027d 1E000000 		.4byte	.LASF27
 612 0281 1E000000 		.4byte	.LASF27
 613 0285 04       		.byte	0x4
 614 0286 BD       		.byte	0xbd
 615 0287 1B       		.uleb128 0x1b
 616 0288 BE000000 		.4byte	.LASF28
 617 028c BE000000 		.4byte	.LASF28
 618 0290 04       		.byte	0x4
 619 0291 C3       		.byte	0xc3
 620 0292 00       		.byte	0
 621              		.section	.debug_abbrev,"",%progbits
 622              	.Ldebug_abbrev0:
 623 0000 01       		.uleb128 0x1
 624 0001 11       		.uleb128 0x11
 625 0002 01       		.byte	0x1
 626 0003 25       		.uleb128 0x25
 627 0004 0E       		.uleb128 0xe
 628 0005 13       		.uleb128 0x13
 629 0006 0B       		.uleb128 0xb
 630 0007 03       		.uleb128 0x3
 631 0008 0E       		.uleb128 0xe
 632 0009 1B       		.uleb128 0x1b
 633 000a 0E       		.uleb128 0xe
 634 000b 55       		.uleb128 0x55
 635 000c 17       		.uleb128 0x17
 636 000d 11       		.uleb128 0x11
 637 000e 01       		.uleb128 0x1
 638 000f 10       		.uleb128 0x10
 639 0010 17       		.uleb128 0x17
 640 0011 00       		.byte	0
 641 0012 00       		.byte	0
 642 0013 02       		.uleb128 0x2
 643 0014 24       		.uleb128 0x24
 644 0015 00       		.byte	0
 645 0016 0B       		.uleb128 0xb
 646 0017 0B       		.uleb128 0xb
 647 0018 3E       		.uleb128 0x3e
 648 0019 0B       		.uleb128 0xb
 649 001a 03       		.uleb128 0x3
 650 001b 08       		.uleb128 0x8
 651 001c 00       		.byte	0
ARM GAS  C:\Users\ADMIN\AppData\Local\Temp\cca2jFX9.s 			page 18


 652 001d 00       		.byte	0
 653 001e 03       		.uleb128 0x3
 654 001f 16       		.uleb128 0x16
 655 0020 00       		.byte	0
 656 0021 03       		.uleb128 0x3
 657 0022 0E       		.uleb128 0xe
 658 0023 3A       		.uleb128 0x3a
 659 0024 0B       		.uleb128 0xb
 660 0025 3B       		.uleb128 0x3b
 661 0026 0B       		.uleb128 0xb
 662 0027 49       		.uleb128 0x49
 663 0028 13       		.uleb128 0x13
 664 0029 00       		.byte	0
 665 002a 00       		.byte	0
 666 002b 04       		.uleb128 0x4
 667 002c 24       		.uleb128 0x24
 668 002d 00       		.byte	0
 669 002e 0B       		.uleb128 0xb
 670 002f 0B       		.uleb128 0xb
 671 0030 3E       		.uleb128 0x3e
 672 0031 0B       		.uleb128 0xb
 673 0032 03       		.uleb128 0x3
 674 0033 0E       		.uleb128 0xe
 675 0034 00       		.byte	0
 676 0035 00       		.byte	0
 677 0036 05       		.uleb128 0x5
 678 0037 0F       		.uleb128 0xf
 679 0038 00       		.byte	0
 680 0039 0B       		.uleb128 0xb
 681 003a 0B       		.uleb128 0xb
 682 003b 00       		.byte	0
 683 003c 00       		.byte	0
 684 003d 06       		.uleb128 0x6
 685 003e 16       		.uleb128 0x16
 686 003f 00       		.byte	0
 687 0040 03       		.uleb128 0x3
 688 0041 0E       		.uleb128 0xe
 689 0042 3A       		.uleb128 0x3a
 690 0043 0B       		.uleb128 0xb
 691 0044 3B       		.uleb128 0x3b
 692 0045 05       		.uleb128 0x5
 693 0046 49       		.uleb128 0x49
 694 0047 13       		.uleb128 0x13
 695 0048 00       		.byte	0
 696 0049 00       		.byte	0
 697 004a 07       		.uleb128 0x7
 698 004b 35       		.uleb128 0x35
 699 004c 00       		.byte	0
 700 004d 49       		.uleb128 0x49
 701 004e 13       		.uleb128 0x13
 702 004f 00       		.byte	0
 703 0050 00       		.byte	0
 704 0051 08       		.uleb128 0x8
 705 0052 2E       		.uleb128 0x2e
 706 0053 00       		.byte	0
 707 0054 03       		.uleb128 0x3
 708 0055 0E       		.uleb128 0xe
ARM GAS  C:\Users\ADMIN\AppData\Local\Temp\cca2jFX9.s 			page 19


 709 0056 3A       		.uleb128 0x3a
 710 0057 0B       		.uleb128 0xb
 711 0058 3B       		.uleb128 0x3b
 712 0059 0B       		.uleb128 0xb
 713 005a 27       		.uleb128 0x27
 714 005b 19       		.uleb128 0x19
 715 005c 11       		.uleb128 0x11
 716 005d 01       		.uleb128 0x1
 717 005e 12       		.uleb128 0x12
 718 005f 06       		.uleb128 0x6
 719 0060 40       		.uleb128 0x40
 720 0061 18       		.uleb128 0x18
 721 0062 9742     		.uleb128 0x2117
 722 0064 19       		.uleb128 0x19
 723 0065 00       		.byte	0
 724 0066 00       		.byte	0
 725 0067 09       		.uleb128 0x9
 726 0068 2E       		.uleb128 0x2e
 727 0069 01       		.byte	0x1
 728 006a 03       		.uleb128 0x3
 729 006b 0E       		.uleb128 0xe
 730 006c 3A       		.uleb128 0x3a
 731 006d 0B       		.uleb128 0xb
 732 006e 3B       		.uleb128 0x3b
 733 006f 0B       		.uleb128 0xb
 734 0070 27       		.uleb128 0x27
 735 0071 19       		.uleb128 0x19
 736 0072 11       		.uleb128 0x11
 737 0073 01       		.uleb128 0x1
 738 0074 12       		.uleb128 0x12
 739 0075 06       		.uleb128 0x6
 740 0076 40       		.uleb128 0x40
 741 0077 18       		.uleb128 0x18
 742 0078 9742     		.uleb128 0x2117
 743 007a 19       		.uleb128 0x19
 744 007b 01       		.uleb128 0x1
 745 007c 13       		.uleb128 0x13
 746 007d 00       		.byte	0
 747 007e 00       		.byte	0
 748 007f 0A       		.uleb128 0xa
 749 0080 05       		.uleb128 0x5
 750 0081 00       		.byte	0
 751 0082 03       		.uleb128 0x3
 752 0083 08       		.uleb128 0x8
 753 0084 3A       		.uleb128 0x3a
 754 0085 0B       		.uleb128 0xb
 755 0086 3B       		.uleb128 0x3b
 756 0087 0B       		.uleb128 0xb
 757 0088 49       		.uleb128 0x49
 758 0089 13       		.uleb128 0x13
 759 008a 02       		.uleb128 0x2
 760 008b 17       		.uleb128 0x17
 761 008c 00       		.byte	0
 762 008d 00       		.byte	0
 763 008e 0B       		.uleb128 0xb
 764 008f 898201   		.uleb128 0x4109
 765 0092 01       		.byte	0x1
ARM GAS  C:\Users\ADMIN\AppData\Local\Temp\cca2jFX9.s 			page 20


 766 0093 11       		.uleb128 0x11
 767 0094 01       		.uleb128 0x1
 768 0095 31       		.uleb128 0x31
 769 0096 13       		.uleb128 0x13
 770 0097 00       		.byte	0
 771 0098 00       		.byte	0
 772 0099 0C       		.uleb128 0xc
 773 009a 8A8201   		.uleb128 0x410a
 774 009d 00       		.byte	0
 775 009e 02       		.uleb128 0x2
 776 009f 18       		.uleb128 0x18
 777 00a0 9142     		.uleb128 0x2111
 778 00a2 18       		.uleb128 0x18
 779 00a3 00       		.byte	0
 780 00a4 00       		.byte	0
 781 00a5 0D       		.uleb128 0xd
 782 00a6 898201   		.uleb128 0x4109
 783 00a9 01       		.byte	0x1
 784 00aa 11       		.uleb128 0x11
 785 00ab 01       		.uleb128 0x1
 786 00ac 31       		.uleb128 0x31
 787 00ad 13       		.uleb128 0x13
 788 00ae 01       		.uleb128 0x1
 789 00af 13       		.uleb128 0x13
 790 00b0 00       		.byte	0
 791 00b1 00       		.byte	0
 792 00b2 0E       		.uleb128 0xe
 793 00b3 2E       		.uleb128 0x2e
 794 00b4 01       		.byte	0x1
 795 00b5 3F       		.uleb128 0x3f
 796 00b6 19       		.uleb128 0x19
 797 00b7 03       		.uleb128 0x3
 798 00b8 0E       		.uleb128 0xe
 799 00b9 3A       		.uleb128 0x3a
 800 00ba 0B       		.uleb128 0xb
 801 00bb 3B       		.uleb128 0x3b
 802 00bc 0B       		.uleb128 0xb
 803 00bd 27       		.uleb128 0x27
 804 00be 19       		.uleb128 0x19
 805 00bf 11       		.uleb128 0x11
 806 00c0 01       		.uleb128 0x1
 807 00c1 12       		.uleb128 0x12
 808 00c2 06       		.uleb128 0x6
 809 00c3 40       		.uleb128 0x40
 810 00c4 18       		.uleb128 0x18
 811 00c5 9742     		.uleb128 0x2117
 812 00c7 19       		.uleb128 0x19
 813 00c8 01       		.uleb128 0x1
 814 00c9 13       		.uleb128 0x13
 815 00ca 00       		.byte	0
 816 00cb 00       		.byte	0
 817 00cc 0F       		.uleb128 0xf
 818 00cd 0B       		.uleb128 0xb
 819 00ce 01       		.byte	0x1
 820 00cf 11       		.uleb128 0x11
 821 00d0 01       		.uleb128 0x1
 822 00d1 12       		.uleb128 0x12
ARM GAS  C:\Users\ADMIN\AppData\Local\Temp\cca2jFX9.s 			page 21


 823 00d2 06       		.uleb128 0x6
 824 00d3 01       		.uleb128 0x1
 825 00d4 13       		.uleb128 0x13
 826 00d5 00       		.byte	0
 827 00d6 00       		.byte	0
 828 00d7 10       		.uleb128 0x10
 829 00d8 13       		.uleb128 0x13
 830 00d9 01       		.byte	0x1
 831 00da 0B       		.uleb128 0xb
 832 00db 0B       		.uleb128 0xb
 833 00dc 3A       		.uleb128 0x3a
 834 00dd 0B       		.uleb128 0xb
 835 00de 3B       		.uleb128 0x3b
 836 00df 0B       		.uleb128 0xb
 837 00e0 01       		.uleb128 0x1
 838 00e1 13       		.uleb128 0x13
 839 00e2 00       		.byte	0
 840 00e3 00       		.byte	0
 841 00e4 11       		.uleb128 0x11
 842 00e5 0D       		.uleb128 0xd
 843 00e6 00       		.byte	0
 844 00e7 03       		.uleb128 0x3
 845 00e8 0E       		.uleb128 0xe
 846 00e9 3A       		.uleb128 0x3a
 847 00ea 0B       		.uleb128 0xb
 848 00eb 3B       		.uleb128 0x3b
 849 00ec 0B       		.uleb128 0xb
 850 00ed 49       		.uleb128 0x49
 851 00ee 13       		.uleb128 0x13
 852 00ef 38       		.uleb128 0x38
 853 00f0 0B       		.uleb128 0xb
 854 00f1 00       		.byte	0
 855 00f2 00       		.byte	0
 856 00f3 12       		.uleb128 0x12
 857 00f4 01       		.uleb128 0x1
 858 00f5 01       		.byte	0x1
 859 00f6 49       		.uleb128 0x49
 860 00f7 13       		.uleb128 0x13
 861 00f8 01       		.uleb128 0x1
 862 00f9 13       		.uleb128 0x13
 863 00fa 00       		.byte	0
 864 00fb 00       		.byte	0
 865 00fc 13       		.uleb128 0x13
 866 00fd 21       		.uleb128 0x21
 867 00fe 00       		.byte	0
 868 00ff 49       		.uleb128 0x49
 869 0100 13       		.uleb128 0x13
 870 0101 2F       		.uleb128 0x2f
 871 0102 0B       		.uleb128 0xb
 872 0103 00       		.byte	0
 873 0104 00       		.byte	0
 874 0105 14       		.uleb128 0x14
 875 0106 26       		.uleb128 0x26
 876 0107 00       		.byte	0
 877 0108 49       		.uleb128 0x49
 878 0109 13       		.uleb128 0x13
 879 010a 00       		.byte	0
ARM GAS  C:\Users\ADMIN\AppData\Local\Temp\cca2jFX9.s 			page 22


 880 010b 00       		.byte	0
 881 010c 15       		.uleb128 0x15
 882 010d 34       		.uleb128 0x34
 883 010e 00       		.byte	0
 884 010f 03       		.uleb128 0x3
 885 0110 0E       		.uleb128 0xe
 886 0111 3A       		.uleb128 0x3a
 887 0112 0B       		.uleb128 0xb
 888 0113 3B       		.uleb128 0x3b
 889 0114 0B       		.uleb128 0xb
 890 0115 49       		.uleb128 0x49
 891 0116 13       		.uleb128 0x13
 892 0117 02       		.uleb128 0x2
 893 0118 18       		.uleb128 0x18
 894 0119 00       		.byte	0
 895 011a 00       		.byte	0
 896 011b 16       		.uleb128 0x16
 897 011c 34       		.uleb128 0x34
 898 011d 00       		.byte	0
 899 011e 03       		.uleb128 0x3
 900 011f 08       		.uleb128 0x8
 901 0120 3A       		.uleb128 0x3a
 902 0121 0B       		.uleb128 0xb
 903 0122 3B       		.uleb128 0x3b
 904 0123 05       		.uleb128 0x5
 905 0124 49       		.uleb128 0x49
 906 0125 13       		.uleb128 0x13
 907 0126 02       		.uleb128 0x2
 908 0127 17       		.uleb128 0x17
 909 0128 00       		.byte	0
 910 0129 00       		.byte	0
 911 012a 17       		.uleb128 0x17
 912 012b 0B       		.uleb128 0xb
 913 012c 01       		.byte	0x1
 914 012d 11       		.uleb128 0x11
 915 012e 01       		.uleb128 0x1
 916 012f 12       		.uleb128 0x12
 917 0130 06       		.uleb128 0x6
 918 0131 00       		.byte	0
 919 0132 00       		.byte	0
 920 0133 18       		.uleb128 0x18
 921 0134 0F       		.uleb128 0xf
 922 0135 00       		.byte	0
 923 0136 0B       		.uleb128 0xb
 924 0137 0B       		.uleb128 0xb
 925 0138 49       		.uleb128 0x49
 926 0139 13       		.uleb128 0x13
 927 013a 00       		.byte	0
 928 013b 00       		.byte	0
 929 013c 19       		.uleb128 0x19
 930 013d 898201   		.uleb128 0x4109
 931 0140 00       		.byte	0
 932 0141 11       		.uleb128 0x11
 933 0142 01       		.uleb128 0x1
 934 0143 31       		.uleb128 0x31
 935 0144 13       		.uleb128 0x13
 936 0145 00       		.byte	0
ARM GAS  C:\Users\ADMIN\AppData\Local\Temp\cca2jFX9.s 			page 23


 937 0146 00       		.byte	0
 938 0147 1A       		.uleb128 0x1a
 939 0148 2E       		.uleb128 0x2e
 940 0149 00       		.byte	0
 941 014a 3F       		.uleb128 0x3f
 942 014b 19       		.uleb128 0x19
 943 014c 3C       		.uleb128 0x3c
 944 014d 19       		.uleb128 0x19
 945 014e 6E       		.uleb128 0x6e
 946 014f 0E       		.uleb128 0xe
 947 0150 03       		.uleb128 0x3
 948 0151 0E       		.uleb128 0xe
 949 0152 00       		.byte	0
 950 0153 00       		.byte	0
 951 0154 1B       		.uleb128 0x1b
 952 0155 2E       		.uleb128 0x2e
 953 0156 00       		.byte	0
 954 0157 3F       		.uleb128 0x3f
 955 0158 19       		.uleb128 0x19
 956 0159 3C       		.uleb128 0x3c
 957 015a 19       		.uleb128 0x19
 958 015b 6E       		.uleb128 0x6e
 959 015c 0E       		.uleb128 0xe
 960 015d 03       		.uleb128 0x3
 961 015e 0E       		.uleb128 0xe
 962 015f 3A       		.uleb128 0x3a
 963 0160 0B       		.uleb128 0xb
 964 0161 3B       		.uleb128 0x3b
 965 0162 0B       		.uleb128 0xb
 966 0163 00       		.byte	0
 967 0164 00       		.byte	0
 968 0165 00       		.byte	0
 969              		.section	.debug_loc,"",%progbits
 970              	.Ldebug_loc0:
 971              	.LLST0:
 972 0000 00000000 		.4byte	.LVL0
 973 0004 09000000 		.4byte	.LVL2-1
 974 0008 0100     		.2byte	0x1
 975 000a 50       		.byte	0x50
 976 000b 09000000 		.4byte	.LVL2-1
 977 000f 0C000000 		.4byte	.LFE1
 978 0013 0400     		.2byte	0x4
 979 0015 F3       		.byte	0xf3
 980 0016 01       		.uleb128 0x1
 981 0017 50       		.byte	0x50
 982 0018 9F       		.byte	0x9f
 983 0019 00000000 		.4byte	0
 984 001d 00000000 		.4byte	0
 985              	.LLST1:
 986 0021 00000000 		.4byte	.LVL0
 987 0025 06000000 		.4byte	.LVL1
 988 0029 0100     		.2byte	0x1
 989 002b 51       		.byte	0x51
 990 002c 06000000 		.4byte	.LVL1
 991 0030 09000000 		.4byte	.LVL2-1
 992 0034 0100     		.2byte	0x1
 993 0036 52       		.byte	0x52
ARM GAS  C:\Users\ADMIN\AppData\Local\Temp\cca2jFX9.s 			page 24


 994 0037 09000000 		.4byte	.LVL2-1
 995 003b 0C000000 		.4byte	.LFE1
 996 003f 0400     		.2byte	0x4
 997 0041 F3       		.byte	0xf3
 998 0042 01       		.uleb128 0x1
 999 0043 51       		.byte	0x51
 1000 0044 9F       		.byte	0x9f
 1001 0045 00000000 		.4byte	0
 1002 0049 00000000 		.4byte	0
 1003              	.LLST2:
 1004 004d 58000000 		.4byte	.LVL6
 1005 0051 5C000000 		.4byte	.LVL7
 1006 0055 0200     		.2byte	0x2
 1007 0057 30       		.byte	0x30
 1008 0058 9F       		.byte	0x9f
 1009 0059 5C000000 		.4byte	.LVL7
 1010 005d 7A000000 		.4byte	.LVL9
 1011 0061 0100     		.2byte	0x1
 1012 0063 54       		.byte	0x54
 1013 0064 7C000000 		.4byte	.LVL10
 1014 0068 CE000000 		.4byte	.LVL13
 1015 006c 0100     		.2byte	0x1
 1016 006e 54       		.byte	0x54
 1017 006f 00000000 		.4byte	0
 1018 0073 00000000 		.4byte	0
 1019              	.LLST3:
 1020 0077 5C000000 		.4byte	.LVL7
 1021 007b 7A000000 		.4byte	.LVL9
 1022 007f 0B00     		.2byte	0xb
 1023 0081 74       		.byte	0x74
 1024 0082 00       		.sleb128 0
 1025 0083 36       		.byte	0x36
 1026 0084 1E       		.byte	0x1e
 1027 0085 03       		.byte	0x3
 1028 0086 00000000 		.4byte	cfg_memset_list.4888
 1029 008a 22       		.byte	0x22
 1030 008b 9F       		.byte	0x9f
 1031 008c 7A000000 		.4byte	.LVL9
 1032 0090 7C000000 		.4byte	.LVL10
 1033 0094 0B00     		.2byte	0xb
 1034 0096 74       		.byte	0x74
 1035 0097 7F       		.sleb128 -1
 1036 0098 36       		.byte	0x36
 1037 0099 1E       		.byte	0x1e
 1038 009a 03       		.byte	0x3
 1039 009b 00000000 		.4byte	cfg_memset_list.4888
 1040 009f 22       		.byte	0x22
 1041 00a0 9F       		.byte	0x9f
 1042 00a1 00000000 		.4byte	0
 1043 00a5 00000000 		.4byte	0
 1044              		.section	.debug_aranges,"",%progbits
 1045 0000 34000000 		.4byte	0x34
 1046 0004 0200     		.2byte	0x2
 1047 0006 00000000 		.4byte	.Ldebug_info0
 1048 000a 04       		.byte	0x4
 1049 000b 00       		.byte	0
 1050 000c 0000     		.2byte	0
ARM GAS  C:\Users\ADMIN\AppData\Local\Temp\cca2jFX9.s 			page 25


 1051 000e 0000     		.2byte	0
 1052 0010 00000000 		.4byte	.LFB5
 1053 0014 20000000 		.4byte	.LFE5-.LFB5
 1054 0018 00000000 		.4byte	.LFB1
 1055 001c 0C000000 		.4byte	.LFE1-.LFB1
 1056 0020 00000000 		.4byte	.LFB4
 1057 0024 54000000 		.4byte	.LFE4-.LFB4
 1058 0028 54000000 		.4byte	.LFB6
 1059 002c AC000000 		.4byte	.LFE6-.LFB6
 1060 0030 00000000 		.4byte	0
 1061 0034 00000000 		.4byte	0
 1062              		.section	.debug_ranges,"",%progbits
 1063              	.Ldebug_ranges0:
 1064 0000 00000000 		.4byte	.LFB5
 1065 0004 20000000 		.4byte	.LFE5
 1066 0008 00000000 		.4byte	.LFB1
 1067 000c 0C000000 		.4byte	.LFE1
 1068 0010 00000000 		.4byte	.LFB4
 1069 0014 54000000 		.4byte	.LFE4
 1070 0018 54000000 		.4byte	.LFB6
 1071 001c 00010000 		.4byte	.LFE6
 1072 0020 00000000 		.4byte	0
 1073 0024 00000000 		.4byte	0
 1074              		.section	.debug_line,"",%progbits
 1075              	.Ldebug_line0:
 1076 0000 40010000 		.section	.debug_str,"MS",%progbits,1
 1076      0200D600 
 1076      00000201 
 1076      FB0E0D00 
 1076      01010101 
 1077              	.LASF19:
 1078 0000 72656733 		.ascii	"reg32\000"
 1078      3200
 1079              	.LASF12:
 1080 0006 73697A65 		.ascii	"size_t\000"
 1080      5F7400
 1081              	.LASF32:
 1082 000d 416E616C 		.ascii	"AnalogSetDefault\000"
 1082      6F675365 
 1082      74446566 
 1082      61756C74 
 1082      00
 1083              	.LASF27:
 1084 001e 4379496E 		.ascii	"CyIntSetVector\000"
 1084      74536574 
 1084      56656374 
 1084      6F7200
 1085              	.LASF25:
 1086 002d 6366675F 		.ascii	"cfg_memset_list\000"
 1086      6D656D73 
 1086      65745F6C 
 1086      69737400 
 1087              	.LASF21:
 1088 003d 436C6F63 		.ascii	"ClockSetup\000"
 1088      6B536574 
 1088      757000
 1089              	.LASF6:
ARM GAS  C:\Users\ADMIN\AppData\Local\Temp\cca2jFX9.s 			page 26


 1090 0048 73686F72 		.ascii	"short unsigned int\000"
 1090      7420756E 
 1090      7369676E 
 1090      65642069 
 1090      6E7400
 1091              	.LASF16:
 1092 005b 666C6F61 		.ascii	"float\000"
 1092      7400
 1093              	.LASF23:
 1094 0061 73697A65 		.ascii	"size\000"
 1094      00
 1095              	.LASF18:
 1096 0066 72656738 		.ascii	"reg8\000"
 1096      00
 1097              	.LASF8:
 1098 006b 6C6F6E67 		.ascii	"long unsigned int\000"
 1098      20756E73 
 1098      69676E65 
 1098      6420696E 
 1098      7400
 1099              	.LASF13:
 1100 007d 75696E74 		.ascii	"uint8\000"
 1100      3800
 1101              	.LASF20:
 1102 0083 43594D45 		.ascii	"CYMEMZERO\000"
 1102      4D5A4552 
 1102      4F00
 1103              	.LASF31:
 1104 008d 443A5C50 		.ascii	"D:\\Programming\\PSoC\\Lab\\Lab1.cydsn\000"
 1104      726F6772 
 1104      616D6D69 
 1104      6E675C50 
 1104      536F435C 
 1105              	.LASF34:
 1106 00b0 6D656D73 		.ascii	"memset\000"
 1106      657400
 1107              	.LASF17:
 1108 00b7 646F7562 		.ascii	"double\000"
 1108      6C6500
 1109              	.LASF28:
 1110 00be 4379496E 		.ascii	"CyIntEnable\000"
 1110      74456E61 
 1110      626C6500 
 1111              	.LASF14:
 1112 00ca 75696E74 		.ascii	"uint16\000"
 1112      313600
 1113              	.LASF15:
 1114 00d1 75696E74 		.ascii	"uint32\000"
 1114      333200
 1115              	.LASF4:
 1116 00d8 756E7369 		.ascii	"unsigned char\000"
 1116      676E6564 
 1116      20636861 
 1116      7200
 1117              	.LASF0:
 1118 00e6 756E7369 		.ascii	"unsigned int\000"
 1118      676E6564 
ARM GAS  C:\Users\ADMIN\AppData\Local\Temp\cca2jFX9.s 			page 27


 1118      20696E74 
 1118      00
 1119              	.LASF33:
 1120 00f3 63796669 		.ascii	"cyfitter_cfg\000"
 1120      74746572 
 1120      5F636667 
 1120      00
 1121              	.LASF22:
 1122 0100 61646472 		.ascii	"address\000"
 1122      65737300 
 1123              	.LASF9:
 1124 0108 6C6F6E67 		.ascii	"long long unsigned int\000"
 1124      206C6F6E 
 1124      6720756E 
 1124      7369676E 
 1124      65642069 
 1125              	.LASF29:
 1126 011f 474E5520 		.ascii	"GNU C11 5.4.1 20160609 (release) [ARM/embedded-5-br"
 1126      43313120 
 1126      352E342E 
 1126      31203230 
 1126      31363036 
 1127 0152 616E6368 		.ascii	"anch revision 237715] -mcpu=cortex-m0 -mthumb -g -O"
 1127      20726576 
 1127      6973696F 
 1127      6E203233 
 1127      37373135 
 1128 0185 67202D66 		.ascii	"g -ffunction-sections -ffat-lto-objects\000"
 1128      66756E63 
 1128      74696F6E 
 1128      2D736563 
 1128      74696F6E 
 1129              	.LASF24:
 1130 01ad 6366675F 		.ascii	"cfg_memset_t\000"
 1130      6D656D73 
 1130      65745F74 
 1130      00
 1131              	.LASF10:
 1132 01ba 73697A65 		.ascii	"sizetype\000"
 1132      74797065 
 1132      00
 1133              	.LASF1:
 1134 01c3 6C6F6E67 		.ascii	"long long int\000"
 1134      206C6F6E 
 1134      6720696E 
 1134      7400
 1135              	.LASF11:
 1136 01d1 63686172 		.ascii	"char\000"
 1136      00
 1137              	.LASF5:
 1138 01d6 73686F72 		.ascii	"short int\000"
 1138      7420696E 
 1138      7400
 1139              	.LASF26:
 1140 01e0 43795379 		.ascii	"CySysClkWriteImoFreq\000"
 1140      73436C6B 
 1140      57726974 
ARM GAS  C:\Users\ADMIN\AppData\Local\Temp\cca2jFX9.s 			page 28


 1140      65496D6F 
 1140      46726571 
 1141              	.LASF7:
 1142 01f5 6C6F6E67 		.ascii	"long int\000"
 1142      20696E74 
 1142      00
 1143              	.LASF2:
 1144 01fe 6C6F6E67 		.ascii	"long double\000"
 1144      20646F75 
 1144      626C6500 
 1145              	.LASF3:
 1146 020a 7369676E 		.ascii	"signed char\000"
 1146      65642063 
 1146      68617200 
 1147              	.LASF30:
 1148 0216 47656E65 		.ascii	"Generated_Source\\PSoC4\\cyfitter_cfg.c\000"
 1148      72617465 
 1148      645F536F 
 1148      75726365 
 1148      5C50536F 
 1149              		.ident	"GCC: (GNU Tools for ARM Embedded Processors) 5.4.1 20160609 (release) [ARM/embedded-5-bran
