ARM GAS  C:\Users\ADMIN\AppData\Local\Temp\cc1756Xa.s 			page 1


   1              		.syntax unified
   2              		.cpu cortex-m0
   3              		.fpu softvfp
   4              		.eabi_attribute 20, 1
   5              		.eabi_attribute 21, 1
   6              		.eabi_attribute 23, 3
   7              		.eabi_attribute 24, 1
   8              		.eabi_attribute 25, 1
   9              		.eabi_attribute 26, 1
  10              		.eabi_attribute 30, 1
  11              		.eabi_attribute 34, 0
  12              		.eabi_attribute 18, 4
  13              		.thumb
  14              		.syntax unified
  15              		.file	"main.c"
  16              		.text
  17              	.Ltext0:
  18              		.cfi_sections	.debug_frame
  19              		.section	.text.main,"ax",%progbits
  20              		.align	2
  21              		.global	main
  22              		.code	16
  23              		.thumb_func
  24              		.type	main, %function
  25              	main:
  26              	.LFB34:
  27              		.file 1 "main.c"
   1:main.c        **** #include "project.h"
   2:main.c        **** 
   3:main.c        **** int main(void)
   4:main.c        **** {
  28              		.loc 1 4 0
  29              		.cfi_startproc
  30              		@ args = 0, pretend = 0, frame = 8
  31              		@ frame_needed = 0, uses_anonymous_args = 0
  32 0000 F0B5     		push	{r4, r5, r6, r7, lr}
  33              		.cfi_def_cfa_offset 20
  34              		.cfi_offset 4, -20
  35              		.cfi_offset 5, -16
  36              		.cfi_offset 6, -12
  37              		.cfi_offset 7, -8
  38              		.cfi_offset 14, -4
  39 0002 5746     		mov	r7, r10
  40 0004 4E46     		mov	r6, r9
  41 0006 4546     		mov	r5, r8
  42 0008 E0B4     		push	{r5, r6, r7}
  43              		.cfi_def_cfa_offset 32
  44              		.cfi_offset 8, -32
  45              		.cfi_offset 9, -28
  46              		.cfi_offset 10, -24
  47 000a 82B0     		sub	sp, sp, #8
  48              		.cfi_def_cfa_offset 40
   5:main.c        ****     CyGlobalIntEnable; /* Enable global interrupts. */
  49              		.loc 1 5 0
  50              		.syntax divided
  51              	@ 5 "main.c" 1
  52 000c 62B6     		CPSIE   i
ARM GAS  C:\Users\ADMIN\AppData\Local\Temp\cc1756Xa.s 			page 2


  53              	@ 0 "" 2
  54              		.thumb
  55              		.syntax unified
  56              	.L11:
  57              	.LBB2:
   6:main.c        ****     /* Place your initialization/startup code here (e.g. MyInst_Start()) */
   7:main.c        **** 
   8:main.c        ****     for(;;)
   9:main.c        ****     {   
  10:main.c        ****         uint8 a,b,c,d,e,combination;
  11:main.c        ****         a = !SW_1_Read();
  58              		.loc 1 11 0
  59 000e FFF7FEFF 		bl	SW_1_Read
  60              	.LVL0:
  61 0012 0700     		movs	r7, r0
  62 0014 4642     		rsbs	r6, r0, #0
  63 0016 4641     		adcs	r6, r6, r0
  64 0018 F6B2     		uxtb	r6, r6
  65              	.LVL1:
  12:main.c        ****         b = !SW_2_Read();
  66              		.loc 1 12 0
  67 001a FFF7FEFF 		bl	SW_2_Read
  68              	.LVL2:
  69 001e 8246     		mov	r10, r0
  70 0020 4442     		rsbs	r4, r0, #0
  71 0022 4441     		adcs	r4, r4, r0
  72 0024 E4B2     		uxtb	r4, r4
  73              	.LVL3:
  13:main.c        ****         c = !SW_3_Read();
  74              		.loc 1 13 0
  75 0026 FFF7FEFF 		bl	SW_3_Read
  76              	.LVL4:
  77 002a 8146     		mov	r9, r0
  78 002c 4342     		rsbs	r3, r0, #0
  79 002e 5841     		adcs	r0, r0, r3
  80 0030 C3B2     		uxtb	r3, r0
  81 0032 9846     		mov	r8, r3
  82              	.LVL5:
  14:main.c        ****         d = !SW_4_Read();
  83              		.loc 1 14 0
  84 0034 FFF7FEFF 		bl	SW_4_Read
  85              	.LVL6:
  86 0038 0190     		str	r0, [sp, #4]
  87 003a 4542     		rsbs	r5, r0, #0
  88 003c 4541     		adcs	r5, r5, r0
  89 003e EDB2     		uxtb	r5, r5
  90              	.LVL7:
  15:main.c        ****         e = !SW_5_Read();
  91              		.loc 1 15 0
  92 0040 FFF7FEFF 		bl	SW_5_Read
  93              	.LVL8:
  94 0044 0300     		movs	r3, r0
  95 0046 4242     		rsbs	r2, r0, #0
  96 0048 5041     		adcs	r0, r0, r2
  97 004a C0B2     		uxtb	r0, r0
  98              	.LVL9:
  16:main.c        ****         
ARM GAS  C:\Users\ADMIN\AppData\Local\Temp\cc1756Xa.s 			page 3


  17:main.c        ****         /*combination =(a && b && !c && !d && !e) || (a && !b && c && !d && !e) 
  18:main.c        ****         || (a && !b && !c && d && !e) || (!a && b && c && !d && !e) || (!a && b && !c && d && !e) 
  19:main.c        ****         || (!a && !b && c && d && !e) || (a && b && c && !d && !e);*/
  20:main.c        ****         
  21:main.c        ****         combination =(a && b && !c && !d && !e) || (a && c && !d && !e) 
  22:main.c        ****         || (a && !b && !c && d && !e) || (b && c && !d && !e) || (!a && b && !c && d && !e) 
  23:main.c        ****         || (!a && !b && c && d && !e);
  99              		.loc 1 23 0
 100 004c 002F     		cmp	r7, #0
 101 004e 07D1     		bne	.L2
  21:main.c        ****         || (a && !b && !c && d && !e) || (b && c && !d && !e) || (!a && b && !c && d && !e) 
 102              		.loc 1 21 0
 103 0050 5246     		mov	r2, r10
 104 0052 002A     		cmp	r2, #0
 105 0054 04D1     		bne	.L2
  21:main.c        ****         || (a && !b && !c && d && !e) || (b && c && !d && !e) || (!a && b && !c && d && !e) 
 106              		.loc 1 21 0 is_stmt 0 discriminator 1
 107 0056 4246     		mov	r2, r8
 108 0058 2A43     		orrs	r2, r5
 109 005a 01D1     		bne	.L2
 110 005c 0028     		cmp	r0, #0
 111 005e 39D0     		beq	.L12
 112              	.L2:
  21:main.c        ****         || (a && !b && !c && d && !e) || (b && c && !d && !e) || (!a && b && !c && d && !e) 
 113              		.loc 1 21 0 discriminator 3
 114 0060 002F     		cmp	r7, #0
 115 0062 06D1     		bne	.L5
  21:main.c        ****         || (a && !b && !c && d && !e) || (b && c && !d && !e) || (!a && b && !c && d && !e) 
 116              		.loc 1 21 0 discriminator 4
 117 0064 4A46     		mov	r2, r9
 118 0066 002A     		cmp	r2, #0
 119 0068 03D1     		bne	.L5
  21:main.c        ****         || (a && !b && !c && d && !e) || (b && c && !d && !e) || (!a && b && !c && d && !e) 
 120              		.loc 1 21 0 discriminator 5
 121 006a 002D     		cmp	r5, #0
 122 006c 01D1     		bne	.L5
 123 006e 0028     		cmp	r0, #0
 124 0070 32D0     		beq	.L13
 125              	.L5:
  22:main.c        ****         || (!a && !b && c && d && !e);
 126              		.loc 1 22 0 is_stmt 1
 127 0072 002F     		cmp	r7, #0
 128 0074 09D1     		bne	.L7
  22:main.c        ****         || (!a && !b && c && d && !e);
 129              		.loc 1 22 0 is_stmt 0 discriminator 1
 130 0076 002C     		cmp	r4, #0
 131 0078 07D1     		bne	.L7
 132 007a 4246     		mov	r2, r8
 133 007c 002A     		cmp	r2, #0
 134 007e 04D1     		bne	.L7
  22:main.c        ****         || (!a && !b && c && d && !e);
 135              		.loc 1 22 0 discriminator 3
 136 0080 019A     		ldr	r2, [sp, #4]
 137 0082 002A     		cmp	r2, #0
 138 0084 01D1     		bne	.L7
  22:main.c        ****         || (!a && !b && c && d && !e);
 139              		.loc 1 22 0 discriminator 5
ARM GAS  C:\Users\ADMIN\AppData\Local\Temp\cc1756Xa.s 			page 4


 140 0086 002B     		cmp	r3, #0
 141 0088 28D1     		bne	.L14
 142              	.L7:
  22:main.c        ****         || (!a && !b && c && d && !e);
 143              		.loc 1 22 0 discriminator 7
 144 008a 5246     		mov	r2, r10
 145 008c 002A     		cmp	r2, #0
 146 008e 06D1     		bne	.L8
  22:main.c        ****         || (!a && !b && c && d && !e);
 147              		.loc 1 22 0 discriminator 8
 148 0090 4A46     		mov	r2, r9
 149 0092 002A     		cmp	r2, #0
 150 0094 03D1     		bne	.L8
  22:main.c        ****         || (!a && !b && c && d && !e);
 151              		.loc 1 22 0 discriminator 10
 152 0096 002D     		cmp	r5, #0
 153 0098 01D1     		bne	.L8
 154 009a 0028     		cmp	r0, #0
 155 009c 20D0     		beq	.L15
 156              	.L8:
  22:main.c        ****         || (!a && !b && c && d && !e);
 157              		.loc 1 22 0 discriminator 12
 158 009e 002F     		cmp	r7, #0
 159 00a0 0AD0     		beq	.L10
  22:main.c        ****         || (!a && !b && c && d && !e);
 160              		.loc 1 22 0 discriminator 13
 161 00a2 5246     		mov	r2, r10
 162 00a4 002A     		cmp	r2, #0
 163 00a6 07D1     		bne	.L10
  22:main.c        ****         || (!a && !b && c && d && !e);
 164              		.loc 1 22 0 discriminator 14
 165 00a8 4A46     		mov	r2, r9
 166 00aa 002A     		cmp	r2, #0
 167 00ac 04D0     		beq	.L10
  22:main.c        ****         || (!a && !b && c && d && !e);
 168              		.loc 1 22 0 discriminator 15
 169 00ae 019A     		ldr	r2, [sp, #4]
 170 00b0 002A     		cmp	r2, #0
 171 00b2 01D1     		bne	.L10
  22:main.c        ****         || (!a && !b && c && d && !e);
 172              		.loc 1 22 0 discriminator 16
 173 00b4 002B     		cmp	r3, #0
 174 00b6 15D1     		bne	.L16
 175              	.L10:
 176              		.loc 1 23 0 is_stmt 1
 177 00b8 002E     		cmp	r6, #0
 178 00ba 15D1     		bne	.L17
 179 00bc 002C     		cmp	r4, #0
 180 00be 13D1     		bne	.L17
 181              		.loc 1 23 0 is_stmt 0 discriminator 1
 182 00c0 4A46     		mov	r2, r9
 183 00c2 002A     		cmp	r2, #0
 184 00c4 12D1     		bne	.L18
 185              		.loc 1 23 0 discriminator 3
 186 00c6 019A     		ldr	r2, [sp, #4]
 187 00c8 002A     		cmp	r2, #0
 188 00ca 11D1     		bne	.L19
ARM GAS  C:\Users\ADMIN\AppData\Local\Temp\cc1756Xa.s 			page 5


 189              		.loc 1 23 0 discriminator 5
 190 00cc 002B     		cmp	r3, #0
 191 00ce 11D1     		bne	.L20
 192              		.loc 1 23 0
 193 00d0 0020     		movs	r0, #0
 194              	.LVL10:
 195 00d2 10E0     		b	.L3
 196              	.LVL11:
 197              	.L12:
 198 00d4 0120     		movs	r0, #1
 199              	.LVL12:
 200 00d6 0EE0     		b	.L3
 201              	.LVL13:
 202              	.L13:
 203 00d8 0120     		movs	r0, #1
 204              	.LVL14:
 205 00da 0CE0     		b	.L3
 206              	.LVL15:
 207              	.L14:
 208 00dc 0120     		movs	r0, #1
 209              	.LVL16:
 210 00de 0AE0     		b	.L3
 211              	.LVL17:
 212              	.L15:
 213 00e0 0120     		movs	r0, #1
 214              	.LVL18:
 215 00e2 08E0     		b	.L3
 216              	.LVL19:
 217              	.L16:
 218 00e4 0120     		movs	r0, #1
 219              	.LVL20:
 220 00e6 06E0     		b	.L3
 221              	.LVL21:
 222              	.L17:
 223 00e8 0020     		movs	r0, #0
 224              	.LVL22:
 225 00ea 04E0     		b	.L3
 226              	.LVL23:
 227              	.L18:
 228 00ec 0020     		movs	r0, #0
 229              	.LVL24:
 230 00ee 02E0     		b	.L3
 231              	.LVL25:
 232              	.L19:
 233 00f0 0020     		movs	r0, #0
 234              	.LVL26:
 235 00f2 00E0     		b	.L3
 236              	.LVL27:
 237              	.L20:
 238 00f4 0120     		movs	r0, #1
 239              	.LVL28:
 240              	.L3:
  21:main.c        ****         || (a && !b && !c && d && !e) || (b && c && !d && !e) || (!a && b && !c && d && !e) 
 241              		.loc 1 21 0 is_stmt 1
 242 00f6 C0B2     		uxtb	r0, r0
 243              	.LVL29:
  24:main.c        ****         Pin_Blue_Write(combination);  
ARM GAS  C:\Users\ADMIN\AppData\Local\Temp\cc1756Xa.s 			page 6


 244              		.loc 1 24 0
 245 00f8 FFF7FEFF 		bl	Pin_Blue_Write
 246              	.LVL30:
 247              	.LBE2:
  25:main.c        ****     }
 248              		.loc 1 25 0
 249 00fc 87E7     		b	.L11
 250              		.cfi_endproc
 251              	.LFE34:
 252              		.size	main, .-main
 253 00fe C046     		.text
 254              	.Letext0:
 255              		.file 2 "Generated_Source\\PSoC4/SW_1.h"
 256              		.file 3 "Generated_Source\\PSoC4/SW_2.h"
 257              		.file 4 "Generated_Source\\PSoC4/SW_3.h"
 258              		.file 5 "Generated_Source\\PSoC4/SW_4.h"
 259              		.file 6 "Generated_Source\\PSoC4/SW_5.h"
 260              		.file 7 "Generated_Source\\PSoC4/Pin_Blue.h"
 261              		.file 8 "Generated_Source\\PSoC4/cytypes.h"
 262              		.section	.debug_info,"",%progbits
 263              	.Ldebug_info0:
 264 0000 7B010000 		.4byte	0x17b
 265 0004 0400     		.2byte	0x4
 266 0006 00000000 		.4byte	.Ldebug_abbrev0
 267 000a 04       		.byte	0x4
 268 000b 01       		.uleb128 0x1
 269 000c C0000000 		.4byte	.LASF21
 270 0010 0C       		.byte	0xc
 271 0011 65010000 		.4byte	.LASF22
 272 0015 63000000 		.4byte	.LASF23
 273 0019 00000000 		.4byte	.Ldebug_ranges0+0
 274 001d 00000000 		.4byte	0
 275 0021 00000000 		.4byte	.Ldebug_line0
 276 0025 02       		.uleb128 0x2
 277 0026 01       		.byte	0x1
 278 0027 06       		.byte	0x6
 279 0028 A5010000 		.4byte	.LASF0
 280 002c 02       		.uleb128 0x2
 281 002d 01       		.byte	0x1
 282 002e 08       		.byte	0x8
 283 002f 39000000 		.4byte	.LASF1
 284 0033 02       		.uleb128 0x2
 285 0034 02       		.byte	0x2
 286 0035 05       		.byte	0x5
 287 0036 71010000 		.4byte	.LASF2
 288 003a 02       		.uleb128 0x2
 289 003b 02       		.byte	0x2
 290 003c 07       		.byte	0x7
 291 003d 0A000000 		.4byte	.LASF3
 292 0041 02       		.uleb128 0x2
 293 0042 04       		.byte	0x4
 294 0043 05       		.byte	0x5
 295 0044 90010000 		.4byte	.LASF4
 296 0048 02       		.uleb128 0x2
 297 0049 04       		.byte	0x4
 298 004a 07       		.byte	0x7
 299 004b 47000000 		.4byte	.LASF5
ARM GAS  C:\Users\ADMIN\AppData\Local\Temp\cc1756Xa.s 			page 7


 300 004f 02       		.uleb128 0x2
 301 0050 08       		.byte	0x8
 302 0051 05       		.byte	0x5
 303 0052 57010000 		.4byte	.LASF6
 304 0056 02       		.uleb128 0x2
 305 0057 08       		.byte	0x8
 306 0058 07       		.byte	0x7
 307 0059 A9000000 		.4byte	.LASF7
 308 005d 03       		.uleb128 0x3
 309 005e 04       		.byte	0x4
 310 005f 05       		.byte	0x5
 311 0060 696E7400 		.ascii	"int\000"
 312 0064 02       		.uleb128 0x2
 313 0065 04       		.byte	0x4
 314 0066 07       		.byte	0x7
 315 0067 9C000000 		.4byte	.LASF8
 316 006b 04       		.uleb128 0x4
 317 006c 7B010000 		.4byte	.LASF24
 318 0070 08       		.byte	0x8
 319 0071 E401     		.2byte	0x1e4
 320 0073 2C000000 		.4byte	0x2c
 321 0077 02       		.uleb128 0x2
 322 0078 04       		.byte	0x4
 323 0079 04       		.byte	0x4
 324 007a 33000000 		.4byte	.LASF9
 325 007e 02       		.uleb128 0x2
 326 007f 08       		.byte	0x8
 327 0080 04       		.byte	0x4
 328 0081 86000000 		.4byte	.LASF10
 329 0085 02       		.uleb128 0x2
 330 0086 01       		.byte	0x1
 331 0087 08       		.byte	0x8
 332 0088 6C010000 		.4byte	.LASF11
 333 008c 02       		.uleb128 0x2
 334 008d 08       		.byte	0x8
 335 008e 04       		.byte	0x4
 336 008f 99010000 		.4byte	.LASF12
 337 0093 02       		.uleb128 0x2
 338 0094 04       		.byte	0x4
 339 0095 07       		.byte	0x7
 340 0096 4E010000 		.4byte	.LASF13
 341 009a 05       		.uleb128 0x5
 342 009b 8D000000 		.4byte	.LASF25
 343 009f 01       		.byte	0x1
 344 00a0 03       		.byte	0x3
 345 00a1 5D000000 		.4byte	0x5d
 346 00a5 00000000 		.4byte	.LFB34
 347 00a9 FE000000 		.4byte	.LFE34-.LFB34
 348 00ad 01       		.uleb128 0x1
 349 00ae 9C       		.byte	0x9c
 350 00af 3C010000 		.4byte	0x13c
 351 00b3 06       		.uleb128 0x6
 352 00b4 0E000000 		.4byte	.LBB2
 353 00b8 EE000000 		.4byte	.LBE2-.LBB2
 354 00bc 07       		.uleb128 0x7
 355 00bd 6100     		.ascii	"a\000"
 356 00bf 01       		.byte	0x1
ARM GAS  C:\Users\ADMIN\AppData\Local\Temp\cc1756Xa.s 			page 8


 357 00c0 0A       		.byte	0xa
 358 00c1 6B000000 		.4byte	0x6b
 359 00c5 01       		.uleb128 0x1
 360 00c6 56       		.byte	0x56
 361 00c7 07       		.uleb128 0x7
 362 00c8 6200     		.ascii	"b\000"
 363 00ca 01       		.byte	0x1
 364 00cb 0A       		.byte	0xa
 365 00cc 6B000000 		.4byte	0x6b
 366 00d0 01       		.uleb128 0x1
 367 00d1 54       		.byte	0x54
 368 00d2 07       		.uleb128 0x7
 369 00d3 6300     		.ascii	"c\000"
 370 00d5 01       		.byte	0x1
 371 00d6 0A       		.byte	0xa
 372 00d7 6B000000 		.4byte	0x6b
 373 00db 01       		.uleb128 0x1
 374 00dc 58       		.byte	0x58
 375 00dd 07       		.uleb128 0x7
 376 00de 6400     		.ascii	"d\000"
 377 00e0 01       		.byte	0x1
 378 00e1 0A       		.byte	0xa
 379 00e2 6B000000 		.4byte	0x6b
 380 00e6 01       		.uleb128 0x1
 381 00e7 55       		.byte	0x55
 382 00e8 08       		.uleb128 0x8
 383 00e9 6500     		.ascii	"e\000"
 384 00eb 01       		.byte	0x1
 385 00ec 0A       		.byte	0xa
 386 00ed 6B000000 		.4byte	0x6b
 387 00f1 00000000 		.4byte	.LLST0
 388 00f5 09       		.uleb128 0x9
 389 00f6 27000000 		.4byte	.LASF14
 390 00fa 01       		.byte	0x1
 391 00fb 0A       		.byte	0xa
 392 00fc 6B000000 		.4byte	0x6b
 393 0100 0C010000 		.4byte	.LLST1
 394 0104 0A       		.uleb128 0xa
 395 0105 12000000 		.4byte	.LVL0
 396 0109 3C010000 		.4byte	0x13c
 397 010d 0A       		.uleb128 0xa
 398 010e 1E000000 		.4byte	.LVL2
 399 0112 47010000 		.4byte	0x147
 400 0116 0A       		.uleb128 0xa
 401 0117 2A000000 		.4byte	.LVL4
 402 011b 52010000 		.4byte	0x152
 403 011f 0A       		.uleb128 0xa
 404 0120 38000000 		.4byte	.LVL6
 405 0124 5D010000 		.4byte	0x15d
 406 0128 0A       		.uleb128 0xa
 407 0129 44000000 		.4byte	.LVL8
 408 012d 68010000 		.4byte	0x168
 409 0131 0A       		.uleb128 0xa
 410 0132 FC000000 		.4byte	.LVL30
 411 0136 73010000 		.4byte	0x173
 412 013a 00       		.byte	0
 413 013b 00       		.byte	0
ARM GAS  C:\Users\ADMIN\AppData\Local\Temp\cc1756Xa.s 			page 9


 414 013c 0B       		.uleb128 0xb
 415 013d 1D000000 		.4byte	.LASF15
 416 0141 1D000000 		.4byte	.LASF15
 417 0145 02       		.byte	0x2
 418 0146 32       		.byte	0x32
 419 0147 0B       		.uleb128 0xb
 420 0148 59000000 		.4byte	.LASF16
 421 014c 59000000 		.4byte	.LASF16
 422 0150 03       		.byte	0x3
 423 0151 32       		.byte	0x32
 424 0152 0B       		.uleb128 0xb
 425 0153 00000000 		.4byte	.LASF17
 426 0157 00000000 		.4byte	.LASF17
 427 015b 04       		.byte	0x4
 428 015c 32       		.byte	0x32
 429 015d 0B       		.uleb128 0xb
 430 015e B1010000 		.4byte	.LASF18
 431 0162 B1010000 		.4byte	.LASF18
 432 0166 05       		.byte	0x5
 433 0167 32       		.byte	0x32
 434 0168 0B       		.uleb128 0xb
 435 0169 92000000 		.4byte	.LASF19
 436 016d 92000000 		.4byte	.LASF19
 437 0171 06       		.byte	0x6
 438 0172 32       		.byte	0x32
 439 0173 0B       		.uleb128 0xb
 440 0174 81010000 		.4byte	.LASF20
 441 0178 81010000 		.4byte	.LASF20
 442 017c 07       		.byte	0x7
 443 017d 33       		.byte	0x33
 444 017e 00       		.byte	0
 445              		.section	.debug_abbrev,"",%progbits
 446              	.Ldebug_abbrev0:
 447 0000 01       		.uleb128 0x1
 448 0001 11       		.uleb128 0x11
 449 0002 01       		.byte	0x1
 450 0003 25       		.uleb128 0x25
 451 0004 0E       		.uleb128 0xe
 452 0005 13       		.uleb128 0x13
 453 0006 0B       		.uleb128 0xb
 454 0007 03       		.uleb128 0x3
 455 0008 0E       		.uleb128 0xe
 456 0009 1B       		.uleb128 0x1b
 457 000a 0E       		.uleb128 0xe
 458 000b 55       		.uleb128 0x55
 459 000c 17       		.uleb128 0x17
 460 000d 11       		.uleb128 0x11
 461 000e 01       		.uleb128 0x1
 462 000f 10       		.uleb128 0x10
 463 0010 17       		.uleb128 0x17
 464 0011 00       		.byte	0
 465 0012 00       		.byte	0
 466 0013 02       		.uleb128 0x2
 467 0014 24       		.uleb128 0x24
 468 0015 00       		.byte	0
 469 0016 0B       		.uleb128 0xb
 470 0017 0B       		.uleb128 0xb
ARM GAS  C:\Users\ADMIN\AppData\Local\Temp\cc1756Xa.s 			page 10


 471 0018 3E       		.uleb128 0x3e
 472 0019 0B       		.uleb128 0xb
 473 001a 03       		.uleb128 0x3
 474 001b 0E       		.uleb128 0xe
 475 001c 00       		.byte	0
 476 001d 00       		.byte	0
 477 001e 03       		.uleb128 0x3
 478 001f 24       		.uleb128 0x24
 479 0020 00       		.byte	0
 480 0021 0B       		.uleb128 0xb
 481 0022 0B       		.uleb128 0xb
 482 0023 3E       		.uleb128 0x3e
 483 0024 0B       		.uleb128 0xb
 484 0025 03       		.uleb128 0x3
 485 0026 08       		.uleb128 0x8
 486 0027 00       		.byte	0
 487 0028 00       		.byte	0
 488 0029 04       		.uleb128 0x4
 489 002a 16       		.uleb128 0x16
 490 002b 00       		.byte	0
 491 002c 03       		.uleb128 0x3
 492 002d 0E       		.uleb128 0xe
 493 002e 3A       		.uleb128 0x3a
 494 002f 0B       		.uleb128 0xb
 495 0030 3B       		.uleb128 0x3b
 496 0031 05       		.uleb128 0x5
 497 0032 49       		.uleb128 0x49
 498 0033 13       		.uleb128 0x13
 499 0034 00       		.byte	0
 500 0035 00       		.byte	0
 501 0036 05       		.uleb128 0x5
 502 0037 2E       		.uleb128 0x2e
 503 0038 01       		.byte	0x1
 504 0039 3F       		.uleb128 0x3f
 505 003a 19       		.uleb128 0x19
 506 003b 03       		.uleb128 0x3
 507 003c 0E       		.uleb128 0xe
 508 003d 3A       		.uleb128 0x3a
 509 003e 0B       		.uleb128 0xb
 510 003f 3B       		.uleb128 0x3b
 511 0040 0B       		.uleb128 0xb
 512 0041 27       		.uleb128 0x27
 513 0042 19       		.uleb128 0x19
 514 0043 49       		.uleb128 0x49
 515 0044 13       		.uleb128 0x13
 516 0045 8701     		.uleb128 0x87
 517 0047 19       		.uleb128 0x19
 518 0048 11       		.uleb128 0x11
 519 0049 01       		.uleb128 0x1
 520 004a 12       		.uleb128 0x12
 521 004b 06       		.uleb128 0x6
 522 004c 40       		.uleb128 0x40
 523 004d 18       		.uleb128 0x18
 524 004e 9742     		.uleb128 0x2117
 525 0050 19       		.uleb128 0x19
 526 0051 01       		.uleb128 0x1
 527 0052 13       		.uleb128 0x13
ARM GAS  C:\Users\ADMIN\AppData\Local\Temp\cc1756Xa.s 			page 11


 528 0053 00       		.byte	0
 529 0054 00       		.byte	0
 530 0055 06       		.uleb128 0x6
 531 0056 0B       		.uleb128 0xb
 532 0057 01       		.byte	0x1
 533 0058 11       		.uleb128 0x11
 534 0059 01       		.uleb128 0x1
 535 005a 12       		.uleb128 0x12
 536 005b 06       		.uleb128 0x6
 537 005c 00       		.byte	0
 538 005d 00       		.byte	0
 539 005e 07       		.uleb128 0x7
 540 005f 34       		.uleb128 0x34
 541 0060 00       		.byte	0
 542 0061 03       		.uleb128 0x3
 543 0062 08       		.uleb128 0x8
 544 0063 3A       		.uleb128 0x3a
 545 0064 0B       		.uleb128 0xb
 546 0065 3B       		.uleb128 0x3b
 547 0066 0B       		.uleb128 0xb
 548 0067 49       		.uleb128 0x49
 549 0068 13       		.uleb128 0x13
 550 0069 02       		.uleb128 0x2
 551 006a 18       		.uleb128 0x18
 552 006b 00       		.byte	0
 553 006c 00       		.byte	0
 554 006d 08       		.uleb128 0x8
 555 006e 34       		.uleb128 0x34
 556 006f 00       		.byte	0
 557 0070 03       		.uleb128 0x3
 558 0071 08       		.uleb128 0x8
 559 0072 3A       		.uleb128 0x3a
 560 0073 0B       		.uleb128 0xb
 561 0074 3B       		.uleb128 0x3b
 562 0075 0B       		.uleb128 0xb
 563 0076 49       		.uleb128 0x49
 564 0077 13       		.uleb128 0x13
 565 0078 02       		.uleb128 0x2
 566 0079 17       		.uleb128 0x17
 567 007a 00       		.byte	0
 568 007b 00       		.byte	0
 569 007c 09       		.uleb128 0x9
 570 007d 34       		.uleb128 0x34
 571 007e 00       		.byte	0
 572 007f 03       		.uleb128 0x3
 573 0080 0E       		.uleb128 0xe
 574 0081 3A       		.uleb128 0x3a
 575 0082 0B       		.uleb128 0xb
 576 0083 3B       		.uleb128 0x3b
 577 0084 0B       		.uleb128 0xb
 578 0085 49       		.uleb128 0x49
 579 0086 13       		.uleb128 0x13
 580 0087 02       		.uleb128 0x2
 581 0088 17       		.uleb128 0x17
 582 0089 00       		.byte	0
 583 008a 00       		.byte	0
 584 008b 0A       		.uleb128 0xa
ARM GAS  C:\Users\ADMIN\AppData\Local\Temp\cc1756Xa.s 			page 12


 585 008c 898201   		.uleb128 0x4109
 586 008f 00       		.byte	0
 587 0090 11       		.uleb128 0x11
 588 0091 01       		.uleb128 0x1
 589 0092 31       		.uleb128 0x31
 590 0093 13       		.uleb128 0x13
 591 0094 00       		.byte	0
 592 0095 00       		.byte	0
 593 0096 0B       		.uleb128 0xb
 594 0097 2E       		.uleb128 0x2e
 595 0098 00       		.byte	0
 596 0099 3F       		.uleb128 0x3f
 597 009a 19       		.uleb128 0x19
 598 009b 3C       		.uleb128 0x3c
 599 009c 19       		.uleb128 0x19
 600 009d 6E       		.uleb128 0x6e
 601 009e 0E       		.uleb128 0xe
 602 009f 03       		.uleb128 0x3
 603 00a0 0E       		.uleb128 0xe
 604 00a1 3A       		.uleb128 0x3a
 605 00a2 0B       		.uleb128 0xb
 606 00a3 3B       		.uleb128 0x3b
 607 00a4 0B       		.uleb128 0xb
 608 00a5 00       		.byte	0
 609 00a6 00       		.byte	0
 610 00a7 00       		.byte	0
 611              		.section	.debug_loc,"",%progbits
 612              	.Ldebug_loc0:
 613              	.LLST0:
 614 0000 4C000000 		.4byte	.LVL9
 615 0004 D2000000 		.4byte	.LVL10
 616 0008 0100     		.2byte	0x1
 617 000a 50       		.byte	0x50
 618 000b D2000000 		.4byte	.LVL10
 619 000f D4000000 		.4byte	.LVL11
 620 0013 0500     		.2byte	0x5
 621 0015 73       		.byte	0x73
 622 0016 00       		.sleb128 0
 623 0017 30       		.byte	0x30
 624 0018 29       		.byte	0x29
 625 0019 9F       		.byte	0x9f
 626 001a D4000000 		.4byte	.LVL11
 627 001e D6000000 		.4byte	.LVL12
 628 0022 0100     		.2byte	0x1
 629 0024 50       		.byte	0x50
 630 0025 D6000000 		.4byte	.LVL12
 631 0029 D8000000 		.4byte	.LVL13
 632 002d 0500     		.2byte	0x5
 633 002f 73       		.byte	0x73
 634 0030 00       		.sleb128 0
 635 0031 30       		.byte	0x30
 636 0032 29       		.byte	0x29
 637 0033 9F       		.byte	0x9f
 638 0034 D8000000 		.4byte	.LVL13
 639 0038 DA000000 		.4byte	.LVL14
 640 003c 0100     		.2byte	0x1
 641 003e 50       		.byte	0x50
ARM GAS  C:\Users\ADMIN\AppData\Local\Temp\cc1756Xa.s 			page 13


 642 003f DA000000 		.4byte	.LVL14
 643 0043 DC000000 		.4byte	.LVL15
 644 0047 0500     		.2byte	0x5
 645 0049 73       		.byte	0x73
 646 004a 00       		.sleb128 0
 647 004b 30       		.byte	0x30
 648 004c 29       		.byte	0x29
 649 004d 9F       		.byte	0x9f
 650 004e DC000000 		.4byte	.LVL15
 651 0052 DE000000 		.4byte	.LVL16
 652 0056 0100     		.2byte	0x1
 653 0058 50       		.byte	0x50
 654 0059 DE000000 		.4byte	.LVL16
 655 005d E0000000 		.4byte	.LVL17
 656 0061 0500     		.2byte	0x5
 657 0063 73       		.byte	0x73
 658 0064 00       		.sleb128 0
 659 0065 30       		.byte	0x30
 660 0066 29       		.byte	0x29
 661 0067 9F       		.byte	0x9f
 662 0068 E0000000 		.4byte	.LVL17
 663 006c E2000000 		.4byte	.LVL18
 664 0070 0100     		.2byte	0x1
 665 0072 50       		.byte	0x50
 666 0073 E2000000 		.4byte	.LVL18
 667 0077 E4000000 		.4byte	.LVL19
 668 007b 0500     		.2byte	0x5
 669 007d 73       		.byte	0x73
 670 007e 00       		.sleb128 0
 671 007f 30       		.byte	0x30
 672 0080 29       		.byte	0x29
 673 0081 9F       		.byte	0x9f
 674 0082 E4000000 		.4byte	.LVL19
 675 0086 E6000000 		.4byte	.LVL20
 676 008a 0100     		.2byte	0x1
 677 008c 50       		.byte	0x50
 678 008d E6000000 		.4byte	.LVL20
 679 0091 E8000000 		.4byte	.LVL21
 680 0095 0500     		.2byte	0x5
 681 0097 73       		.byte	0x73
 682 0098 00       		.sleb128 0
 683 0099 30       		.byte	0x30
 684 009a 29       		.byte	0x29
 685 009b 9F       		.byte	0x9f
 686 009c E8000000 		.4byte	.LVL21
 687 00a0 EA000000 		.4byte	.LVL22
 688 00a4 0100     		.2byte	0x1
 689 00a6 50       		.byte	0x50
 690 00a7 EA000000 		.4byte	.LVL22
 691 00ab EC000000 		.4byte	.LVL23
 692 00af 0500     		.2byte	0x5
 693 00b1 73       		.byte	0x73
 694 00b2 00       		.sleb128 0
 695 00b3 30       		.byte	0x30
 696 00b4 29       		.byte	0x29
 697 00b5 9F       		.byte	0x9f
 698 00b6 EC000000 		.4byte	.LVL23
ARM GAS  C:\Users\ADMIN\AppData\Local\Temp\cc1756Xa.s 			page 14


 699 00ba EE000000 		.4byte	.LVL24
 700 00be 0100     		.2byte	0x1
 701 00c0 50       		.byte	0x50
 702 00c1 EE000000 		.4byte	.LVL24
 703 00c5 F0000000 		.4byte	.LVL25
 704 00c9 0500     		.2byte	0x5
 705 00cb 73       		.byte	0x73
 706 00cc 00       		.sleb128 0
 707 00cd 30       		.byte	0x30
 708 00ce 29       		.byte	0x29
 709 00cf 9F       		.byte	0x9f
 710 00d0 F0000000 		.4byte	.LVL25
 711 00d4 F2000000 		.4byte	.LVL26
 712 00d8 0100     		.2byte	0x1
 713 00da 50       		.byte	0x50
 714 00db F2000000 		.4byte	.LVL26
 715 00df F4000000 		.4byte	.LVL27
 716 00e3 0500     		.2byte	0x5
 717 00e5 73       		.byte	0x73
 718 00e6 00       		.sleb128 0
 719 00e7 30       		.byte	0x30
 720 00e8 29       		.byte	0x29
 721 00e9 9F       		.byte	0x9f
 722 00ea F4000000 		.4byte	.LVL27
 723 00ee F6000000 		.4byte	.LVL28
 724 00f2 0100     		.2byte	0x1
 725 00f4 50       		.byte	0x50
 726 00f5 F6000000 		.4byte	.LVL28
 727 00f9 FB000000 		.4byte	.LVL30-1
 728 00fd 0500     		.2byte	0x5
 729 00ff 73       		.byte	0x73
 730 0100 00       		.sleb128 0
 731 0101 30       		.byte	0x30
 732 0102 29       		.byte	0x29
 733 0103 9F       		.byte	0x9f
 734 0104 00000000 		.4byte	0
 735 0108 00000000 		.4byte	0
 736              	.LLST1:
 737 010c F8000000 		.4byte	.LVL29
 738 0110 FB000000 		.4byte	.LVL30-1
 739 0114 0100     		.2byte	0x1
 740 0116 50       		.byte	0x50
 741 0117 00000000 		.4byte	0
 742 011b 00000000 		.4byte	0
 743              		.section	.debug_aranges,"",%progbits
 744 0000 1C000000 		.4byte	0x1c
 745 0004 0200     		.2byte	0x2
 746 0006 00000000 		.4byte	.Ldebug_info0
 747 000a 04       		.byte	0x4
 748 000b 00       		.byte	0
 749 000c 0000     		.2byte	0
 750 000e 0000     		.2byte	0
 751 0010 00000000 		.4byte	.LFB34
 752 0014 FE000000 		.4byte	.LFE34-.LFB34
 753 0018 00000000 		.4byte	0
 754 001c 00000000 		.4byte	0
 755              		.section	.debug_ranges,"",%progbits
ARM GAS  C:\Users\ADMIN\AppData\Local\Temp\cc1756Xa.s 			page 15


 756              	.Ldebug_ranges0:
 757 0000 00000000 		.4byte	.LFB34
 758 0004 FE000000 		.4byte	.LFE34
 759 0008 00000000 		.4byte	0
 760 000c 00000000 		.4byte	0
 761              		.section	.debug_line,"",%progbits
 762              	.Ldebug_line0:
 763 0000 03010000 		.section	.debug_str,"MS",%progbits,1
 763      02008100 
 763      00000201 
 763      FB0E0D00 
 763      01010101 
 764              	.LASF17:
 765 0000 53575F33 		.ascii	"SW_3_Read\000"
 765      5F526561 
 765      6400
 766              	.LASF3:
 767 000a 73686F72 		.ascii	"short unsigned int\000"
 767      7420756E 
 767      7369676E 
 767      65642069 
 767      6E7400
 768              	.LASF15:
 769 001d 53575F31 		.ascii	"SW_1_Read\000"
 769      5F526561 
 769      6400
 770              	.LASF14:
 771 0027 636F6D62 		.ascii	"combination\000"
 771      696E6174 
 771      696F6E00 
 772              	.LASF9:
 773 0033 666C6F61 		.ascii	"float\000"
 773      7400
 774              	.LASF1:
 775 0039 756E7369 		.ascii	"unsigned char\000"
 775      676E6564 
 775      20636861 
 775      7200
 776              	.LASF5:
 777 0047 6C6F6E67 		.ascii	"long unsigned int\000"
 777      20756E73 
 777      69676E65 
 777      6420696E 
 777      7400
 778              	.LASF16:
 779 0059 53575F32 		.ascii	"SW_2_Read\000"
 779      5F526561 
 779      6400
 780              	.LASF23:
 781 0063 443A5C50 		.ascii	"D:\\Programming\\PSoC\\Lab\\Lab1.cydsn\000"
 781      726F6772 
 781      616D6D69 
 781      6E675C50 
 781      536F435C 
 782              	.LASF10:
 783 0086 646F7562 		.ascii	"double\000"
 783      6C6500
ARM GAS  C:\Users\ADMIN\AppData\Local\Temp\cc1756Xa.s 			page 16


 784              	.LASF25:
 785 008d 6D61696E 		.ascii	"main\000"
 785      00
 786              	.LASF19:
 787 0092 53575F35 		.ascii	"SW_5_Read\000"
 787      5F526561 
 787      6400
 788              	.LASF8:
 789 009c 756E7369 		.ascii	"unsigned int\000"
 789      676E6564 
 789      20696E74 
 789      00
 790              	.LASF7:
 791 00a9 6C6F6E67 		.ascii	"long long unsigned int\000"
 791      206C6F6E 
 791      6720756E 
 791      7369676E 
 791      65642069 
 792              	.LASF21:
 793 00c0 474E5520 		.ascii	"GNU C11 5.4.1 20160609 (release) [ARM/embedded-5-br"
 793      43313120 
 793      352E342E 
 793      31203230 
 793      31363036 
 794 00f3 616E6368 		.ascii	"anch revision 237715] -mcpu=cortex-m0 -mthumb -g -O"
 794      20726576 
 794      6973696F 
 794      6E203233 
 794      37373135 
 795 0126 67202D66 		.ascii	"g -ffunction-sections -ffat-lto-objects\000"
 795      66756E63 
 795      74696F6E 
 795      2D736563 
 795      74696F6E 
 796              	.LASF13:
 797 014e 73697A65 		.ascii	"sizetype\000"
 797      74797065 
 797      00
 798              	.LASF6:
 799 0157 6C6F6E67 		.ascii	"long long int\000"
 799      206C6F6E 
 799      6720696E 
 799      7400
 800              	.LASF22:
 801 0165 6D61696E 		.ascii	"main.c\000"
 801      2E6300
 802              	.LASF11:
 803 016c 63686172 		.ascii	"char\000"
 803      00
 804              	.LASF2:
 805 0171 73686F72 		.ascii	"short int\000"
 805      7420696E 
 805      7400
 806              	.LASF24:
 807 017b 75696E74 		.ascii	"uint8\000"
 807      3800
 808              	.LASF20:
ARM GAS  C:\Users\ADMIN\AppData\Local\Temp\cc1756Xa.s 			page 17


 809 0181 50696E5F 		.ascii	"Pin_Blue_Write\000"
 809      426C7565 
 809      5F577269 
 809      746500
 810              	.LASF4:
 811 0190 6C6F6E67 		.ascii	"long int\000"
 811      20696E74 
 811      00
 812              	.LASF12:
 813 0199 6C6F6E67 		.ascii	"long double\000"
 813      20646F75 
 813      626C6500 
 814              	.LASF0:
 815 01a5 7369676E 		.ascii	"signed char\000"
 815      65642063 
 815      68617200 
 816              	.LASF18:
 817 01b1 53575F34 		.ascii	"SW_4_Read\000"
 817      5F526561 
 817      6400
 818              		.ident	"GCC: (GNU Tools for ARM Embedded Processors) 5.4.1 20160609 (release) [ARM/embedded-5-bran
