#***************************************************************************

#sjplacer

#Version:            1.1

#Build Date:         Dec  5 2017 15:35:27

#File Generated:     Oct 23 2019 10:13:11

#Purpose:            

#Copyright (C) 2010-2011 by Softjin Technologies Pvt Ltd. All rights reserved.

#***************************************************************************

Executing : C:\Program Files (x86)\Cypress\PSoC Creator\4.2\PSoC Creator\bin/sjplacer.exe --proj-name Lab5 --netlist-vh2 Lab5_p.vh2 --arch p4_udb2x2 --arch-file C:\Program Files (x86)\Cypress\PSoC Creator\4.2\PSoC Creator\dev\arch/udbdsi_2x2_04.cydata --ip-file C:\Program Files (x86)\Cypress\PSoC Creator\4.2\PSoC Creator\dev\psoc4/4/ip_blocks.cydata --rrg-file C:\Program Files (x86)\Cypress\PSoC Creator\4.2\PSoC Creator\dev\psoc4/4/route_arch-rrg.cydata --irq-file C:\Program Files (x86)\Cypress\PSoC Creator\4.2\PSoC Creator\dev\psoc4/4/irqconn.cydata --drq-file C:\Program Files (x86)\Cypress\PSoC Creator\4.2\PSoC Creator\dev\psoc4/4/triggerconn.cydata --dsi-conn-file C:\Program Files (x86)\Cypress\PSoC Creator\4.2\PSoC Creator\dev\psoc4/4/dsiconn.cydata --pins-file pins_64-TQFP.xml --lib-file Lab5_p.lib --sdc-file Lab5.sdc --io-pcf Lab5.pci --outdir .

		Softjin Techologies Placer, Version 1.1

Build Date : Dec  5 2017	15:33:41

D2004: Option and Settings Summary
=============================================================
Netlist vh2 file          - Lab5_p.vh2
Architecture file         - C:\Program Files (x86)\Cypress\PSoC Creator\4.2\PSoC Creator\dev\arch/udbdsi_2x2_04.cydata
Package                   - 
Defparam file             - 
SDC file                  - Lab5.sdc
Output directory          - .
Timing library            - Lab5_p.lib
IO Placement file         - Lab5.pci

D2050: Starting reading inputs for placer
=============================================================
D2065: Reading netlist file : "Lab5_p.vh2"
D2065: Reading arch file : "C:\Program Files (x86)\Cypress\PSoC Creator\4.2\PSoC Creator\dev\arch/udbdsi_2x2_04.cydata"
D2051: Reading of inputs for placer completed successfully

D2053: Starting placement of the design
=============================================================

Phase 2
Phase 3

Design Statistics after Packing
    Number of Combinational MCs 	:	4
    Number of Sequential MCs    	:	12
    Number of DPs               	:	0
    Number of Controls          	:	1
    Number of Status            	:	0
    Number of SyncCells         	:	0
    Number of count7cells       	:	0

Device Utilization Summary after Packing
    Macrocells                  :	16/32
    UDBS                        :	3/4
    IOs                         :	17/51


D2088: Phase 3, elapsed time : 0.0 (sec)

Phase 4
D2088: Phase 4, elapsed time : 0.0 (sec)

Phase 6

######################################################################
Placement Timing Summary

The timing summary is based on estimated routing delays after
placement. For final timing report, please carry out the timing
analysis after routing.
======================================================================

######################################################################
                     Clock Summary 
======================================================================
Number of clocks: 16
Clock: Clock_1              | Frequency: N/A       | Target:   1.0 MHz
Clock: Clock_1(FFB)         | Frequency: N/A       | Target:   1.0 MHz
Clock: Clock_2              | Frequency: N/A       | Target:  12.0 MHz
Clock: Clock_2(FFB)         | Frequency: N/A       | Target:  12.0 MHz
Clock: Clock_3              | Frequency: 142.8 MHz | Target:   0.0 MHz
Clock: Clock_4              | Frequency: 142.8 MHz | Target:   0.0 MHz
Clock: Clock_5              | Frequency: 142.8 MHz | Target:   0.0 MHz
Clock: Clock_6              | Frequency: 142.8 MHz | Target:   0.0 MHz
Clock: Clock_7              | Frequency: N/A       | Target:  12.0 MHz
Clock: Clock_7(FFB)         | Frequency: N/A       | Target:  12.0 MHz
Clock: CyHFClk              | Frequency: N/A       | Target:  48.0 MHz
Clock: CyILO                | Frequency: N/A       | Target:   0.0 MHz
Clock: CyIMO                | Frequency: N/A       | Target:  48.0 MHz
Clock: CyLFClk              | Frequency: N/A       | Target:   0.0 MHz
Clock: CyRouted1            | Frequency: N/A       | Target:  48.0 MHz
Clock: CySysClk             | Frequency: N/A       | Target:  48.0 MHz

======================================================================
                     End of Clock Summary
######################################################################

D2088: Phase 6, elapsed time : 0.0 (sec)

Phase 7
######################################################################
                     Clock Summary 
======================================================================
Number of clocks: 16
Clock: Clock_1              | Frequency: N/A       | Target:   1.0 MHz
Clock: Clock_1(FFB)         | Frequency: N/A       | Target:   1.0 MHz
Clock: Clock_2              | Frequency: N/A       | Target:  12.0 MHz
Clock: Clock_2(FFB)         | Frequency: N/A       | Target:  12.0 MHz
Clock: Clock_3              | Frequency: 142.8 MHz | Target:   0.0 MHz
Clock: Clock_4              | Frequency: 142.8 MHz | Target:   0.0 MHz
Clock: Clock_5              | Frequency: 142.8 MHz | Target:   0.0 MHz
Clock: Clock_6              | Frequency: 142.8 MHz | Target:   0.0 MHz
Clock: Clock_7              | Frequency: N/A       | Target:  12.0 MHz
Clock: Clock_7(FFB)         | Frequency: N/A       | Target:  12.0 MHz
Clock: CyHFClk              | Frequency: N/A       | Target:  48.0 MHz
Clock: CyILO                | Frequency: N/A       | Target:   0.0 MHz
Clock: CyIMO                | Frequency: N/A       | Target:  48.0 MHz
Clock: CyLFClk              | Frequency: N/A       | Target:   0.0 MHz
Clock: CyRouted1            | Frequency: N/A       | Target:  48.0 MHz
Clock: CySysClk             | Frequency: N/A       | Target:  48.0 MHz

======================================================================
                     End of Clock Summary
######################################################################
D2088: Phase 7, elapsed time : 0.0 (sec)

Final Design Statistics
    Number of Combinational MCs 	:	4
    Number of Sequential MCs    	:	12
    Number of DPs               	:	0
    Number of Controls          	:	1
    Number of Status            	:	0
    Number of SyncCells         	:	0
    Number of count7cells       	:	0
    Number of IOs       	:	17

Device Utilization Summary
    Macrocells                  :	16/32
    IOs                         :	17/51



######################################################################
Placement Timing Summary

The timing summary is based on estimated routing delays after
placement. For final timing report, please carry out the timing
analysis after routing.
======================================================================


######################################################################
                     Clock Summary 
======================================================================
Number of clocks: 16
Clock: Clock_1              | Frequency: N/A       | Target:   1.0 MHz
Clock: Clock_1(FFB)         | Frequency: N/A       | Target:   1.0 MHz
Clock: Clock_2              | Frequency: N/A       | Target:  12.0 MHz
Clock: Clock_2(FFB)         | Frequency: N/A       | Target:  12.0 MHz
Clock: Clock_3              | Frequency: 142.8 MHz | Target:   0.0 MHz
Clock: Clock_4              | Frequency: 142.8 MHz | Target:   0.0 MHz
Clock: Clock_5              | Frequency: 142.8 MHz | Target:   0.0 MHz
Clock: Clock_6              | Frequency: 142.8 MHz | Target:   0.0 MHz
Clock: Clock_7              | Frequency: N/A       | Target:  12.0 MHz
Clock: Clock_7(FFB)         | Frequency: N/A       | Target:  12.0 MHz
Clock: CyHFClk              | Frequency: N/A       | Target:  48.0 MHz
Clock: CyILO                | Frequency: N/A       | Target:   0.0 MHz
Clock: CyIMO                | Frequency: N/A       | Target:  48.0 MHz
Clock: CyLFClk              | Frequency: N/A       | Target:   0.0 MHz
Clock: CyRouted1            | Frequency: N/A       | Target:  48.0 MHz
Clock: CySysClk             | Frequency: N/A       | Target:  48.0 MHz

======================================================================
                     End of Clock Summary
######################################################################

Phase 8
D2088: Phase 8, elapsed time : 0.0 (sec)

D2054: Placement of the design completed successfully

I2076: Total run-time: 0.6 sec.

