ARM GAS  C:\Users\ADMIN\AppData\Local\Temp\ccLVX28p.s 			page 1


   1              		.syntax unified
   2              		.cpu cortex-m0
   3              		.fpu softvfp
   4              		.eabi_attribute 20, 1
   5              		.eabi_attribute 21, 1
   6              		.eabi_attribute 23, 3
   7              		.eabi_attribute 24, 1
   8              		.eabi_attribute 25, 1
   9              		.eabi_attribute 26, 1
  10              		.eabi_attribute 30, 1
  11              		.eabi_attribute 34, 0
  12              		.eabi_attribute 18, 4
  13              		.thumb
  14              		.syntax unified
  15              		.file	"lcd_status_rotor.c"
  16              		.text
  17              	.Ltext0:
  18              		.cfi_sections	.debug_frame
  19              		.section	.text.lcd_stop,"ax",%progbits
  20              		.align	2
  21              		.global	lcd_stop
  22              		.code	16
  23              		.thumb_func
  24              		.type	lcd_stop, %function
  25              	lcd_stop:
  26              	.LFB35:
  27              		.file 1 "lcd_status_rotor.c"
   1:lcd_status_rotor.c **** #include "lab.h"
   2:lcd_status_rotor.c **** #include "stdio.h"
   3:lcd_status_rotor.c **** 
   4:lcd_status_rotor.c **** static char buf1[17];
   5:lcd_status_rotor.c **** static char buf2[17];
   6:lcd_status_rotor.c **** 
   7:lcd_status_rotor.c **** extern uint8 direction;
   8:lcd_status_rotor.c **** extern uint8 speed;
   9:lcd_status_rotor.c **** extern uint8 value_PWM;
  10:lcd_status_rotor.c **** 
  11:lcd_status_rotor.c **** void lcd_forward_rotor(void);
  12:lcd_status_rotor.c **** void lcd_back_rotor(void);
  13:lcd_status_rotor.c **** 
  14:lcd_status_rotor.c **** void lcd_stop(void){
  28              		.loc 1 14 0
  29              		.cfi_startproc
  30              		@ args = 0, pretend = 0, frame = 0
  31              		@ frame_needed = 0, uses_anonymous_args = 0
  32 0000 70B5     		push	{r4, r5, r6, lr}
  33              		.cfi_def_cfa_offset 16
  34              		.cfi_offset 4, -16
  35              		.cfi_offset 5, -12
  36              		.cfi_offset 6, -8
  37              		.cfi_offset 14, -4
  15:lcd_status_rotor.c ****     LCD_Start();
  38              		.loc 1 15 0
  39 0002 FFF7FEFF 		bl	LCD_Start
  40              	.LVL0:
  16:lcd_status_rotor.c ****     LCD_ClearDisplay();
  41              		.loc 1 16 0
ARM GAS  C:\Users\ADMIN\AppData\Local\Temp\ccLVX28p.s 			page 2


  42 0006 0120     		movs	r0, #1
  43 0008 FFF7FEFF 		bl	LCD_WriteControl
  44              	.LVL1:
  17:lcd_status_rotor.c ****     sprintf(buf1,"Stop  PWM=0");
  45              		.loc 1 17 0
  46 000c 0E4C     		ldr	r4, .L2
  47 000e 0F4B     		ldr	r3, .L2+4
  48 0010 2200     		movs	r2, r4
  49 0012 23CB     		ldmia	r3!, {r0, r1, r5}
  50 0014 23C2     		stmia	r2!, {r0, r1, r5}
  18:lcd_status_rotor.c ****     LCD_Position(0, 0);
  51              		.loc 1 18 0
  52 0016 0021     		movs	r1, #0
  53 0018 0020     		movs	r0, #0
  54 001a FFF7FEFF 		bl	LCD_Position
  55              	.LVL2:
  19:lcd_status_rotor.c ****     LCD_PrintString(buf1);
  56              		.loc 1 19 0
  57 001e 2000     		movs	r0, r4
  58 0020 FFF7FEFF 		bl	LCD_PrintString
  59              	.LVL3:
  20:lcd_status_rotor.c ****     sprintf(buf2,"Speed=Stop");
  60              		.loc 1 20 0
  61 0024 1434     		adds	r4, r4, #20
  62 0026 0A4B     		ldr	r3, .L2+8
  63 0028 2200     		movs	r2, r4
  64 002a 03CB     		ldmia	r3!, {r0, r1}
  65 002c 03C2     		stmia	r2!, {r0, r1}
  66 002e 1900     		movs	r1, r3
  67 0030 1B88     		ldrh	r3, [r3]
  68 0032 1380     		strh	r3, [r2]
  69 0034 8B78     		ldrb	r3, [r1, #2]
  70 0036 9370     		strb	r3, [r2, #2]
  21:lcd_status_rotor.c ****     LCD_Position(1, 0);
  71              		.loc 1 21 0
  72 0038 0021     		movs	r1, #0
  73 003a 0120     		movs	r0, #1
  74 003c FFF7FEFF 		bl	LCD_Position
  75              	.LVL4:
  22:lcd_status_rotor.c ****     LCD_PrintString(buf2);
  76              		.loc 1 22 0
  77 0040 2000     		movs	r0, r4
  78 0042 FFF7FEFF 		bl	LCD_PrintString
  79              	.LVL5:
  23:lcd_status_rotor.c **** }
  80              		.loc 1 23 0
  81              		@ sp needed
  82 0046 70BD     		pop	{r4, r5, r6, pc}
  83              	.L3:
  84              		.align	2
  85              	.L2:
  86 0048 00000000 		.word	.LANCHOR0
  87 004c 00000000 		.word	.LC1
  88 0050 0C000000 		.word	.LC3
  89              		.cfi_endproc
  90              	.LFE35:
  91              		.size	lcd_stop, .-lcd_stop
ARM GAS  C:\Users\ADMIN\AppData\Local\Temp\ccLVX28p.s 			page 3


  92              		.section	.text.lcd_forward_rotor,"ax",%progbits
  93              		.align	2
  94              		.global	lcd_forward_rotor
  95              		.code	16
  96              		.thumb_func
  97              		.type	lcd_forward_rotor, %function
  98              	lcd_forward_rotor:
  99              	.LFB36:
  24:lcd_status_rotor.c **** 
  25:lcd_status_rotor.c **** void lcd_forward_rotor(void){
 100              		.loc 1 25 0
 101              		.cfi_startproc
 102              		@ args = 0, pretend = 0, frame = 0
 103              		@ frame_needed = 0, uses_anonymous_args = 0
 104 0000 10B5     		push	{r4, lr}
 105              		.cfi_def_cfa_offset 8
 106              		.cfi_offset 4, -8
 107              		.cfi_offset 14, -4
  26:lcd_status_rotor.c ****     LCD_ClearDisplay();
 108              		.loc 1 26 0
 109 0002 0120     		movs	r0, #1
 110 0004 FFF7FEFF 		bl	LCD_WriteControl
 111              	.LVL6:
  27:lcd_status_rotor.c ****     sprintf(buf1,"Forward PWM=%d",value_PWM);
 112              		.loc 1 27 0
 113 0008 0E4B     		ldr	r3, .L5
 114 000a 1A78     		ldrb	r2, [r3]
 115 000c 0E4C     		ldr	r4, .L5+4
 116 000e 0F49     		ldr	r1, .L5+8
 117 0010 2000     		movs	r0, r4
 118 0012 FFF7FEFF 		bl	sprintf
 119              	.LVL7:
  28:lcd_status_rotor.c ****     LCD_Position(0, 0);
 120              		.loc 1 28 0
 121 0016 0021     		movs	r1, #0
 122 0018 0020     		movs	r0, #0
 123 001a FFF7FEFF 		bl	LCD_Position
 124              	.LVL8:
  29:lcd_status_rotor.c ****     LCD_PrintString(buf1);
 125              		.loc 1 29 0
 126 001e 2000     		movs	r0, r4
 127 0020 FFF7FEFF 		bl	LCD_PrintString
 128              	.LVL9:
  30:lcd_status_rotor.c ****     sprintf(buf2,"Speed=%d",speed);
 129              		.loc 1 30 0
 130 0024 0A4B     		ldr	r3, .L5+12
 131 0026 1A78     		ldrb	r2, [r3]
 132 0028 1434     		adds	r4, r4, #20
 133 002a 0A49     		ldr	r1, .L5+16
 134 002c 2000     		movs	r0, r4
 135 002e FFF7FEFF 		bl	sprintf
 136              	.LVL10:
  31:lcd_status_rotor.c ****     LCD_Position(1, 0);
 137              		.loc 1 31 0
 138 0032 0021     		movs	r1, #0
 139 0034 0120     		movs	r0, #1
 140 0036 FFF7FEFF 		bl	LCD_Position
ARM GAS  C:\Users\ADMIN\AppData\Local\Temp\ccLVX28p.s 			page 4


 141              	.LVL11:
  32:lcd_status_rotor.c ****     LCD_PrintString(buf2);
 142              		.loc 1 32 0
 143 003a 2000     		movs	r0, r4
 144 003c FFF7FEFF 		bl	LCD_PrintString
 145              	.LVL12:
  33:lcd_status_rotor.c **** }
 146              		.loc 1 33 0
 147              		@ sp needed
 148 0040 10BD     		pop	{r4, pc}
 149              	.L6:
 150 0042 C046     		.align	2
 151              	.L5:
 152 0044 00000000 		.word	value_PWM
 153 0048 00000000 		.word	.LANCHOR0
 154 004c 18000000 		.word	.LC7
 155 0050 00000000 		.word	speed
 156 0054 28000000 		.word	.LC11
 157              		.cfi_endproc
 158              	.LFE36:
 159              		.size	lcd_forward_rotor, .-lcd_forward_rotor
 160              		.section	.text.lcd_back_rotor,"ax",%progbits
 161              		.align	2
 162              		.global	lcd_back_rotor
 163              		.code	16
 164              		.thumb_func
 165              		.type	lcd_back_rotor, %function
 166              	lcd_back_rotor:
 167              	.LFB37:
  34:lcd_status_rotor.c **** 
  35:lcd_status_rotor.c **** void lcd_back_rotor(void){
 168              		.loc 1 35 0
 169              		.cfi_startproc
 170              		@ args = 0, pretend = 0, frame = 0
 171              		@ frame_needed = 0, uses_anonymous_args = 0
 172 0000 10B5     		push	{r4, lr}
 173              		.cfi_def_cfa_offset 8
 174              		.cfi_offset 4, -8
 175              		.cfi_offset 14, -4
  36:lcd_status_rotor.c ****     LCD_ClearDisplay();
 176              		.loc 1 36 0
 177 0002 0120     		movs	r0, #1
 178 0004 FFF7FEFF 		bl	LCD_WriteControl
 179              	.LVL13:
  37:lcd_status_rotor.c ****     sprintf(buf1,"Back  PWM=%d",value_PWM);
 180              		.loc 1 37 0
 181 0008 0E4B     		ldr	r3, .L8
 182 000a 1A78     		ldrb	r2, [r3]
 183 000c 0E4C     		ldr	r4, .L8+4
 184 000e 0F49     		ldr	r1, .L8+8
 185 0010 2000     		movs	r0, r4
 186 0012 FFF7FEFF 		bl	sprintf
 187              	.LVL14:
  38:lcd_status_rotor.c ****     LCD_Position(0, 0);
 188              		.loc 1 38 0
 189 0016 0021     		movs	r1, #0
 190 0018 0020     		movs	r0, #0
ARM GAS  C:\Users\ADMIN\AppData\Local\Temp\ccLVX28p.s 			page 5


 191 001a FFF7FEFF 		bl	LCD_Position
 192              	.LVL15:
  39:lcd_status_rotor.c ****     LCD_PrintString(buf1);
 193              		.loc 1 39 0
 194 001e 2000     		movs	r0, r4
 195 0020 FFF7FEFF 		bl	LCD_PrintString
 196              	.LVL16:
  40:lcd_status_rotor.c ****     sprintf(buf2,"Speed=%d",speed);
 197              		.loc 1 40 0
 198 0024 0A4B     		ldr	r3, .L8+12
 199 0026 1A78     		ldrb	r2, [r3]
 200 0028 1434     		adds	r4, r4, #20
 201 002a 0A49     		ldr	r1, .L8+16
 202 002c 2000     		movs	r0, r4
 203 002e FFF7FEFF 		bl	sprintf
 204              	.LVL17:
  41:lcd_status_rotor.c ****     LCD_Position(1, 0);
 205              		.loc 1 41 0
 206 0032 0021     		movs	r1, #0
 207 0034 0120     		movs	r0, #1
 208 0036 FFF7FEFF 		bl	LCD_Position
 209              	.LVL18:
  42:lcd_status_rotor.c ****     LCD_PrintString(buf2);
 210              		.loc 1 42 0
 211 003a 2000     		movs	r0, r4
 212 003c FFF7FEFF 		bl	LCD_PrintString
 213              	.LVL19:
  43:lcd_status_rotor.c **** }
 214              		.loc 1 43 0
 215              		@ sp needed
 216 0040 10BD     		pop	{r4, pc}
 217              	.L9:
 218 0042 C046     		.align	2
 219              	.L8:
 220 0044 00000000 		.word	value_PWM
 221 0048 00000000 		.word	.LANCHOR0
 222 004c 34000000 		.word	.LC15
 223 0050 00000000 		.word	speed
 224 0054 28000000 		.word	.LC11
 225              		.cfi_endproc
 226              	.LFE37:
 227              		.size	lcd_back_rotor, .-lcd_back_rotor
 228              		.section	.text.definition_direction,"ax",%progbits
 229              		.align	2
 230              		.global	definition_direction
 231              		.code	16
 232              		.thumb_func
 233              		.type	definition_direction, %function
 234              	definition_direction:
 235              	.LFB38:
  44:lcd_status_rotor.c **** 
  45:lcd_status_rotor.c **** void definition_direction(void){
 236              		.loc 1 45 0
 237              		.cfi_startproc
 238              		@ args = 0, pretend = 0, frame = 0
 239              		@ frame_needed = 0, uses_anonymous_args = 0
 240 0000 10B5     		push	{r4, lr}
ARM GAS  C:\Users\ADMIN\AppData\Local\Temp\ccLVX28p.s 			page 6


 241              		.cfi_def_cfa_offset 8
 242              		.cfi_offset 4, -8
 243              		.cfi_offset 14, -4
  46:lcd_status_rotor.c ****     if(1 == direction){
 244              		.loc 1 46 0
 245 0002 064B     		ldr	r3, .L13
 246 0004 1B78     		ldrb	r3, [r3]
 247 0006 012B     		cmp	r3, #1
 248 0008 02D1     		bne	.L11
  47:lcd_status_rotor.c ****         lcd_forward_rotor();
 249              		.loc 1 47 0
 250 000a FFF7FEFF 		bl	lcd_forward_rotor
 251              	.LVL20:
 252 000e 03E0     		b	.L10
 253              	.L11:
  48:lcd_status_rotor.c ****     }else if(2 == direction){
 254              		.loc 1 48 0
 255 0010 022B     		cmp	r3, #2
 256 0012 01D1     		bne	.L10
  49:lcd_status_rotor.c ****         lcd_back_rotor();
 257              		.loc 1 49 0
 258 0014 FFF7FEFF 		bl	lcd_back_rotor
 259              	.LVL21:
 260              	.L10:
  50:lcd_status_rotor.c ****     }
  51:lcd_status_rotor.c **** }...
 261              		.loc 1 51 0
 262              		@ sp needed
 263 0018 10BD     		pop	{r4, pc}
 264              	.L14:
 265 001a C046     		.align	2
 266              	.L13:
 267 001c 00000000 		.word	direction
 268              		.cfi_endproc
 269              	.LFE38:
 270              		.size	definition_direction, .-definition_direction
 271              		.section	.rodata.str1.4,"aMS",%progbits,1
 272              		.align	2
 273              	.LC1:
 274 0000 53746F70 		.ascii	"Stop  PWM=0\000"
 274      20205057 
 274      4D3D3000 
 275              	.LC3:
 276 000c 53706565 		.ascii	"Speed=Stop\000"
 276      643D5374 
 276      6F7000
 277 0017 00       		.space	1
 278              	.LC7:
 279 0018 466F7277 		.ascii	"Forward PWM=%d\000"
 279      61726420 
 279      50574D3D 
 279      256400
 280 0027 00       		.space	1
 281              	.LC11:
 282 0028 53706565 		.ascii	"Speed=%d\000"
 282      643D2564 
 282      00
ARM GAS  C:\Users\ADMIN\AppData\Local\Temp\ccLVX28p.s 			page 7


 283 0031 000000   		.space	3
 284              	.LC15:
 285 0034 4261636B 		.ascii	"Back  PWM=%d\000"
 285      20205057 
 285      4D3D2564 
 285      00
 286              		.bss
 287              		.align	2
 288              		.set	.LANCHOR0,. + 0
 289              		.type	buf1, %object
 290              		.size	buf1, 17
 291              	buf1:
 292 0000 00000000 		.space	17
 292      00000000 
 292      00000000 
 292      00000000 
 292      00
 293 0011 000000   		.space	3
 294              		.type	buf2, %object
 295              		.size	buf2, 17
 296              	buf2:
 297 0014 00000000 		.space	17
 297      00000000 
 297      00000000 
 297      00000000 
 297      00
 298              		.text
 299              	.Letext0:
 300              		.file 2 "Generated_Source\\PSoC4/LCD.h"
 301              		.file 3 "c:\\program files (x86)\\cypress\\psoc creator\\4.2\\psoc creator\\import\\gnu\\arm\\5.4.
 302              		.file 4 "Generated_Source\\PSoC4/cytypes.h"
 303              		.section	.debug_info,"",%progbits
 304              	.Ldebug_info0:
 305 0000 3D030000 		.4byte	0x33d
 306 0004 0400     		.2byte	0x4
 307 0006 00000000 		.4byte	.Ldebug_abbrev0
 308 000a 04       		.byte	0x4
 309 000b 01       		.uleb128 0x1
 310 000c D8000000 		.4byte	.LASF28
 311 0010 0C       		.byte	0xc
 312 0011 25000000 		.4byte	.LASF29
 313 0015 DB010000 		.4byte	.LASF30
 314 0019 00000000 		.4byte	.Ldebug_ranges0+0
 315 001d 00000000 		.4byte	0
 316 0021 00000000 		.4byte	.Ldebug_line0
 317 0025 02       		.uleb128 0x2
 318 0026 01       		.byte	0x1
 319 0027 06       		.byte	0x6
 320 0028 CF010000 		.4byte	.LASF0
 321 002c 02       		.uleb128 0x2
 322 002d 01       		.byte	0x1
 323 002e 08       		.byte	0x8
 324 002f 5D000000 		.4byte	.LASF1
 325 0033 02       		.uleb128 0x2
 326 0034 02       		.byte	0x2
 327 0035 05       		.byte	0x5
 328 0036 9B010000 		.4byte	.LASF2
ARM GAS  C:\Users\ADMIN\AppData\Local\Temp\ccLVX28p.s 			page 8


 329 003a 02       		.uleb128 0x2
 330 003b 02       		.byte	0x2
 331 003c 07       		.byte	0x7
 332 003d 7D000000 		.4byte	.LASF3
 333 0041 02       		.uleb128 0x2
 334 0042 04       		.byte	0x4
 335 0043 05       		.byte	0x5
 336 0044 BA010000 		.4byte	.LASF4
 337 0048 02       		.uleb128 0x2
 338 0049 04       		.byte	0x4
 339 004a 07       		.byte	0x7
 340 004b 6B000000 		.4byte	.LASF5
 341 004f 02       		.uleb128 0x2
 342 0050 08       		.byte	0x8
 343 0051 05       		.byte	0x5
 344 0052 88010000 		.4byte	.LASF6
 345 0056 02       		.uleb128 0x2
 346 0057 08       		.byte	0x8
 347 0058 07       		.byte	0x7
 348 0059 B4000000 		.4byte	.LASF7
 349 005d 03       		.uleb128 0x3
 350 005e 04       		.byte	0x4
 351 005f 05       		.byte	0x5
 352 0060 696E7400 		.ascii	"int\000"
 353 0064 02       		.uleb128 0x2
 354 0065 04       		.byte	0x4
 355 0066 07       		.byte	0x7
 356 0067 A7000000 		.4byte	.LASF8
 357 006b 04       		.uleb128 0x4
 358 006c B4010000 		.4byte	.LASF31
 359 0070 04       		.byte	0x4
 360 0071 E401     		.2byte	0x1e4
 361 0073 2C000000 		.4byte	0x2c
 362 0077 02       		.uleb128 0x2
 363 0078 04       		.byte	0x4
 364 0079 04       		.byte	0x4
 365 007a 4D000000 		.4byte	.LASF9
 366 007e 02       		.uleb128 0x2
 367 007f 08       		.byte	0x8
 368 0080 04       		.byte	0x4
 369 0081 90000000 		.4byte	.LASF10
 370 0085 02       		.uleb128 0x2
 371 0086 01       		.byte	0x1
 372 0087 08       		.byte	0x8
 373 0088 96010000 		.4byte	.LASF11
 374 008c 02       		.uleb128 0x2
 375 008d 08       		.byte	0x8
 376 008e 04       		.byte	0x4
 377 008f C3010000 		.4byte	.LASF12
 378 0093 02       		.uleb128 0x2
 379 0094 04       		.byte	0x4
 380 0095 07       		.byte	0x7
 381 0096 6C010000 		.4byte	.LASF13
 382 009a 05       		.uleb128 0x5
 383 009b 75010000 		.4byte	.LASF14
 384 009f 01       		.byte	0x1
 385 00a0 0E       		.byte	0xe
ARM GAS  C:\Users\ADMIN\AppData\Local\Temp\ccLVX28p.s 			page 9


 386 00a1 00000000 		.4byte	.LFB35
 387 00a5 54000000 		.4byte	.LFE35-.LFB35
 388 00a9 01       		.uleb128 0x1
 389 00aa 9C       		.byte	0x9c
 390 00ab 20010000 		.4byte	0x120
 391 00af 06       		.uleb128 0x6
 392 00b0 06000000 		.4byte	.LVL0
 393 00b4 09030000 		.4byte	0x309
 394 00b8 07       		.uleb128 0x7
 395 00b9 0C000000 		.4byte	.LVL1
 396 00bd 14030000 		.4byte	0x314
 397 00c1 CB000000 		.4byte	0xcb
 398 00c5 08       		.uleb128 0x8
 399 00c6 01       		.uleb128 0x1
 400 00c7 50       		.byte	0x50
 401 00c8 01       		.uleb128 0x1
 402 00c9 31       		.byte	0x31
 403 00ca 00       		.byte	0
 404 00cb 07       		.uleb128 0x7
 405 00cc 1E000000 		.4byte	.LVL2
 406 00d0 1F030000 		.4byte	0x31f
 407 00d4 E3000000 		.4byte	0xe3
 408 00d8 08       		.uleb128 0x8
 409 00d9 01       		.uleb128 0x1
 410 00da 50       		.byte	0x50
 411 00db 01       		.uleb128 0x1
 412 00dc 30       		.byte	0x30
 413 00dd 08       		.uleb128 0x8
 414 00de 01       		.uleb128 0x1
 415 00df 51       		.byte	0x51
 416 00e0 01       		.uleb128 0x1
 417 00e1 30       		.byte	0x30
 418 00e2 00       		.byte	0
 419 00e3 07       		.uleb128 0x7
 420 00e4 24000000 		.4byte	.LVL3
 421 00e8 2A030000 		.4byte	0x32a
 422 00ec F7000000 		.4byte	0xf7
 423 00f0 08       		.uleb128 0x8
 424 00f1 01       		.uleb128 0x1
 425 00f2 50       		.byte	0x50
 426 00f3 02       		.uleb128 0x2
 427 00f4 74       		.byte	0x74
 428 00f5 00       		.sleb128 0
 429 00f6 00       		.byte	0
 430 00f7 07       		.uleb128 0x7
 431 00f8 40000000 		.4byte	.LVL4
 432 00fc 1F030000 		.4byte	0x31f
 433 0100 0F010000 		.4byte	0x10f
 434 0104 08       		.uleb128 0x8
 435 0105 01       		.uleb128 0x1
 436 0106 50       		.byte	0x50
 437 0107 01       		.uleb128 0x1
 438 0108 31       		.byte	0x31
 439 0109 08       		.uleb128 0x8
 440 010a 01       		.uleb128 0x1
 441 010b 51       		.byte	0x51
 442 010c 01       		.uleb128 0x1
ARM GAS  C:\Users\ADMIN\AppData\Local\Temp\ccLVX28p.s 			page 10


 443 010d 30       		.byte	0x30
 444 010e 00       		.byte	0
 445 010f 09       		.uleb128 0x9
 446 0110 46000000 		.4byte	.LVL5
 447 0114 2A030000 		.4byte	0x32a
 448 0118 08       		.uleb128 0x8
 449 0119 01       		.uleb128 0x1
 450 011a 50       		.byte	0x50
 451 011b 02       		.uleb128 0x2
 452 011c 74       		.byte	0x74
 453 011d 00       		.sleb128 0
 454 011e 00       		.byte	0
 455 011f 00       		.byte	0
 456 0120 05       		.uleb128 0x5
 457 0121 FE010000 		.4byte	.LASF15
 458 0125 01       		.byte	0x1
 459 0126 19       		.byte	0x19
 460 0127 00000000 		.4byte	.LFB36
 461 012b 58000000 		.4byte	.LFE36-.LFB36
 462 012f 01       		.uleb128 0x1
 463 0130 9C       		.byte	0x9c
 464 0131 D7010000 		.4byte	0x1d7
 465 0135 07       		.uleb128 0x7
 466 0136 08000000 		.4byte	.LVL6
 467 013a 14030000 		.4byte	0x314
 468 013e 48010000 		.4byte	0x148
 469 0142 08       		.uleb128 0x8
 470 0143 01       		.uleb128 0x1
 471 0144 50       		.byte	0x50
 472 0145 01       		.uleb128 0x1
 473 0146 31       		.byte	0x31
 474 0147 00       		.byte	0
 475 0148 07       		.uleb128 0x7
 476 0149 16000000 		.4byte	.LVL7
 477 014d 35030000 		.4byte	0x335
 478 0151 65010000 		.4byte	0x165
 479 0155 08       		.uleb128 0x8
 480 0156 01       		.uleb128 0x1
 481 0157 50       		.byte	0x50
 482 0158 02       		.uleb128 0x2
 483 0159 74       		.byte	0x74
 484 015a 00       		.sleb128 0
 485 015b 08       		.uleb128 0x8
 486 015c 01       		.uleb128 0x1
 487 015d 51       		.byte	0x51
 488 015e 05       		.uleb128 0x5
 489 015f 03       		.byte	0x3
 490 0160 18000000 		.4byte	.LC7
 491 0164 00       		.byte	0
 492 0165 07       		.uleb128 0x7
 493 0166 1E000000 		.4byte	.LVL8
 494 016a 1F030000 		.4byte	0x31f
 495 016e 7D010000 		.4byte	0x17d
 496 0172 08       		.uleb128 0x8
 497 0173 01       		.uleb128 0x1
 498 0174 50       		.byte	0x50
 499 0175 01       		.uleb128 0x1
ARM GAS  C:\Users\ADMIN\AppData\Local\Temp\ccLVX28p.s 			page 11


 500 0176 30       		.byte	0x30
 501 0177 08       		.uleb128 0x8
 502 0178 01       		.uleb128 0x1
 503 0179 51       		.byte	0x51
 504 017a 01       		.uleb128 0x1
 505 017b 30       		.byte	0x30
 506 017c 00       		.byte	0
 507 017d 07       		.uleb128 0x7
 508 017e 24000000 		.4byte	.LVL9
 509 0182 2A030000 		.4byte	0x32a
 510 0186 91010000 		.4byte	0x191
 511 018a 08       		.uleb128 0x8
 512 018b 01       		.uleb128 0x1
 513 018c 50       		.byte	0x50
 514 018d 02       		.uleb128 0x2
 515 018e 74       		.byte	0x74
 516 018f 00       		.sleb128 0
 517 0190 00       		.byte	0
 518 0191 07       		.uleb128 0x7
 519 0192 32000000 		.4byte	.LVL10
 520 0196 35030000 		.4byte	0x335
 521 019a AE010000 		.4byte	0x1ae
 522 019e 08       		.uleb128 0x8
 523 019f 01       		.uleb128 0x1
 524 01a0 50       		.byte	0x50
 525 01a1 02       		.uleb128 0x2
 526 01a2 74       		.byte	0x74
 527 01a3 00       		.sleb128 0
 528 01a4 08       		.uleb128 0x8
 529 01a5 01       		.uleb128 0x1
 530 01a6 51       		.byte	0x51
 531 01a7 05       		.uleb128 0x5
 532 01a8 03       		.byte	0x3
 533 01a9 28000000 		.4byte	.LC11
 534 01ad 00       		.byte	0
 535 01ae 07       		.uleb128 0x7
 536 01af 3A000000 		.4byte	.LVL11
 537 01b3 1F030000 		.4byte	0x31f
 538 01b7 C6010000 		.4byte	0x1c6
 539 01bb 08       		.uleb128 0x8
 540 01bc 01       		.uleb128 0x1
 541 01bd 50       		.byte	0x50
 542 01be 01       		.uleb128 0x1
 543 01bf 31       		.byte	0x31
 544 01c0 08       		.uleb128 0x8
 545 01c1 01       		.uleb128 0x1
 546 01c2 51       		.byte	0x51
 547 01c3 01       		.uleb128 0x1
 548 01c4 30       		.byte	0x30
 549 01c5 00       		.byte	0
 550 01c6 09       		.uleb128 0x9
 551 01c7 40000000 		.4byte	.LVL12
 552 01cb 2A030000 		.4byte	0x32a
 553 01cf 08       		.uleb128 0x8
 554 01d0 01       		.uleb128 0x1
 555 01d1 50       		.byte	0x50
 556 01d2 02       		.uleb128 0x2
ARM GAS  C:\Users\ADMIN\AppData\Local\Temp\ccLVX28p.s 			page 12


 557 01d3 74       		.byte	0x74
 558 01d4 00       		.sleb128 0
 559 01d5 00       		.byte	0
 560 01d6 00       		.byte	0
 561 01d7 05       		.uleb128 0x5
 562 01d8 A5010000 		.4byte	.LASF16
 563 01dc 01       		.byte	0x1
 564 01dd 23       		.byte	0x23
 565 01de 00000000 		.4byte	.LFB37
 566 01e2 58000000 		.4byte	.LFE37-.LFB37
 567 01e6 01       		.uleb128 0x1
 568 01e7 9C       		.byte	0x9c
 569 01e8 8E020000 		.4byte	0x28e
 570 01ec 07       		.uleb128 0x7
 571 01ed 08000000 		.4byte	.LVL13
 572 01f1 14030000 		.4byte	0x314
 573 01f5 FF010000 		.4byte	0x1ff
 574 01f9 08       		.uleb128 0x8
 575 01fa 01       		.uleb128 0x1
 576 01fb 50       		.byte	0x50
 577 01fc 01       		.uleb128 0x1
 578 01fd 31       		.byte	0x31
 579 01fe 00       		.byte	0
 580 01ff 07       		.uleb128 0x7
 581 0200 16000000 		.4byte	.LVL14
 582 0204 35030000 		.4byte	0x335
 583 0208 1C020000 		.4byte	0x21c
 584 020c 08       		.uleb128 0x8
 585 020d 01       		.uleb128 0x1
 586 020e 50       		.byte	0x50
 587 020f 02       		.uleb128 0x2
 588 0210 74       		.byte	0x74
 589 0211 00       		.sleb128 0
 590 0212 08       		.uleb128 0x8
 591 0213 01       		.uleb128 0x1
 592 0214 51       		.byte	0x51
 593 0215 05       		.uleb128 0x5
 594 0216 03       		.byte	0x3
 595 0217 34000000 		.4byte	.LC15
 596 021b 00       		.byte	0
 597 021c 07       		.uleb128 0x7
 598 021d 1E000000 		.4byte	.LVL15
 599 0221 1F030000 		.4byte	0x31f
 600 0225 34020000 		.4byte	0x234
 601 0229 08       		.uleb128 0x8
 602 022a 01       		.uleb128 0x1
 603 022b 50       		.byte	0x50
 604 022c 01       		.uleb128 0x1
 605 022d 30       		.byte	0x30
 606 022e 08       		.uleb128 0x8
 607 022f 01       		.uleb128 0x1
 608 0230 51       		.byte	0x51
 609 0231 01       		.uleb128 0x1
 610 0232 30       		.byte	0x30
 611 0233 00       		.byte	0
 612 0234 07       		.uleb128 0x7
 613 0235 24000000 		.4byte	.LVL16
ARM GAS  C:\Users\ADMIN\AppData\Local\Temp\ccLVX28p.s 			page 13


 614 0239 2A030000 		.4byte	0x32a
 615 023d 48020000 		.4byte	0x248
 616 0241 08       		.uleb128 0x8
 617 0242 01       		.uleb128 0x1
 618 0243 50       		.byte	0x50
 619 0244 02       		.uleb128 0x2
 620 0245 74       		.byte	0x74
 621 0246 00       		.sleb128 0
 622 0247 00       		.byte	0
 623 0248 07       		.uleb128 0x7
 624 0249 32000000 		.4byte	.LVL17
 625 024d 35030000 		.4byte	0x335
 626 0251 65020000 		.4byte	0x265
 627 0255 08       		.uleb128 0x8
 628 0256 01       		.uleb128 0x1
 629 0257 50       		.byte	0x50
 630 0258 02       		.uleb128 0x2
 631 0259 74       		.byte	0x74
 632 025a 00       		.sleb128 0
 633 025b 08       		.uleb128 0x8
 634 025c 01       		.uleb128 0x1
 635 025d 51       		.byte	0x51
 636 025e 05       		.uleb128 0x5
 637 025f 03       		.byte	0x3
 638 0260 28000000 		.4byte	.LC11
 639 0264 00       		.byte	0
 640 0265 07       		.uleb128 0x7
 641 0266 3A000000 		.4byte	.LVL18
 642 026a 1F030000 		.4byte	0x31f
 643 026e 7D020000 		.4byte	0x27d
 644 0272 08       		.uleb128 0x8
 645 0273 01       		.uleb128 0x1
 646 0274 50       		.byte	0x50
 647 0275 01       		.uleb128 0x1
 648 0276 31       		.byte	0x31
 649 0277 08       		.uleb128 0x8
 650 0278 01       		.uleb128 0x1
 651 0279 51       		.byte	0x51
 652 027a 01       		.uleb128 0x1
 653 027b 30       		.byte	0x30
 654 027c 00       		.byte	0
 655 027d 09       		.uleb128 0x9
 656 027e 40000000 		.4byte	.LVL19
 657 0282 2A030000 		.4byte	0x32a
 658 0286 08       		.uleb128 0x8
 659 0287 01       		.uleb128 0x1
 660 0288 50       		.byte	0x50
 661 0289 02       		.uleb128 0x2
 662 028a 74       		.byte	0x74
 663 028b 00       		.sleb128 0
 664 028c 00       		.byte	0
 665 028d 00       		.byte	0
 666 028e 05       		.uleb128 0x5
 667 028f 38000000 		.4byte	.LASF17
 668 0293 01       		.byte	0x1
 669 0294 2D       		.byte	0x2d
 670 0295 00000000 		.4byte	.LFB38
ARM GAS  C:\Users\ADMIN\AppData\Local\Temp\ccLVX28p.s 			page 14


 671 0299 20000000 		.4byte	.LFE38-.LFB38
 672 029d 01       		.uleb128 0x1
 673 029e 9C       		.byte	0x9c
 674 029f B6020000 		.4byte	0x2b6
 675 02a3 06       		.uleb128 0x6
 676 02a4 0E000000 		.4byte	.LVL20
 677 02a8 20010000 		.4byte	0x120
 678 02ac 06       		.uleb128 0x6
 679 02ad 18000000 		.4byte	.LVL21
 680 02b1 D7010000 		.4byte	0x1d7
 681 02b5 00       		.byte	0
 682 02b6 0A       		.uleb128 0xa
 683 02b7 85000000 		.4byte	0x85
 684 02bb C6020000 		.4byte	0x2c6
 685 02bf 0B       		.uleb128 0xb
 686 02c0 93000000 		.4byte	0x93
 687 02c4 10       		.byte	0x10
 688 02c5 00       		.byte	0
 689 02c6 0C       		.uleb128 0xc
 690 02c7 00000000 		.4byte	.LASF18
 691 02cb 01       		.byte	0x1
 692 02cc 04       		.byte	0x4
 693 02cd B6020000 		.4byte	0x2b6
 694 02d1 05       		.uleb128 0x5
 695 02d2 03       		.byte	0x3
 696 02d3 00000000 		.4byte	buf1
 697 02d7 0C       		.uleb128 0xc
 698 02d8 05000000 		.4byte	.LASF19
 699 02dc 01       		.byte	0x1
 700 02dd 05       		.byte	0x5
 701 02de B6020000 		.4byte	0x2b6
 702 02e2 05       		.uleb128 0x5
 703 02e3 03       		.byte	0x3
 704 02e4 14000000 		.4byte	buf2
 705 02e8 0D       		.uleb128 0xd
 706 02e9 1B000000 		.4byte	.LASF20
 707 02ed 01       		.byte	0x1
 708 02ee 07       		.byte	0x7
 709 02ef 6B000000 		.4byte	0x6b
 710 02f3 0D       		.uleb128 0xd
 711 02f4 66010000 		.4byte	.LASF21
 712 02f8 01       		.byte	0x1
 713 02f9 08       		.byte	0x8
 714 02fa 6B000000 		.4byte	0x6b
 715 02fe 0D       		.uleb128 0xd
 716 02ff 7E010000 		.4byte	.LASF22
 717 0303 01       		.byte	0x1
 718 0304 09       		.byte	0x9
 719 0305 6B000000 		.4byte	0x6b
 720 0309 0E       		.uleb128 0xe
 721 030a 53000000 		.4byte	.LASF23
 722 030e 53000000 		.4byte	.LASF23
 723 0312 02       		.byte	0x2
 724 0313 38       		.byte	0x38
 725 0314 0E       		.uleb128 0xe
 726 0315 0A000000 		.4byte	.LASF24
 727 0319 0A000000 		.4byte	.LASF24
ARM GAS  C:\Users\ADMIN\AppData\Local\Temp\ccLVX28p.s 			page 15


 728 031d 02       		.byte	0x2
 729 031e 3A       		.byte	0x3a
 730 031f 0E       		.uleb128 0xe
 731 0320 CB000000 		.4byte	.LASF25
 732 0324 CB000000 		.4byte	.LASF25
 733 0328 02       		.byte	0x2
 734 0329 3D       		.byte	0x3d
 735 032a 0E       		.uleb128 0xe
 736 032b 97000000 		.4byte	.LASF26
 737 032f 97000000 		.4byte	.LASF26
 738 0333 02       		.byte	0x2
 739 0334 3C       		.byte	0x3c
 740 0335 0E       		.uleb128 0xe
 741 0336 10020000 		.4byte	.LASF27
 742 033a 10020000 		.4byte	.LASF27
 743 033e 03       		.byte	0x3
 744 033f E7       		.byte	0xe7
 745 0340 00       		.byte	0
 746              		.section	.debug_abbrev,"",%progbits
 747              	.Ldebug_abbrev0:
 748 0000 01       		.uleb128 0x1
 749 0001 11       		.uleb128 0x11
 750 0002 01       		.byte	0x1
 751 0003 25       		.uleb128 0x25
 752 0004 0E       		.uleb128 0xe
 753 0005 13       		.uleb128 0x13
 754 0006 0B       		.uleb128 0xb
 755 0007 03       		.uleb128 0x3
 756 0008 0E       		.uleb128 0xe
 757 0009 1B       		.uleb128 0x1b
 758 000a 0E       		.uleb128 0xe
 759 000b 55       		.uleb128 0x55
 760 000c 17       		.uleb128 0x17
 761 000d 11       		.uleb128 0x11
 762 000e 01       		.uleb128 0x1
 763 000f 10       		.uleb128 0x10
 764 0010 17       		.uleb128 0x17
 765 0011 00       		.byte	0
 766 0012 00       		.byte	0
 767 0013 02       		.uleb128 0x2
 768 0014 24       		.uleb128 0x24
 769 0015 00       		.byte	0
 770 0016 0B       		.uleb128 0xb
 771 0017 0B       		.uleb128 0xb
 772 0018 3E       		.uleb128 0x3e
 773 0019 0B       		.uleb128 0xb
 774 001a 03       		.uleb128 0x3
 775 001b 0E       		.uleb128 0xe
 776 001c 00       		.byte	0
 777 001d 00       		.byte	0
 778 001e 03       		.uleb128 0x3
 779 001f 24       		.uleb128 0x24
 780 0020 00       		.byte	0
 781 0021 0B       		.uleb128 0xb
 782 0022 0B       		.uleb128 0xb
 783 0023 3E       		.uleb128 0x3e
 784 0024 0B       		.uleb128 0xb
ARM GAS  C:\Users\ADMIN\AppData\Local\Temp\ccLVX28p.s 			page 16


 785 0025 03       		.uleb128 0x3
 786 0026 08       		.uleb128 0x8
 787 0027 00       		.byte	0
 788 0028 00       		.byte	0
 789 0029 04       		.uleb128 0x4
 790 002a 16       		.uleb128 0x16
 791 002b 00       		.byte	0
 792 002c 03       		.uleb128 0x3
 793 002d 0E       		.uleb128 0xe
 794 002e 3A       		.uleb128 0x3a
 795 002f 0B       		.uleb128 0xb
 796 0030 3B       		.uleb128 0x3b
 797 0031 05       		.uleb128 0x5
 798 0032 49       		.uleb128 0x49
 799 0033 13       		.uleb128 0x13
 800 0034 00       		.byte	0
 801 0035 00       		.byte	0
 802 0036 05       		.uleb128 0x5
 803 0037 2E       		.uleb128 0x2e
 804 0038 01       		.byte	0x1
 805 0039 3F       		.uleb128 0x3f
 806 003a 19       		.uleb128 0x19
 807 003b 03       		.uleb128 0x3
 808 003c 0E       		.uleb128 0xe
 809 003d 3A       		.uleb128 0x3a
 810 003e 0B       		.uleb128 0xb
 811 003f 3B       		.uleb128 0x3b
 812 0040 0B       		.uleb128 0xb
 813 0041 27       		.uleb128 0x27
 814 0042 19       		.uleb128 0x19
 815 0043 11       		.uleb128 0x11
 816 0044 01       		.uleb128 0x1
 817 0045 12       		.uleb128 0x12
 818 0046 06       		.uleb128 0x6
 819 0047 40       		.uleb128 0x40
 820 0048 18       		.uleb128 0x18
 821 0049 9742     		.uleb128 0x2117
 822 004b 19       		.uleb128 0x19
 823 004c 01       		.uleb128 0x1
 824 004d 13       		.uleb128 0x13
 825 004e 00       		.byte	0
 826 004f 00       		.byte	0
 827 0050 06       		.uleb128 0x6
 828 0051 898201   		.uleb128 0x4109
 829 0054 00       		.byte	0
 830 0055 11       		.uleb128 0x11
 831 0056 01       		.uleb128 0x1
 832 0057 31       		.uleb128 0x31
 833 0058 13       		.uleb128 0x13
 834 0059 00       		.byte	0
 835 005a 00       		.byte	0
 836 005b 07       		.uleb128 0x7
 837 005c 898201   		.uleb128 0x4109
 838 005f 01       		.byte	0x1
 839 0060 11       		.uleb128 0x11
 840 0061 01       		.uleb128 0x1
 841 0062 31       		.uleb128 0x31
ARM GAS  C:\Users\ADMIN\AppData\Local\Temp\ccLVX28p.s 			page 17


 842 0063 13       		.uleb128 0x13
 843 0064 01       		.uleb128 0x1
 844 0065 13       		.uleb128 0x13
 845 0066 00       		.byte	0
 846 0067 00       		.byte	0
 847 0068 08       		.uleb128 0x8
 848 0069 8A8201   		.uleb128 0x410a
 849 006c 00       		.byte	0
 850 006d 02       		.uleb128 0x2
 851 006e 18       		.uleb128 0x18
 852 006f 9142     		.uleb128 0x2111
 853 0071 18       		.uleb128 0x18
 854 0072 00       		.byte	0
 855 0073 00       		.byte	0
 856 0074 09       		.uleb128 0x9
 857 0075 898201   		.uleb128 0x4109
 858 0078 01       		.byte	0x1
 859 0079 11       		.uleb128 0x11
 860 007a 01       		.uleb128 0x1
 861 007b 31       		.uleb128 0x31
 862 007c 13       		.uleb128 0x13
 863 007d 00       		.byte	0
 864 007e 00       		.byte	0
 865 007f 0A       		.uleb128 0xa
 866 0080 01       		.uleb128 0x1
 867 0081 01       		.byte	0x1
 868 0082 49       		.uleb128 0x49
 869 0083 13       		.uleb128 0x13
 870 0084 01       		.uleb128 0x1
 871 0085 13       		.uleb128 0x13
 872 0086 00       		.byte	0
 873 0087 00       		.byte	0
 874 0088 0B       		.uleb128 0xb
 875 0089 21       		.uleb128 0x21
 876 008a 00       		.byte	0
 877 008b 49       		.uleb128 0x49
 878 008c 13       		.uleb128 0x13
 879 008d 2F       		.uleb128 0x2f
 880 008e 0B       		.uleb128 0xb
 881 008f 00       		.byte	0
 882 0090 00       		.byte	0
 883 0091 0C       		.uleb128 0xc
 884 0092 34       		.uleb128 0x34
 885 0093 00       		.byte	0
 886 0094 03       		.uleb128 0x3
 887 0095 0E       		.uleb128 0xe
 888 0096 3A       		.uleb128 0x3a
 889 0097 0B       		.uleb128 0xb
 890 0098 3B       		.uleb128 0x3b
 891 0099 0B       		.uleb128 0xb
 892 009a 49       		.uleb128 0x49
 893 009b 13       		.uleb128 0x13
 894 009c 02       		.uleb128 0x2
 895 009d 18       		.uleb128 0x18
 896 009e 00       		.byte	0
 897 009f 00       		.byte	0
 898 00a0 0D       		.uleb128 0xd
ARM GAS  C:\Users\ADMIN\AppData\Local\Temp\ccLVX28p.s 			page 18


 899 00a1 34       		.uleb128 0x34
 900 00a2 00       		.byte	0
 901 00a3 03       		.uleb128 0x3
 902 00a4 0E       		.uleb128 0xe
 903 00a5 3A       		.uleb128 0x3a
 904 00a6 0B       		.uleb128 0xb
 905 00a7 3B       		.uleb128 0x3b
 906 00a8 0B       		.uleb128 0xb
 907 00a9 49       		.uleb128 0x49
 908 00aa 13       		.uleb128 0x13
 909 00ab 3F       		.uleb128 0x3f
 910 00ac 19       		.uleb128 0x19
 911 00ad 3C       		.uleb128 0x3c
 912 00ae 19       		.uleb128 0x19
 913 00af 00       		.byte	0
 914 00b0 00       		.byte	0
 915 00b1 0E       		.uleb128 0xe
 916 00b2 2E       		.uleb128 0x2e
 917 00b3 00       		.byte	0
 918 00b4 3F       		.uleb128 0x3f
 919 00b5 19       		.uleb128 0x19
 920 00b6 3C       		.uleb128 0x3c
 921 00b7 19       		.uleb128 0x19
 922 00b8 6E       		.uleb128 0x6e
 923 00b9 0E       		.uleb128 0xe
 924 00ba 03       		.uleb128 0x3
 925 00bb 0E       		.uleb128 0xe
 926 00bc 3A       		.uleb128 0x3a
 927 00bd 0B       		.uleb128 0xb
 928 00be 3B       		.uleb128 0x3b
 929 00bf 0B       		.uleb128 0xb
 930 00c0 00       		.byte	0
 931 00c1 00       		.byte	0
 932 00c2 00       		.byte	0
 933              		.section	.debug_aranges,"",%progbits
 934 0000 34000000 		.4byte	0x34
 935 0004 0200     		.2byte	0x2
 936 0006 00000000 		.4byte	.Ldebug_info0
 937 000a 04       		.byte	0x4
 938 000b 00       		.byte	0
 939 000c 0000     		.2byte	0
 940 000e 0000     		.2byte	0
 941 0010 00000000 		.4byte	.LFB35
 942 0014 54000000 		.4byte	.LFE35-.LFB35
 943 0018 00000000 		.4byte	.LFB36
 944 001c 58000000 		.4byte	.LFE36-.LFB36
 945 0020 00000000 		.4byte	.LFB37
 946 0024 58000000 		.4byte	.LFE37-.LFB37
 947 0028 00000000 		.4byte	.LFB38
 948 002c 20000000 		.4byte	.LFE38-.LFB38
 949 0030 00000000 		.4byte	0
 950 0034 00000000 		.4byte	0
 951              		.section	.debug_ranges,"",%progbits
 952              	.Ldebug_ranges0:
 953 0000 00000000 		.4byte	.LFB35
 954 0004 54000000 		.4byte	.LFE35
 955 0008 00000000 		.4byte	.LFB36
ARM GAS  C:\Users\ADMIN\AppData\Local\Temp\ccLVX28p.s 			page 19


 956 000c 58000000 		.4byte	.LFE36
 957 0010 00000000 		.4byte	.LFB37
 958 0014 58000000 		.4byte	.LFE37
 959 0018 00000000 		.4byte	.LFB38
 960 001c 20000000 		.4byte	.LFE38
 961 0020 00000000 		.4byte	0
 962 0024 00000000 		.4byte	0
 963              		.section	.debug_line,"",%progbits
 964              	.Ldebug_line0:
 965 0000 29010000 		.section	.debug_str,"MS",%progbits,1
 965      0200C900 
 965      00000201 
 965      FB0E0D00 
 965      01010101 
 966              	.LASF18:
 967 0000 62756631 		.ascii	"buf1\000"
 967      00
 968              	.LASF19:
 969 0005 62756632 		.ascii	"buf2\000"
 969      00
 970              	.LASF24:
 971 000a 4C43445F 		.ascii	"LCD_WriteControl\000"
 971      57726974 
 971      65436F6E 
 971      74726F6C 
 971      00
 972              	.LASF20:
 973 001b 64697265 		.ascii	"direction\000"
 973      6374696F 
 973      6E00
 974              	.LASF29:
 975 0025 6C63645F 		.ascii	"lcd_status_rotor.c\000"
 975      73746174 
 975      75735F72 
 975      6F746F72 
 975      2E6300
 976              	.LASF17:
 977 0038 64656669 		.ascii	"definition_direction\000"
 977      6E697469 
 977      6F6E5F64 
 977      69726563 
 977      74696F6E 
 978              	.LASF9:
 979 004d 666C6F61 		.ascii	"float\000"
 979      7400
 980              	.LASF23:
 981 0053 4C43445F 		.ascii	"LCD_Start\000"
 981      53746172 
 981      7400
 982              	.LASF1:
 983 005d 756E7369 		.ascii	"unsigned char\000"
 983      676E6564 
 983      20636861 
 983      7200
 984              	.LASF5:
 985 006b 6C6F6E67 		.ascii	"long unsigned int\000"
 985      20756E73 
ARM GAS  C:\Users\ADMIN\AppData\Local\Temp\ccLVX28p.s 			page 20


 985      69676E65 
 985      6420696E 
 985      7400
 986              	.LASF3:
 987 007d 73686F72 		.ascii	"short unsigned int\000"
 987      7420756E 
 987      7369676E 
 987      65642069 
 987      6E7400
 988              	.LASF10:
 989 0090 646F7562 		.ascii	"double\000"
 989      6C6500
 990              	.LASF26:
 991 0097 4C43445F 		.ascii	"LCD_PrintString\000"
 991      5072696E 
 991      74537472 
 991      696E6700 
 992              	.LASF8:
 993 00a7 756E7369 		.ascii	"unsigned int\000"
 993      676E6564 
 993      20696E74 
 993      00
 994              	.LASF7:
 995 00b4 6C6F6E67 		.ascii	"long long unsigned int\000"
 995      206C6F6E 
 995      6720756E 
 995      7369676E 
 995      65642069 
 996              	.LASF25:
 997 00cb 4C43445F 		.ascii	"LCD_Position\000"
 997      506F7369 
 997      74696F6E 
 997      00
 998              	.LASF28:
 999 00d8 474E5520 		.ascii	"GNU C11 5.4.1 20160609 (release) [ARM/embedded-5-br"
 999      43313120 
 999      352E342E 
 999      31203230 
 999      31363036 
 1000 010b 616E6368 		.ascii	"anch revision 237715] -mcpu=cortex-m0 -mthumb -g -O"
 1000      20726576 
 1000      6973696F 
 1000      6E203233 
 1000      37373135 
 1001 013e 67202D66 		.ascii	"g -ffunction-sections -ffat-lto-objects\000"
 1001      66756E63 
 1001      74696F6E 
 1001      2D736563 
 1001      74696F6E 
 1002              	.LASF21:
 1003 0166 73706565 		.ascii	"speed\000"
 1003      6400
 1004              	.LASF13:
 1005 016c 73697A65 		.ascii	"sizetype\000"
 1005      74797065 
 1005      00
 1006              	.LASF14:
ARM GAS  C:\Users\ADMIN\AppData\Local\Temp\ccLVX28p.s 			page 21


 1007 0175 6C63645F 		.ascii	"lcd_stop\000"
 1007      73746F70 
 1007      00
 1008              	.LASF22:
 1009 017e 76616C75 		.ascii	"value_PWM\000"
 1009      655F5057 
 1009      4D00
 1010              	.LASF6:
 1011 0188 6C6F6E67 		.ascii	"long long int\000"
 1011      206C6F6E 
 1011      6720696E 
 1011      7400
 1012              	.LASF11:
 1013 0196 63686172 		.ascii	"char\000"
 1013      00
 1014              	.LASF2:
 1015 019b 73686F72 		.ascii	"short int\000"
 1015      7420696E 
 1015      7400
 1016              	.LASF16:
 1017 01a5 6C63645F 		.ascii	"lcd_back_rotor\000"
 1017      6261636B 
 1017      5F726F74 
 1017      6F7200
 1018              	.LASF31:
 1019 01b4 75696E74 		.ascii	"uint8\000"
 1019      3800
 1020              	.LASF4:
 1021 01ba 6C6F6E67 		.ascii	"long int\000"
 1021      20696E74 
 1021      00
 1022              	.LASF12:
 1023 01c3 6C6F6E67 		.ascii	"long double\000"
 1023      20646F75 
 1023      626C6500 
 1024              	.LASF0:
 1025 01cf 7369676E 		.ascii	"signed char\000"
 1025      65642063 
 1025      68617200 
 1026              	.LASF30:
 1027 01db 443A5C50 		.ascii	"D:\\Programming\\PSoC\\Lab\\Lab5.cydsn\000"
 1027      726F6772 
 1027      616D6D69 
 1027      6E675C50 
 1027      536F435C 
 1028              	.LASF15:
 1029 01fe 6C63645F 		.ascii	"lcd_forward_rotor\000"
 1029      666F7277 
 1029      6172645F 
 1029      726F746F 
 1029      7200
 1030              	.LASF27:
 1031 0210 73707269 		.ascii	"sprintf\000"
 1031      6E746600 
 1032              		.ident	"GCC: (GNU Tools for ARM Embedded Processors) 5.4.1 20160609 (release) [ARM/embedded-5-bran
