ARM GAS  C:\Users\ADMIN\AppData\Local\Temp\cctedVFL.s 			page 1


   1              		.syntax unified
   2              		.cpu cortex-m0
   3              		.fpu softvfp
   4              		.eabi_attribute 20, 1
   5              		.eabi_attribute 21, 1
   6              		.eabi_attribute 23, 3
   7              		.eabi_attribute 24, 1
   8              		.eabi_attribute 25, 1
   9              		.eabi_attribute 26, 1
  10              		.eabi_attribute 30, 1
  11              		.eabi_attribute 34, 0
  12              		.eabi_attribute 18, 4
  13              		.thumb
  14              		.syntax unified
  15              		.file	"protocol.c"
  16              		.text
  17              	.Ltext0:
  18              		.cfi_sections	.debug_frame
  19              		.section	.text.protocol_init,"ax",%progbits
  20              		.align	2
  21              		.global	protocol_init
  22              		.code	16
  23              		.thumb_func
  24              		.type	protocol_init, %function
  25              	protocol_init:
  26              	.LFB34:
  27              		.file 1 "protocol.c"
   1:protocol.c    **** #include "lab.h"
   2:protocol.c    **** 
   3:protocol.c    **** void protocol_init(void){
  28              		.loc 1 3 0
  29              		.cfi_startproc
  30              		@ args = 0, pretend = 0, frame = 0
  31              		@ frame_needed = 0, uses_anonymous_args = 0
  32 0000 10B5     		push	{r4, lr}
  33              		.cfi_def_cfa_offset 8
  34              		.cfi_offset 4, -8
  35              		.cfi_offset 14, -4
   4:protocol.c    ****     algorithm_init();
  36              		.loc 1 4 0
  37 0002 FFF7FEFF 		bl	algorithm_init
  38              	.LVL0:
   5:protocol.c    ****     lcd_stop();
  39              		.loc 1 5 0
  40 0006 FFF7FEFF 		bl	lcd_stop
  41              	.LVL1:
   6:protocol.c    ****     enc_init();
  42              		.loc 1 6 0
  43 000a FFF7FEFF 		bl	enc_init
  44              	.LVL2:
   7:protocol.c    **** }...
  45              		.loc 1 7 0
  46              		@ sp needed
  47 000e 10BD     		pop	{r4, pc}
  48              		.cfi_endproc
  49              	.LFE34:
  50              		.size	protocol_init, .-protocol_init
ARM GAS  C:\Users\ADMIN\AppData\Local\Temp\cctedVFL.s 			page 2


  51              		.text
  52              	.Letext0:
  53              		.file 2 "algorithm.h"
  54              		.file 3 "lcd_status_rotor.h"
  55              		.section	.debug_info,"",%progbits
  56              	.Ldebug_info0:
  57 0000 DD000000 		.4byte	0xdd
  58 0004 0400     		.2byte	0x4
  59 0006 00000000 		.4byte	.Ldebug_abbrev0
  60 000a 04       		.byte	0x4
  61 000b 01       		.uleb128 0x1
  62 000c 8D000000 		.4byte	.LASF17
  63 0010 0C       		.byte	0xc
  64 0011 82010000 		.4byte	.LASF18
  65 0015 3A010000 		.4byte	.LASF19
  66 0019 00000000 		.4byte	.Ldebug_ranges0+0
  67 001d 00000000 		.4byte	0
  68 0021 00000000 		.4byte	.Ldebug_line0
  69 0025 02       		.uleb128 0x2
  70 0026 01       		.byte	0x1
  71 0027 06       		.byte	0x6
  72 0028 2E010000 		.4byte	.LASF0
  73 002c 02       		.uleb128 0x2
  74 002d 01       		.byte	0x1
  75 002e 08       		.byte	0x8
  76 002f 4A000000 		.4byte	.LASF1
  77 0033 02       		.uleb128 0x2
  78 0034 02       		.byte	0x2
  79 0035 05       		.byte	0x5
  80 0036 69010000 		.4byte	.LASF2
  81 003a 02       		.uleb128 0x2
  82 003b 02       		.byte	0x2
  83 003c 07       		.byte	0x7
  84 003d 1B010000 		.4byte	.LASF3
  85 0041 02       		.uleb128 0x2
  86 0042 04       		.byte	0x4
  87 0043 05       		.byte	0x5
  88 0044 84000000 		.4byte	.LASF4
  89 0048 02       		.uleb128 0x2
  90 0049 04       		.byte	0x4
  91 004a 07       		.byte	0x7
  92 004b 6B000000 		.4byte	.LASF5
  93 004f 02       		.uleb128 0x2
  94 0050 08       		.byte	0x8
  95 0051 05       		.byte	0x5
  96 0052 00000000 		.4byte	.LASF6
  97 0056 02       		.uleb128 0x2
  98 0057 08       		.byte	0x8
  99 0058 07       		.byte	0x7
 100 0059 2D000000 		.4byte	.LASF7
 101 005d 03       		.uleb128 0x3
 102 005e 04       		.byte	0x4
 103 005f 05       		.byte	0x5
 104 0060 696E7400 		.ascii	"int\000"
 105 0064 02       		.uleb128 0x2
 106 0065 04       		.byte	0x4
 107 0066 07       		.byte	0x7
ARM GAS  C:\Users\ADMIN\AppData\Local\Temp\cctedVFL.s 			page 3


 108 0067 0E000000 		.4byte	.LASF8
 109 006b 02       		.uleb128 0x2
 110 006c 04       		.byte	0x4
 111 006d 04       		.byte	0x4
 112 006e 44000000 		.4byte	.LASF9
 113 0072 02       		.uleb128 0x2
 114 0073 08       		.byte	0x8
 115 0074 04       		.byte	0x4
 116 0075 7D000000 		.4byte	.LASF10
 117 0079 02       		.uleb128 0x2
 118 007a 01       		.byte	0x1
 119 007b 08       		.byte	0x8
 120 007c 58000000 		.4byte	.LASF11
 121 0080 02       		.uleb128 0x2
 122 0081 08       		.byte	0x8
 123 0082 04       		.byte	0x4
 124 0083 5D010000 		.4byte	.LASF12
 125 0087 02       		.uleb128 0x2
 126 0088 04       		.byte	0x4
 127 0089 07       		.byte	0x7
 128 008a 8D010000 		.4byte	.LASF13
 129 008e 04       		.uleb128 0x4
 130 008f 5D000000 		.4byte	.LASF20
 131 0093 01       		.byte	0x1
 132 0094 03       		.byte	0x3
 133 0095 00000000 		.4byte	.LFB34
 134 0099 10000000 		.4byte	.LFE34-.LFB34
 135 009d 01       		.uleb128 0x1
 136 009e 9C       		.byte	0x9c
 137 009f BF000000 		.4byte	0xbf
 138 00a3 05       		.uleb128 0x5
 139 00a4 06000000 		.4byte	.LVL0
 140 00a8 BF000000 		.4byte	0xbf
 141 00ac 05       		.uleb128 0x5
 142 00ad 0A000000 		.4byte	.LVL1
 143 00b1 CA000000 		.4byte	0xca
 144 00b5 05       		.uleb128 0x5
 145 00b6 0E000000 		.4byte	.LVL2
 146 00ba D5000000 		.4byte	0xd5
 147 00be 00       		.byte	0
 148 00bf 06       		.uleb128 0x6
 149 00c0 73010000 		.4byte	.LASF14
 150 00c4 73010000 		.4byte	.LASF14
 151 00c8 02       		.byte	0x2
 152 00c9 04       		.byte	0x4
 153 00ca 06       		.uleb128 0x6
 154 00cb 1B000000 		.4byte	.LASF15
 155 00cf 1B000000 		.4byte	.LASF15
 156 00d3 03       		.byte	0x3
 157 00d4 04       		.byte	0x4
 158 00d5 06       		.uleb128 0x6
 159 00d6 24000000 		.4byte	.LASF16
 160 00da 24000000 		.4byte	.LASF16
 161 00de 02       		.byte	0x2
 162 00df 05       		.byte	0x5
 163 00e0 00       		.byte	0
 164              		.section	.debug_abbrev,"",%progbits
ARM GAS  C:\Users\ADMIN\AppData\Local\Temp\cctedVFL.s 			page 4


 165              	.Ldebug_abbrev0:
 166 0000 01       		.uleb128 0x1
 167 0001 11       		.uleb128 0x11
 168 0002 01       		.byte	0x1
 169 0003 25       		.uleb128 0x25
 170 0004 0E       		.uleb128 0xe
 171 0005 13       		.uleb128 0x13
 172 0006 0B       		.uleb128 0xb
 173 0007 03       		.uleb128 0x3
 174 0008 0E       		.uleb128 0xe
 175 0009 1B       		.uleb128 0x1b
 176 000a 0E       		.uleb128 0xe
 177 000b 55       		.uleb128 0x55
 178 000c 17       		.uleb128 0x17
 179 000d 11       		.uleb128 0x11
 180 000e 01       		.uleb128 0x1
 181 000f 10       		.uleb128 0x10
 182 0010 17       		.uleb128 0x17
 183 0011 00       		.byte	0
 184 0012 00       		.byte	0
 185 0013 02       		.uleb128 0x2
 186 0014 24       		.uleb128 0x24
 187 0015 00       		.byte	0
 188 0016 0B       		.uleb128 0xb
 189 0017 0B       		.uleb128 0xb
 190 0018 3E       		.uleb128 0x3e
 191 0019 0B       		.uleb128 0xb
 192 001a 03       		.uleb128 0x3
 193 001b 0E       		.uleb128 0xe
 194 001c 00       		.byte	0
 195 001d 00       		.byte	0
 196 001e 03       		.uleb128 0x3
 197 001f 24       		.uleb128 0x24
 198 0020 00       		.byte	0
 199 0021 0B       		.uleb128 0xb
 200 0022 0B       		.uleb128 0xb
 201 0023 3E       		.uleb128 0x3e
 202 0024 0B       		.uleb128 0xb
 203 0025 03       		.uleb128 0x3
 204 0026 08       		.uleb128 0x8
 205 0027 00       		.byte	0
 206 0028 00       		.byte	0
 207 0029 04       		.uleb128 0x4
 208 002a 2E       		.uleb128 0x2e
 209 002b 01       		.byte	0x1
 210 002c 3F       		.uleb128 0x3f
 211 002d 19       		.uleb128 0x19
 212 002e 03       		.uleb128 0x3
 213 002f 0E       		.uleb128 0xe
 214 0030 3A       		.uleb128 0x3a
 215 0031 0B       		.uleb128 0xb
 216 0032 3B       		.uleb128 0x3b
 217 0033 0B       		.uleb128 0xb
 218 0034 27       		.uleb128 0x27
 219 0035 19       		.uleb128 0x19
 220 0036 11       		.uleb128 0x11
 221 0037 01       		.uleb128 0x1
ARM GAS  C:\Users\ADMIN\AppData\Local\Temp\cctedVFL.s 			page 5


 222 0038 12       		.uleb128 0x12
 223 0039 06       		.uleb128 0x6
 224 003a 40       		.uleb128 0x40
 225 003b 18       		.uleb128 0x18
 226 003c 9742     		.uleb128 0x2117
 227 003e 19       		.uleb128 0x19
 228 003f 01       		.uleb128 0x1
 229 0040 13       		.uleb128 0x13
 230 0041 00       		.byte	0
 231 0042 00       		.byte	0
 232 0043 05       		.uleb128 0x5
 233 0044 898201   		.uleb128 0x4109
 234 0047 00       		.byte	0
 235 0048 11       		.uleb128 0x11
 236 0049 01       		.uleb128 0x1
 237 004a 31       		.uleb128 0x31
 238 004b 13       		.uleb128 0x13
 239 004c 00       		.byte	0
 240 004d 00       		.byte	0
 241 004e 06       		.uleb128 0x6
 242 004f 2E       		.uleb128 0x2e
 243 0050 00       		.byte	0
 244 0051 3F       		.uleb128 0x3f
 245 0052 19       		.uleb128 0x19
 246 0053 3C       		.uleb128 0x3c
 247 0054 19       		.uleb128 0x19
 248 0055 6E       		.uleb128 0x6e
 249 0056 0E       		.uleb128 0xe
 250 0057 03       		.uleb128 0x3
 251 0058 0E       		.uleb128 0xe
 252 0059 3A       		.uleb128 0x3a
 253 005a 0B       		.uleb128 0xb
 254 005b 3B       		.uleb128 0x3b
 255 005c 0B       		.uleb128 0xb
 256 005d 00       		.byte	0
 257 005e 00       		.byte	0
 258 005f 00       		.byte	0
 259              		.section	.debug_aranges,"",%progbits
 260 0000 1C000000 		.4byte	0x1c
 261 0004 0200     		.2byte	0x2
 262 0006 00000000 		.4byte	.Ldebug_info0
 263 000a 04       		.byte	0x4
 264 000b 00       		.byte	0
 265 000c 0000     		.2byte	0
 266 000e 0000     		.2byte	0
 267 0010 00000000 		.4byte	.LFB34
 268 0014 10000000 		.4byte	.LFE34-.LFB34
 269 0018 00000000 		.4byte	0
 270 001c 00000000 		.4byte	0
 271              		.section	.debug_ranges,"",%progbits
 272              	.Ldebug_ranges0:
 273 0000 00000000 		.4byte	.LFB34
 274 0004 10000000 		.4byte	.LFE34
 275 0008 00000000 		.4byte	0
 276 000c 00000000 		.4byte	0
 277              		.section	.debug_line,"",%progbits
 278              	.Ldebug_line0:
ARM GAS  C:\Users\ADMIN\AppData\Local\Temp\cctedVFL.s 			page 6


 279 0000 5D000000 		.section	.debug_str,"MS",%progbits,1
 279      02004600 
 279      00000201 
 279      FB0E0D00 
 279      01010101 
 280              	.LASF6:
 281 0000 6C6F6E67 		.ascii	"long long int\000"
 281      206C6F6E 
 281      6720696E 
 281      7400
 282              	.LASF8:
 283 000e 756E7369 		.ascii	"unsigned int\000"
 283      676E6564 
 283      20696E74 
 283      00
 284              	.LASF15:
 285 001b 6C63645F 		.ascii	"lcd_stop\000"
 285      73746F70 
 285      00
 286              	.LASF16:
 287 0024 656E635F 		.ascii	"enc_init\000"
 287      696E6974 
 287      00
 288              	.LASF7:
 289 002d 6C6F6E67 		.ascii	"long long unsigned int\000"
 289      206C6F6E 
 289      6720756E 
 289      7369676E 
 289      65642069 
 290              	.LASF9:
 291 0044 666C6F61 		.ascii	"float\000"
 291      7400
 292              	.LASF1:
 293 004a 756E7369 		.ascii	"unsigned char\000"
 293      676E6564 
 293      20636861 
 293      7200
 294              	.LASF11:
 295 0058 63686172 		.ascii	"char\000"
 295      00
 296              	.LASF20:
 297 005d 70726F74 		.ascii	"protocol_init\000"
 297      6F636F6C 
 297      5F696E69 
 297      7400
 298              	.LASF5:
 299 006b 6C6F6E67 		.ascii	"long unsigned int\000"
 299      20756E73 
 299      69676E65 
 299      6420696E 
 299      7400
 300              	.LASF10:
 301 007d 646F7562 		.ascii	"double\000"
 301      6C6500
 302              	.LASF4:
 303 0084 6C6F6E67 		.ascii	"long int\000"
 303      20696E74 
ARM GAS  C:\Users\ADMIN\AppData\Local\Temp\cctedVFL.s 			page 7


 303      00
 304              	.LASF17:
 305 008d 474E5520 		.ascii	"GNU C11 5.4.1 20160609 (release) [ARM/embedded-5-br"
 305      43313120 
 305      352E342E 
 305      31203230 
 305      31363036 
 306 00c0 616E6368 		.ascii	"anch revision 237715] -mcpu=cortex-m0 -mthumb -g -O"
 306      20726576 
 306      6973696F 
 306      6E203233 
 306      37373135 
 307 00f3 67202D66 		.ascii	"g -ffunction-sections -ffat-lto-objects\000"
 307      66756E63 
 307      74696F6E 
 307      2D736563 
 307      74696F6E 
 308              	.LASF3:
 309 011b 73686F72 		.ascii	"short unsigned int\000"
 309      7420756E 
 309      7369676E 
 309      65642069 
 309      6E7400
 310              	.LASF0:
 311 012e 7369676E 		.ascii	"signed char\000"
 311      65642063 
 311      68617200 
 312              	.LASF19:
 313 013a 443A5C50 		.ascii	"D:\\Programming\\PSoC\\Lab\\Lab5.cydsn\000"
 313      726F6772 
 313      616D6D69 
 313      6E675C50 
 313      536F435C 
 314              	.LASF12:
 315 015d 6C6F6E67 		.ascii	"long double\000"
 315      20646F75 
 315      626C6500 
 316              	.LASF2:
 317 0169 73686F72 		.ascii	"short int\000"
 317      7420696E 
 317      7400
 318              	.LASF14:
 319 0173 616C676F 		.ascii	"algorithm_init\000"
 319      72697468 
 319      6D5F696E 
 319      697400
 320              	.LASF18:
 321 0182 70726F74 		.ascii	"protocol.c\000"
 321      6F636F6C 
 321      2E6300
 322              	.LASF13:
 323 018d 73697A65 		.ascii	"sizetype\000"
 323      74797065 
 323      00
 324              		.ident	"GCC: (GNU Tools for ARM Embedded Processors) 5.4.1 20160609 (release) [ARM/embedded-5-bran
